-- The C compiler identification is GNU 9.4.0
-- The CXX compiler identification is GNU 9.4.0
-- Check for working C compiler: /usr/bin/cc
-- Check for working C compiler: /usr/bin/cc -- works
-- Detecting C compiler ABI info
-- Detecting C compiler ABI info - done
-- Detecting C compile features
-- Detecting C compile features - done
-- Check for working CXX compiler: /usr/bin/c++
-- Check for working CXX compiler: /usr/bin/c++ -- works
-- Detecting CXX compiler ABI info
-- Detecting CXX compiler ABI info - done
-- Detecting CXX compile features
-- Detecting CXX compile features - done
-- Found ament_cmake: 1.3.6 (/opt/ros/humble/share/ament_cmake/cmake)
-- Found Python3: /usr/bin/python3.9 (found version "3.9.5") found components: Interpreter 
-- Found interfaces_pkg: 0.0.0 (/ssd/home/edt/Documents/lunabotics_ros_ws/install/interfaces_pkg/share/interfaces_pkg/cmake)
-- Found rosidl_generator_c: 3.1.5 (/opt/ros/humble/share/rosidl_generator_c/cmake)
-- Found rosidl_adapter: 3.1.5 (/opt/ros/humble/share/rosidl_adapter/cmake)
-- Found rosidl_generator_cpp: 3.1.5 (/opt/ros/humble/share/rosidl_generator_cpp/cmake)
-- Using all available rosidl_typesupport_c: rosidl_typesupport_fastrtps_c;rosidl_typesupport_introspection_c
-- Using all available rosidl_typesupport_cpp: rosidl_typesupport_fastrtps_cpp;rosidl_typesupport_introspection_cpp
-- Found rclcpp: 16.0.7 (/opt/ros/humble/share/rclcpp/cmake)
-- Found rmw_implementation_cmake: 6.1.1 (/opt/ros/humble/share/rmw_implementation_cmake/cmake)
-- Found rmw_fastrtps_cpp: 6.2.5 (/opt/ros/humble/share/rmw_fastrtps_cpp/cmake)
-- Found OpenSSL: /usr/lib/aarch64-linux-gnu/libcrypto.so (found version "1.1.1f")  
-- Found FastRTPS: /opt/ros/humble/include  
-- Using RMW implementation 'rmw_fastrtps_cpp' as default
-- Looking for pthread.h
-- Looking for pthread.h - found
-- Performing Test CMAKE_HAVE_LIBC_PTHREAD
-- Performing Test CMAKE_HAVE_LIBC_PTHREAD - Failed
-- Looking for pthread_create in pthreads
-- Looking for pthread_create in pthreads - not found
-- Looking for pthread_create in pthread
-- Looking for pthread_create in pthread - found
-- Found Threads: TRUE  
-- Found ament_lint_auto: 0.12.9 (/opt/ros/humble/share/ament_lint_auto/cmake)
-- Added test 'cppcheck' to perform static code analysis on C / C++ code
-- Configured cppcheck include dirs: 
-- Configured cppcheck exclude dirs and/or files: 
-- Added test 'lint_cmake' to check CMake code style
-- Added test 'uncrustify' to check C / C++ code style
-- Configured uncrustify additional arguments: 
-- Added test 'xmllint' to check XML markup files
-- Configuring done
-- Generating done
-- Build files have been written to: /ssd/home/edt/Documents/lunabotics_ros_ws/build/motor_control_pkg
[35m[1mScanning dependencies of target scoop[0m
[35m[1mScanning dependencies of target drivetrain[0m
[ 25%] [32mBuilding CXX object CMakeFiles/drivetrain.dir/src/drivetrain.cpp.o[0m
[ 50%] [32mBuilding CXX object CMakeFiles/scoop.dir/src/scoop.cpp.o[0m
[ 75%] [32m[1mLinking CXX executable drivetrain[0m
[100%] [32m[1mLinking CXX executable scoop[0m
[100%] Built target drivetrain
[100%] Built target scoop
-- Install configuration: ""
-- Installing: /ssd/home/edt/Documents/lunabotics_ros_ws/install/motor_control_pkg/lib/motor_control_pkg/drivetrain
-- Set runtime path of "/ssd/home/edt/Documents/lunabotics_ros_ws/install/motor_control_pkg/lib/motor_control_pkg/drivetrain" to ""
-- Installing: /ssd/home/edt/Documents/lunabotics_ros_ws/install/motor_control_pkg/lib/motor_control_pkg/scoop
-- Set runtime path of "/ssd/home/edt/Documents/lunabotics_ros_ws/install/motor_control_pkg/lib/motor_control_pkg/scoop" to ""
-- Installing: /ssd/home/edt/Documents/lunabotics_ros_ws/install/motor_control_pkg/share/ament_index/resource_index/package_run_dependencies/motor_control_pkg
-- Installing: /ssd/home/edt/Documents/lunabotics_ros_ws/install/motor_control_pkg/share/ament_index/resource_index/parent_prefix_path/motor_control_pkg
-- Installing: /ssd/home/edt/Documents/lunabotics_ros_ws/install/motor_control_pkg/share/motor_control_pkg/environment/ament_prefix_path.sh
-- Installing: /ssd/home/edt/Documents/lunabotics_ros_ws/install/motor_control_pkg/share/motor_control_pkg/environment/ament_prefix_path.dsv
-- Installing: /ssd/home/edt/Documents/lunabotics_ros_ws/install/motor_control_pkg/share/motor_control_pkg/environment/path.sh
-- Installing: /ssd/home/edt/Documents/lunabotics_ros_ws/install/motor_control_pkg/share/motor_control_pkg/environment/path.dsv
-- Installing: /ssd/home/edt/Documents/lunabotics_ros_ws/install/motor_control_pkg/share/motor_control_pkg/local_setup.bash
-- Installing: /ssd/home/edt/Documents/lunabotics_ros_ws/install/motor_control_pkg/share/motor_control_pkg/local_setup.sh
-- Installing: /ssd/home/edt/Documents/lunabotics_ros_ws/install/motor_control_pkg/share/motor_control_pkg/local_setup.zsh
-- Installing: /ssd/home/edt/Documents/lunabotics_ros_ws/install/motor_control_pkg/share/motor_control_pkg/local_setup.dsv
-- Installing: /ssd/home/edt/Documents/lunabotics_ros_ws/install/motor_control_pkg/share/motor_control_pkg/package.dsv
-- Installing: /ssd/home/edt/Documents/lunabotics_ros_ws/install/motor_control_pkg/share/ament_index/resource_index/packages/motor_control_pkg
-- Installing: /ssd/home/edt/Documents/lunabotics_ros_ws/install/motor_control_pkg/share/motor_control_pkg/cmake/motor_control_pkgConfig.cmake
-- Installing: /ssd/home/edt/Documents/lunabotics_ros_ws/install/motor_control_pkg/share/motor_control_pkg/cmake/motor_control_pkgConfig-version.cmake
-- Installing: /ssd/home/edt/Documents/lunabotics_ros_ws/install/motor_control_pkg/share/motor_control_pkg/package.xml
