[1.344s] DEBUG:colcon:Command line arguments: ['/usr/bin/colcon', 'build', '--packages-select', 'brain_pkg']
[1.344s] DEBUG:colcon:Parsed command line arguments: Namespace(allow_overriding=[], ament_cmake_args=None, base_paths=['.'], build_base='build', catkin_cmake_args=None, catkin_skip_building_tests=False, cmake_args=None, cmake_clean_cache=False, cmake_clean_first=False, cmake_force_configure=False, cmake_target=None, cmake_target_skip_unavailable=False, continue_on_error=False, event_handlers=None, executor='parallel', ignore_user_meta=False, install_base='install', log_base=None, log_level=None, main=<bound method BuildVerb.main of <colcon_core.verb.build.BuildVerb object at 0xffff9aad5670>>, merge_install=False, metas=['./colcon.meta'], packages_above=None, packages_above_and_dependencies=None, packages_above_depth=None, packages_end=None, packages_ignore=None, packages_ignore_regex=None, packages_select=['brain_pkg'], packages_select_build_failed=False, packages_select_by_dep=None, packages_select_regex=None, packages_select_test_failures=False, packages_skip=None, packages_skip_build_finished=False, packages_skip_by_dep=None, packages_skip_regex=None, packages_skip_test_passed=False, packages_skip_up_to=None, packages_start=None, packages_up_to=None, packages_up_to_regex=None, parallel_workers=6, paths=None, symlink_install=False, test_result_base=None, verb_extension=<colcon_core.verb.build.BuildVerb object at 0xffff9aad5670>, verb_name='build', verb_parser=<colcon_defaults.argument_parser.defaults.DefaultArgumentsDecorator object at 0xffff9aa1f820>)
[2.397s] Level 1:colcon.colcon_core.package_discovery:discover_packages(colcon_meta) check parameters
[2.397s] Level 1:colcon.colcon_core.package_discovery:discover_packages(recursive) check parameters
[2.398s] Level 1:colcon.colcon_core.package_discovery:discover_packages(ignore) check parameters
[2.398s] Level 1:colcon.colcon_core.package_discovery:discover_packages(path) check parameters
[2.398s] Level 1:colcon.colcon_core.package_discovery:discover_packages(colcon_meta) discover
[2.398s] Level 1:colcon.colcon_core.package_discovery:discover_packages(recursive) discover
[2.398s] INFO:colcon.colcon_core.package_discovery:Crawling recursively for packages in '/ssd/home/edt/Documents/lunabotics_ros_ws'
[2.398s] Level 1:colcon.colcon_core.package_identification:_identify(.) by extensions ['ignore', 'ignore_ament_install']
[2.399s] Level 1:colcon.colcon_core.package_identification:_identify(.) by extension 'ignore'
[2.399s] Level 1:colcon.colcon_core.package_identification:_identify(.) by extension 'ignore_ament_install'
[2.399s] Level 1:colcon.colcon_core.package_identification:_identify(.) by extensions ['colcon_pkg']
[2.399s] Level 1:colcon.colcon_core.package_identification:_identify(.) by extension 'colcon_pkg'
[2.399s] Level 1:colcon.colcon_core.package_identification:_identify(.) by extensions ['colcon_meta']
[2.399s] Level 1:colcon.colcon_core.package_identification:_identify(.) by extension 'colcon_meta'
[2.399s] Level 1:colcon.colcon_core.package_identification:_identify(.) by extensions ['ros']
[2.399s] Level 1:colcon.colcon_core.package_identification:_identify(.) by extension 'ros'
[2.432s] Level 1:colcon.colcon_core.package_identification:_identify(.) by extensions ['cmake', 'python']
[2.432s] Level 1:colcon.colcon_core.package_identification:_identify(.) by extension 'cmake'
[2.432s] Level 1:colcon.colcon_core.package_identification:_identify(.) by extension 'python'
[2.432s] Level 1:colcon.colcon_core.package_identification:_identify(.) by extensions ['python_setup_py']
[2.432s] Level 1:colcon.colcon_core.package_identification:_identify(.) by extension 'python_setup_py'
[2.433s] Level 1:colcon.colcon_core.package_identification:_identify(build) by extensions ['ignore', 'ignore_ament_install']
[2.433s] Level 1:colcon.colcon_core.package_identification:_identify(build) by extension 'ignore'
[2.433s] Level 1:colcon.colcon_core.package_identification:_identify(build) ignored
[2.433s] Level 1:colcon.colcon_core.package_identification:_identify(install) by extensions ['ignore', 'ignore_ament_install']
[2.434s] Level 1:colcon.colcon_core.package_identification:_identify(install) by extension 'ignore'
[2.434s] Level 1:colcon.colcon_core.package_identification:_identify(install) ignored
[2.434s] Level 1:colcon.colcon_core.package_identification:_identify(log) by extensions ['ignore', 'ignore_ament_install']
[2.434s] Level 1:colcon.colcon_core.package_identification:_identify(log) by extension 'ignore'
[2.434s] Level 1:colcon.colcon_core.package_identification:_identify(log) ignored
[2.435s] Level 1:colcon.colcon_core.package_identification:_identify(src) by extensions ['ignore', 'ignore_ament_install']
[2.435s] Level 1:colcon.colcon_core.package_identification:_identify(src) by extension 'ignore'
[2.435s] Level 1:colcon.colcon_core.package_identification:_identify(src) by extension 'ignore_ament_install'
[2.435s] Level 1:colcon.colcon_core.package_identification:_identify(src) by extensions ['colcon_pkg']
[2.435s] Level 1:colcon.colcon_core.package_identification:_identify(src) by extension 'colcon_pkg'
[2.435s] Level 1:colcon.colcon_core.package_identification:_identify(src) by extensions ['colcon_meta']
[2.435s] Level 1:colcon.colcon_core.package_identification:_identify(src) by extension 'colcon_meta'
[2.435s] Level 1:colcon.colcon_core.package_identification:_identify(src) by extensions ['ros']
[2.435s] Level 1:colcon.colcon_core.package_identification:_identify(src) by extension 'ros'
[2.436s] Level 1:colcon.colcon_core.package_identification:_identify(src) by extensions ['cmake', 'python']
[2.436s] Level 1:colcon.colcon_core.package_identification:_identify(src) by extension 'cmake'
[2.436s] Level 1:colcon.colcon_core.package_identification:_identify(src) by extension 'python'
[2.436s] Level 1:colcon.colcon_core.package_identification:_identify(src) by extensions ['python_setup_py']
[2.436s] Level 1:colcon.colcon_core.package_identification:_identify(src) by extension 'python_setup_py'
[2.436s] Level 1:colcon.colcon_core.package_identification:_identify(src/brain_pkg) by extensions ['ignore', 'ignore_ament_install']
[2.436s] Level 1:colcon.colcon_core.package_identification:_identify(src/brain_pkg) by extension 'ignore'
[2.436s] Level 1:colcon.colcon_core.package_identification:_identify(src/brain_pkg) by extension 'ignore_ament_install'
[2.437s] Level 1:colcon.colcon_core.package_identification:_identify(src/brain_pkg) by extensions ['colcon_pkg']
[2.437s] Level 1:colcon.colcon_core.package_identification:_identify(src/brain_pkg) by extension 'colcon_pkg'
[2.437s] Level 1:colcon.colcon_core.package_identification:_identify(src/brain_pkg) by extensions ['colcon_meta']
[2.437s] Level 1:colcon.colcon_core.package_identification:_identify(src/brain_pkg) by extension 'colcon_meta'
[2.437s] Level 1:colcon.colcon_core.package_identification:_identify(src/brain_pkg) by extensions ['ros']
[2.437s] Level 1:colcon.colcon_core.package_identification:_identify(src/brain_pkg) by extension 'ros'
[2.583s] DEBUG:colcon.colcon_core.package_identification:Package 'src/brain_pkg' with type 'ros.ament_python' and name 'brain_pkg'
[2.584s] Level 1:colcon.colcon_core.package_identification:_identify(src/interfaces_pkg) by extensions ['ignore', 'ignore_ament_install']
[2.584s] Level 1:colcon.colcon_core.package_identification:_identify(src/interfaces_pkg) by extension 'ignore'
[2.585s] Level 1:colcon.colcon_core.package_identification:_identify(src/interfaces_pkg) by extension 'ignore_ament_install'
[2.585s] Level 1:colcon.colcon_core.package_identification:_identify(src/interfaces_pkg) by extensions ['colcon_pkg']
[2.585s] Level 1:colcon.colcon_core.package_identification:_identify(src/interfaces_pkg) by extension 'colcon_pkg'
[2.585s] Level 1:colcon.colcon_core.package_identification:_identify(src/interfaces_pkg) by extensions ['colcon_meta']
[2.585s] Level 1:colcon.colcon_core.package_identification:_identify(src/interfaces_pkg) by extension 'colcon_meta'
[2.585s] Level 1:colcon.colcon_core.package_identification:_identify(src/interfaces_pkg) by extensions ['ros']
[2.585s] Level 1:colcon.colcon_core.package_identification:_identify(src/interfaces_pkg) by extension 'ros'
[2.587s] DEBUG:colcon.colcon_core.package_identification:Package 'src/interfaces_pkg' with type 'ros.ament_cmake' and name 'interfaces_pkg'
[2.588s] Level 1:colcon.colcon_core.package_identification:_identify(src/motor_control_pkg) by extensions ['ignore', 'ignore_ament_install']
[2.588s] Level 1:colcon.colcon_core.package_identification:_identify(src/motor_control_pkg) by extension 'ignore'
[2.588s] Level 1:colcon.colcon_core.package_identification:_identify(src/motor_control_pkg) by extension 'ignore_ament_install'
[2.588s] Level 1:colcon.colcon_core.package_identification:_identify(src/motor_control_pkg) by extensions ['colcon_pkg']
[2.588s] Level 1:colcon.colcon_core.package_identification:_identify(src/motor_control_pkg) by extension 'colcon_pkg'
[2.589s] Level 1:colcon.colcon_core.package_identification:_identify(src/motor_control_pkg) by extensions ['colcon_meta']
[2.589s] Level 1:colcon.colcon_core.package_identification:_identify(src/motor_control_pkg) by extension 'colcon_meta'
[2.589s] Level 1:colcon.colcon_core.package_identification:_identify(src/motor_control_pkg) by extensions ['ros']
[2.589s] Level 1:colcon.colcon_core.package_identification:_identify(src/motor_control_pkg) by extension 'ros'
[2.591s] DEBUG:colcon.colcon_core.package_identification:Package 'src/motor_control_pkg' with type 'ros.ament_cmake' and name 'motor_control_pkg'
[2.591s] Level 1:colcon.colcon_core.package_identification:_identify(src/navigation_pkg) by extensions ['ignore', 'ignore_ament_install']
[2.592s] Level 1:colcon.colcon_core.package_identification:_identify(src/navigation_pkg) by extension 'ignore'
[2.592s] Level 1:colcon.colcon_core.package_identification:_identify(src/navigation_pkg) by extension 'ignore_ament_install'
[2.592s] Level 1:colcon.colcon_core.package_identification:_identify(src/navigation_pkg) by extensions ['colcon_pkg']
[2.592s] Level 1:colcon.colcon_core.package_identification:_identify(src/navigation_pkg) by extension 'colcon_pkg'
[2.592s] Level 1:colcon.colcon_core.package_identification:_identify(src/navigation_pkg) by extensions ['colcon_meta']
[2.592s] Level 1:colcon.colcon_core.package_identification:_identify(src/navigation_pkg) by extension 'colcon_meta'
[2.592s] Level 1:colcon.colcon_core.package_identification:_identify(src/navigation_pkg) by extensions ['ros']
[2.592s] Level 1:colcon.colcon_core.package_identification:_identify(src/navigation_pkg) by extension 'ros'
[2.594s] DEBUG:colcon.colcon_core.package_identification:Package 'src/navigation_pkg' with type 'ros.ament_python' and name 'navigation_pkg'
[2.595s] Level 1:colcon.colcon_core.package_identification:_identify(src/sensors_pkg) by extensions ['ignore', 'ignore_ament_install']
[2.595s] Level 1:colcon.colcon_core.package_identification:_identify(src/sensors_pkg) by extension 'ignore'
[2.595s] Level 1:colcon.colcon_core.package_identification:_identify(src/sensors_pkg) by extension 'ignore_ament_install'
[2.595s] Level 1:colcon.colcon_core.package_identification:_identify(src/sensors_pkg) by extensions ['colcon_pkg']
[2.595s] Level 1:colcon.colcon_core.package_identification:_identify(src/sensors_pkg) by extension 'colcon_pkg'
[2.595s] Level 1:colcon.colcon_core.package_identification:_identify(src/sensors_pkg) by extensions ['colcon_meta']
[2.595s] Level 1:colcon.colcon_core.package_identification:_identify(src/sensors_pkg) by extension 'colcon_meta'
[2.595s] Level 1:colcon.colcon_core.package_identification:_identify(src/sensors_pkg) by extensions ['ros']
[2.596s] Level 1:colcon.colcon_core.package_identification:_identify(src/sensors_pkg) by extension 'ros'
[2.597s] DEBUG:colcon.colcon_core.package_identification:Package 'src/sensors_pkg' with type 'ros.ament_python' and name 'sensors_pkg'
[2.598s] Level 1:colcon.colcon_core.package_identification:_identify(src/webgui_pkg) by extensions ['ignore', 'ignore_ament_install']
[2.598s] Level 1:colcon.colcon_core.package_identification:_identify(src/webgui_pkg) by extension 'ignore'
[2.598s] Level 1:colcon.colcon_core.package_identification:_identify(src/webgui_pkg) by extension 'ignore_ament_install'
[2.598s] Level 1:colcon.colcon_core.package_identification:_identify(src/webgui_pkg) by extensions ['colcon_pkg']
[2.598s] Level 1:colcon.colcon_core.package_identification:_identify(src/webgui_pkg) by extension 'colcon_pkg'
[2.598s] Level 1:colcon.colcon_core.package_identification:_identify(src/webgui_pkg) by extensions ['colcon_meta']
[2.598s] Level 1:colcon.colcon_core.package_identification:_identify(src/webgui_pkg) by extension 'colcon_meta'
[2.598s] Level 1:colcon.colcon_core.package_identification:_identify(src/webgui_pkg) by extensions ['ros']
[2.599s] Level 1:colcon.colcon_core.package_identification:_identify(src/webgui_pkg) by extension 'ros'
[2.600s] DEBUG:colcon.colcon_core.package_identification:Package 'src/webgui_pkg' with type 'ros.ament_python' and name 'webgui_pkg'
[2.600s] Level 1:colcon.colcon_core.package_discovery:discover_packages(recursive) using defaults
[2.600s] Level 1:colcon.colcon_core.package_discovery:discover_packages(ignore) discover
[2.600s] Level 1:colcon.colcon_core.package_discovery:discover_packages(ignore) using defaults
[2.600s] Level 1:colcon.colcon_core.package_discovery:discover_packages(path) discover
[2.600s] Level 1:colcon.colcon_core.package_discovery:discover_packages(path) using defaults
[2.658s] INFO:colcon.colcon_core.package_selection:Skipping not selected package 'interfaces_pkg' in 'src/interfaces_pkg'
[2.658s] INFO:colcon.colcon_core.package_selection:Skipping not selected package 'navigation_pkg' in 'src/navigation_pkg'
[2.659s] INFO:colcon.colcon_core.package_selection:Skipping not selected package 'sensors_pkg' in 'src/sensors_pkg'
[2.659s] INFO:colcon.colcon_core.package_selection:Skipping not selected package 'webgui_pkg' in 'src/webgui_pkg'
[2.659s] INFO:colcon.colcon_core.package_selection:Skipping not selected package 'motor_control_pkg' in 'src/motor_control_pkg'
[2.660s] Level 1:colcon.colcon_core.package_discovery:discover_packages(prefix_path) check parameters
[2.660s] Level 1:colcon.colcon_core.package_discovery:discover_packages(prefix_path) discover
[2.665s] Level 1:colcon.colcon_core.package_discovery:discover_packages(prefix_path) using defaults
[2.669s] Level 5:colcon.colcon_core.verb:set package 'brain_pkg' build argument 'cmake_args' from command line to 'None'
[2.669s] Level 5:colcon.colcon_core.verb:set package 'brain_pkg' build argument 'cmake_target' from command line to 'None'
[2.669s] Level 5:colcon.colcon_core.verb:set package 'brain_pkg' build argument 'cmake_target_skip_unavailable' from command line to 'False'
[2.669s] Level 5:colcon.colcon_core.verb:set package 'brain_pkg' build argument 'cmake_clean_cache' from command line to 'False'
[2.669s] Level 5:colcon.colcon_core.verb:set package 'brain_pkg' build argument 'cmake_clean_first' from command line to 'False'
[2.669s] Level 5:colcon.colcon_core.verb:set package 'brain_pkg' build argument 'cmake_force_configure' from command line to 'False'
[2.669s] Level 5:colcon.colcon_core.verb:set package 'brain_pkg' build argument 'ament_cmake_args' from command line to 'None'
[2.669s] Level 5:colcon.colcon_core.verb:set package 'brain_pkg' build argument 'catkin_cmake_args' from command line to 'None'
[2.669s] Level 5:colcon.colcon_core.verb:set package 'brain_pkg' build argument 'catkin_skip_building_tests' from command line to 'False'
[2.669s] DEBUG:colcon.colcon_core.verb:Building package 'brain_pkg' with the following arguments: {'ament_cmake_args': None, 'build_base': '/ssd/home/edt/Documents/lunabotics_ros_ws/build/brain_pkg', 'catkin_cmake_args': None, 'catkin_skip_building_tests': False, 'cmake_args': None, 'cmake_clean_cache': False, 'cmake_clean_first': False, 'cmake_force_configure': False, 'cmake_target': None, 'cmake_target_skip_unavailable': False, 'install_base': '/ssd/home/edt/Documents/lunabotics_ros_ws/install/brain_pkg', 'merge_install': False, 'path': '/ssd/home/edt/Documents/lunabotics_ros_ws/src/brain_pkg', 'symlink_install': False, 'test_result_base': None}
[2.670s] INFO:colcon.colcon_core.executor:Executing jobs using 'parallel' executor
[2.673s] DEBUG:colcon.colcon_parallel_executor.executor.parallel:run_until_complete
[2.673s] INFO:colcon.colcon_ros.task.ament_python.build:Building ROS package in '/ssd/home/edt/Documents/lunabotics_ros_ws/src/brain_pkg' with build type 'ament_python'
[2.674s] Level 1:colcon.colcon_core.shell:create_environment_hook('brain_pkg', 'ament_prefix_path')
[2.688s] INFO:colcon.colcon_core.plugin_system:Skipping extension 'colcon_core.shell.bat': Not used on non-Windows systems
[2.689s] INFO:colcon.colcon_core.shell:Creating environment hook '/ssd/home/edt/Documents/lunabotics_ros_ws/install/brain_pkg/share/brain_pkg/hook/ament_prefix_path.ps1'
[2.692s] INFO:colcon.colcon_core.shell:Creating environment descriptor '/ssd/home/edt/Documents/lunabotics_ros_ws/install/brain_pkg/share/brain_pkg/hook/ament_prefix_path.dsv'
[2.694s] INFO:colcon.colcon_core.shell:Creating environment hook '/ssd/home/edt/Documents/lunabotics_ros_ws/install/brain_pkg/share/brain_pkg/hook/ament_prefix_path.sh'
[2.695s] INFO:colcon.colcon_core.shell:Skip shell extension 'powershell' for command environment: Not usable outside of PowerShell
[2.696s] DEBUG:colcon.colcon_core.shell:Skip shell extension 'dsv' for command environment
[3.702s] INFO:colcon.colcon_core.task.python.build:Building Python package in '/ssd/home/edt/Documents/lunabotics_ros_ws/src/brain_pkg'
[3.703s] INFO:colcon.colcon_core.shell:Skip shell extension 'powershell' for command environment: Not usable outside of PowerShell
[3.703s] DEBUG:colcon.colcon_core.shell:Skip shell extension 'dsv' for command environment
[5.941s] DEBUG:colcon.colcon_core.event_handler.log_command:Invoking command in '/ssd/home/edt/Documents/lunabotics_ros_ws/src/brain_pkg': AMENT_PREFIX_PATH=/ssd/home/edt/Documents/lunabotics_ros_ws/install/interfaces_pkg CMAKE_PREFIX_PATH=/ssd/home/edt/Documents/lunabotics_ros_ws/install/interfaces_pkg LD_LIBRARY_PATH=/ssd/home/edt/Documents/lunabotics_ros_ws/install/interfaces_pkg/lib PYTHONPATH=/ssd/home/edt/Documents/lunabotics_ros_ws/build/brain_pkg/prefix_override:/usr/lib/python3/dist-packages/colcon_core/task/python/colcon_distutils_commands:/ssd/home/edt/Documents/lunabotics_ros_ws/install/brain_pkg/lib/python3.8/site-packages:/ssd/home/edt/Documents/lunabotics_ros_ws/install/interfaces_pkg/lib/python3.9/site-packages /usr/bin/python3 -W ignore:setup.py install is deprecated -W ignore:easy_install command is deprecated setup.py egg_info --egg-base ../../build/brain_pkg build --build-base /ssd/home/edt/Documents/lunabotics_ros_ws/build/brain_pkg/build install --record /ssd/home/edt/Documents/lunabotics_ros_ws/build/brain_pkg/install.log --single-version-externally-managed install_data
[6.744s] DEBUG:colcon.colcon_core.event_handler.log_command:Invoked command in '/ssd/home/edt/Documents/lunabotics_ros_ws/src/brain_pkg' returned '0': AMENT_PREFIX_PATH=/ssd/home/edt/Documents/lunabotics_ros_ws/install/interfaces_pkg CMAKE_PREFIX_PATH=/ssd/home/edt/Documents/lunabotics_ros_ws/install/interfaces_pkg LD_LIBRARY_PATH=/ssd/home/edt/Documents/lunabotics_ros_ws/install/interfaces_pkg/lib PYTHONPATH=/ssd/home/edt/Documents/lunabotics_ros_ws/build/brain_pkg/prefix_override:/usr/lib/python3/dist-packages/colcon_core/task/python/colcon_distutils_commands:/ssd/home/edt/Documents/lunabotics_ros_ws/install/brain_pkg/lib/python3.8/site-packages:/ssd/home/edt/Documents/lunabotics_ros_ws/install/interfaces_pkg/lib/python3.9/site-packages /usr/bin/python3 -W ignore:setup.py install is deprecated -W ignore:easy_install command is deprecated setup.py egg_info --egg-base ../../build/brain_pkg build --build-base /ssd/home/edt/Documents/lunabotics_ros_ws/build/brain_pkg/build install --record /ssd/home/edt/Documents/lunabotics_ros_ws/build/brain_pkg/install.log --single-version-externally-managed install_data
[6.764s] Level 1:colcon.colcon_core.environment:checking '/ssd/home/edt/Documents/lunabotics_ros_ws/install/brain_pkg' for CMake module files
[6.765s] Level 1:colcon.colcon_core.environment:checking '/ssd/home/edt/Documents/lunabotics_ros_ws/install/brain_pkg' for CMake config files
[6.767s] Level 1:colcon.colcon_core.environment:checking '/ssd/home/edt/Documents/lunabotics_ros_ws/install/brain_pkg/lib'
[6.768s] Level 1:colcon.colcon_core.environment:checking '/ssd/home/edt/Documents/lunabotics_ros_ws/install/brain_pkg/bin'
[6.768s] Level 1:colcon.colcon_core.environment:checking '/ssd/home/edt/Documents/lunabotics_ros_ws/install/brain_pkg/lib/pkgconfig/brain_pkg.pc'
[6.768s] Level 1:colcon.colcon_core.environment:checking '/ssd/home/edt/Documents/lunabotics_ros_ws/install/brain_pkg/lib/python3.8/site-packages'
[6.768s] Level 1:colcon.colcon_core.shell:create_environment_hook('brain_pkg', 'pythonpath')
[6.769s] INFO:colcon.colcon_core.shell:Creating environment hook '/ssd/home/edt/Documents/lunabotics_ros_ws/install/brain_pkg/share/brain_pkg/hook/pythonpath.ps1'
[6.770s] INFO:colcon.colcon_core.shell:Creating environment descriptor '/ssd/home/edt/Documents/lunabotics_ros_ws/install/brain_pkg/share/brain_pkg/hook/pythonpath.dsv'
[6.771s] INFO:colcon.colcon_core.shell:Creating environment hook '/ssd/home/edt/Documents/lunabotics_ros_ws/install/brain_pkg/share/brain_pkg/hook/pythonpath.sh'
[6.772s] Level 1:colcon.colcon_core.environment:checking '/ssd/home/edt/Documents/lunabotics_ros_ws/install/brain_pkg/bin'
[6.772s] Level 1:colcon.colcon_core.environment:create_environment_scripts_only(brain_pkg)
[6.773s] INFO:colcon.colcon_core.shell:Creating package script '/ssd/home/edt/Documents/lunabotics_ros_ws/install/brain_pkg/share/brain_pkg/package.ps1'
[6.777s] INFO:colcon.colcon_core.shell:Creating package descriptor '/ssd/home/edt/Documents/lunabotics_ros_ws/install/brain_pkg/share/brain_pkg/package.dsv'
[6.779s] INFO:colcon.colcon_core.shell:Creating package script '/ssd/home/edt/Documents/lunabotics_ros_ws/install/brain_pkg/share/brain_pkg/package.sh'
[6.781s] INFO:colcon.colcon_core.shell:Creating package script '/ssd/home/edt/Documents/lunabotics_ros_ws/install/brain_pkg/share/brain_pkg/package.bash'
[6.784s] INFO:colcon.colcon_core.shell:Creating package script '/ssd/home/edt/Documents/lunabotics_ros_ws/install/brain_pkg/share/brain_pkg/package.zsh'
[6.786s] Level 1:colcon.colcon_core.environment:create_file_with_runtime_dependencies(/ssd/home/edt/Documents/lunabotics_ros_ws/install/brain_pkg/share/colcon-core/packages/brain_pkg)
[6.788s] DEBUG:colcon.colcon_parallel_executor.executor.parallel:closing loop
[6.789s] DEBUG:colcon.colcon_parallel_executor.executor.parallel:loop closed
[6.789s] DEBUG:colcon.colcon_parallel_executor.executor.parallel:run_until_complete finished with '0'
[6.789s] DEBUG:colcon.colcon_core.event_reactor:joining thread
[6.805s] INFO:colcon.colcon_core.plugin_system:Skipping extension 'colcon_notification.desktop_notification.terminal_notifier': Not used on non-Darwin systems
[6.805s] INFO:colcon.colcon_core.plugin_system:Skipping extension 'colcon_notification.desktop_notification.win32': Not used on non-Windows systems
[6.805s] INFO:colcon.colcon_notification.desktop_notification:Sending desktop notification using 'notify2'
[6.857s] DEBUG:colcon.colcon_core.event_reactor:joined thread
[6.859s] INFO:colcon.colcon_core.shell:Creating prefix script '/ssd/home/edt/Documents/lunabotics_ros_ws/install/local_setup.ps1'
[7.001s] INFO:colcon.colcon_core.shell:Creating prefix util module '/ssd/home/edt/Documents/lunabotics_ros_ws/install/_local_setup_util_ps1.py'
[7.006s] INFO:colcon.colcon_core.shell:Creating prefix chain script '/ssd/home/edt/Documents/lunabotics_ros_ws/install/setup.ps1'
[7.009s] INFO:colcon.colcon_core.shell:Creating prefix script '/ssd/home/edt/Documents/lunabotics_ros_ws/install/local_setup.sh'
[7.011s] INFO:colcon.colcon_core.shell:Creating prefix util module '/ssd/home/edt/Documents/lunabotics_ros_ws/install/_local_setup_util_sh.py'
[7.013s] INFO:colcon.colcon_core.shell:Creating prefix chain script '/ssd/home/edt/Documents/lunabotics_ros_ws/install/setup.sh'
[7.015s] INFO:colcon.colcon_core.shell:Creating prefix script '/ssd/home/edt/Documents/lunabotics_ros_ws/install/local_setup.bash'
[7.018s] INFO:colcon.colcon_core.shell:Creating prefix chain script '/ssd/home/edt/Documents/lunabotics_ros_ws/install/setup.bash'
[7.020s] INFO:colcon.colcon_core.shell:Creating prefix script '/ssd/home/edt/Documents/lunabotics_ros_ws/install/local_setup.zsh'
[7.022s] INFO:colcon.colcon_core.shell:Creating prefix chain script '/ssd/home/edt/Documents/lunabotics_ros_ws/install/setup.zsh'
