-- The C compiler identification is GNU 11.4.0
-- The CXX compiler identification is GNU 11.4.0
-- Detecting C compiler ABI info
-- Detecting C compiler ABI info - done
-- Check for working C compiler: /usr/bin/cc - skipped
-- Detecting C compile features
-- Detecting C compile features - done
-- Detecting CXX compiler ABI info
-- Detecting CXX compiler ABI info - done
-- Check for working CXX compiler: /usr/bin/c++ - skipped
-- Detecting CXX compile features
-- Detecting CXX compile features - done
-- Found ament_cmake: 1.3.11 (/opt/ros/humble/share/ament_cmake/cmake)
-- Found Python3: /usr/bin/python3 (found version "3.10.12") found components: Interpreter 
-- Found interfaces_pkg: 0.0.0 (/home/catherineschuch/lunabotics_ros2_ws/install/interfaces_pkg/share/interfaces_pkg/cmake)
-- Found rosidl_generator_c: 3.1.6 (/opt/ros/humble/share/rosidl_generator_c/cmake)
-- Found rosidl_adapter: 3.1.6 (/opt/ros/humble/share/rosidl_adapter/cmake)
-- Found rosidl_generator_cpp: 3.1.6 (/opt/ros/humble/share/rosidl_generator_cpp/cmake)
-- Using all available rosidl_typesupport_c: rosidl_typesupport_fastrtps_c;rosidl_typesupport_introspection_c
-- Using all available rosidl_typesupport_cpp: rosidl_typesupport_fastrtps_cpp;rosidl_typesupport_introspection_cpp
-- Found rclcpp: 16.0.11 (/opt/ros/humble/share/rclcpp/cmake)
-- Found rmw_implementation_cmake: 6.1.2 (/opt/ros/humble/share/rmw_implementation_cmake/cmake)
-- Found rmw_fastrtps_cpp: 6.2.7 (/opt/ros/humble/share/rmw_fastrtps_cpp/cmake)
-- Found OpenSSL: /usr/lib/x86_64-linux-gnu/libcrypto.so (found version "3.0.2")  
-- Found FastRTPS: /opt/ros/humble/include  
-- Using RMW implementation 'rmw_fastrtps_cpp' as default
-- Looking for pthread.h
-- Looking for pthread.h - found
-- Performing Test CMAKE_HAVE_LIBC_PTHREAD
-- Performing Test CMAKE_HAVE_LIBC_PTHREAD - Success
-- Found Threads: TRUE  
-- Found rclpy: 3.3.15 (/opt/ros/humble/share/rclpy/cmake)
-- Configuring done
-- Generating done
-- Build files have been written to: /home/catherineschuch/lunabotics_ros2_ws/build/control_pkg
[ 25%] [32mBuilding CXX object CMakeFiles/drivetrain.dir/src/drivetrain.cpp.o[0m
[ 50%] [32mBuilding CXX object CMakeFiles/scoop.dir/src/scoop.cpp.o[0m
[ 50%] Built target ament_cmake_python_copy_control_pkg
running egg_info
creating control_pkg.egg-info
writing control_pkg.egg-info/PKG-INFO
writing dependency_links to control_pkg.egg-info/dependency_links.txt
writing top-level names to control_pkg.egg-info/top_level.txt
writing manifest file 'control_pkg.egg-info/SOURCES.txt'
reading manifest file 'control_pkg.egg-info/SOURCES.txt'
writing manifest file 'control_pkg.egg-info/SOURCES.txt'
[ 50%] Built target ament_cmake_python_build_control_pkg_egg
[ 75%] [32m[1mLinking CXX executable scoop[0m
[100%] [32m[1mLinking CXX executable drivetrain[0m
[100%] Built target drivetrain
[100%] Built target scoop
-- Install configuration: ""
-- Installing: /home/catherineschuch/lunabotics_ros2_ws/install/control_pkg/lib/control_pkg/drivetrain
-- Set runtime path of "/home/catherineschuch/lunabotics_ros2_ws/install/control_pkg/lib/control_pkg/drivetrain" to ""
-- Installing: /home/catherineschuch/lunabotics_ros2_ws/install/control_pkg/lib/control_pkg/scoop
-- Set runtime path of "/home/catherineschuch/lunabotics_ros2_ws/install/control_pkg/lib/control_pkg/scoop" to ""
-- Installing: /home/catherineschuch/lunabotics_ros2_ws/install/control_pkg/share/control_pkg/environment/pythonpath.sh
-- Installing: /home/catherineschuch/lunabotics_ros2_ws/install/control_pkg/share/control_pkg/environment/pythonpath.dsv
-- Installing: /home/catherineschuch/lunabotics_ros2_ws/install/control_pkg/local/lib/python3.10/dist-packages/control_pkg-0.0.0-py3.10.egg-info
-- Installing: /home/catherineschuch/lunabotics_ros2_ws/install/control_pkg/local/lib/python3.10/dist-packages/control_pkg-0.0.0-py3.10.egg-info/PKG-INFO
-- Installing: /home/catherineschuch/lunabotics_ros2_ws/install/control_pkg/local/lib/python3.10/dist-packages/control_pkg-0.0.0-py3.10.egg-info/top_level.txt
-- Installing: /home/catherineschuch/lunabotics_ros2_ws/install/control_pkg/local/lib/python3.10/dist-packages/control_pkg-0.0.0-py3.10.egg-info/SOURCES.txt
-- Installing: /home/catherineschuch/lunabotics_ros2_ws/install/control_pkg/local/lib/python3.10/dist-packages/control_pkg-0.0.0-py3.10.egg-info/dependency_links.txt
-- Installing: /home/catherineschuch/lunabotics_ros2_ws/install/control_pkg/local/lib/python3.10/dist-packages/control_pkg
-- Installing: /home/catherineschuch/lunabotics_ros2_ws/install/control_pkg/local/lib/python3.10/dist-packages/control_pkg/__init__.py
Listing '/home/catherineschuch/lunabotics_ros2_ws/install/control_pkg/local/lib/python3.10/dist-packages/control_pkg'...
Compiling '/home/catherineschuch/lunabotics_ros2_ws/install/control_pkg/local/lib/python3.10/dist-packages/control_pkg/__init__.py'...
-- Installing: /home/catherineschuch/lunabotics_ros2_ws/install/control_pkg/lib/control_pkg/testcontrol.py
-- Installing: /home/catherineschuch/lunabotics_ros2_ws/install/control_pkg/share/ament_index/resource_index/package_run_dependencies/control_pkg
-- Installing: /home/catherineschuch/lunabotics_ros2_ws/install/control_pkg/share/ament_index/resource_index/parent_prefix_path/control_pkg
-- Installing: /home/catherineschuch/lunabotics_ros2_ws/install/control_pkg/share/control_pkg/environment/ament_prefix_path.sh
-- Installing: /home/catherineschuch/lunabotics_ros2_ws/install/control_pkg/share/control_pkg/environment/ament_prefix_path.dsv
-- Installing: /home/catherineschuch/lunabotics_ros2_ws/install/control_pkg/share/control_pkg/environment/path.sh
-- Installing: /home/catherineschuch/lunabotics_ros2_ws/install/control_pkg/share/control_pkg/environment/path.dsv
-- Installing: /home/catherineschuch/lunabotics_ros2_ws/install/control_pkg/share/control_pkg/local_setup.bash
-- Installing: /home/catherineschuch/lunabotics_ros2_ws/install/control_pkg/share/control_pkg/local_setup.sh
-- Installing: /home/catherineschuch/lunabotics_ros2_ws/install/control_pkg/share/control_pkg/local_setup.zsh
-- Installing: /home/catherineschuch/lunabotics_ros2_ws/install/control_pkg/share/control_pkg/local_setup.dsv
-- Installing: /home/catherineschuch/lunabotics_ros2_ws/install/control_pkg/share/control_pkg/package.dsv
-- Installing: /home/catherineschuch/lunabotics_ros2_ws/install/control_pkg/share/ament_index/resource_index/packages/control_pkg
-- Installing: /home/catherineschuch/lunabotics_ros2_ws/install/control_pkg/share/control_pkg/cmake/control_pkgConfig.cmake
-- Installing: /home/catherineschuch/lunabotics_ros2_ws/install/control_pkg/share/control_pkg/cmake/control_pkgConfig-version.cmake
-- Installing: /home/catherineschuch/lunabotics_ros2_ws/install/control_pkg/share/control_pkg/package.xml
