[0.567s] DEBUG:colcon:Command line arguments: ['/usr/bin/colcon', 'build']
[0.567s] DEBUG:colcon:Parsed command line arguments: Namespace(log_base=None, log_level=None, verb_name='build', build_base='build', install_base='install', merge_install=False, symlink_install=False, test_result_base=None, continue_on_error=False, executor='parallel', parallel_workers=16, event_handlers=None, ignore_user_meta=False, metas=['./colcon.meta'], base_paths=['.'], packages_ignore=None, packages_ignore_regex=None, paths=None, packages_up_to=None, packages_up_to_regex=None, packages_above=None, packages_above_and_dependencies=None, packages_above_depth=None, packages_select_by_dep=None, packages_skip_by_dep=None, packages_skip_up_to=None, packages_select_build_failed=False, packages_skip_build_finished=False, packages_select_test_failures=False, packages_skip_test_passed=False, packages_select=None, packages_skip=None, packages_select_regex=None, packages_skip_regex=None, packages_start=None, packages_end=None, allow_overriding=[], cmake_args=None, cmake_target=None, cmake_target_skip_unavailable=False, cmake_clean_cache=False, cmake_clean_first=False, cmake_force_configure=False, ament_cmake_args=None, catkin_cmake_args=None, catkin_skip_building_tests=False, mixin_files=None, mixin=None, verb_parser=<colcon_mixin.mixin.mixin_argument.MixinArgumentDecorator object at 0x7f5ef248e6e0>, verb_extension=<colcon_core.verb.build.BuildVerb object at 0x7f5ef248e050>, main=<bound method BuildVerb.main of <colcon_core.verb.build.BuildVerb object at 0x7f5ef248e050>>, mixin_verb=('build',))
[1.059s] Level 1:colcon.colcon_core.package_discovery:discover_packages(colcon_meta) check parameters
[1.059s] Level 1:colcon.colcon_core.package_discovery:discover_packages(recursive) check parameters
[1.059s] Level 1:colcon.colcon_core.package_discovery:discover_packages(ignore) check parameters
[1.059s] Level 1:colcon.colcon_core.package_discovery:discover_packages(path) check parameters
[1.059s] Level 1:colcon.colcon_core.package_discovery:discover_packages(colcon_meta) discover
[1.059s] Level 1:colcon.colcon_core.package_discovery:discover_packages(recursive) discover
[1.059s] INFO:colcon.colcon_core.package_discovery:Crawling recursively for packages in '/home/catherineschuch/lunabotics_ros2_ws'
[1.059s] Level 1:colcon.colcon_core.package_identification:_identify(.) by extensions ['ignore', 'ignore_ament_install']
[1.060s] Level 1:colcon.colcon_core.package_identification:_identify(.) by extension 'ignore'
[1.060s] Level 1:colcon.colcon_core.package_identification:_identify(.) by extension 'ignore_ament_install'
[1.060s] Level 1:colcon.colcon_core.package_identification:_identify(.) by extensions ['colcon_pkg']
[1.060s] Level 1:colcon.colcon_core.package_identification:_identify(.) by extension 'colcon_pkg'
[1.060s] Level 1:colcon.colcon_core.package_identification:_identify(.) by extensions ['colcon_meta']
[1.060s] Level 1:colcon.colcon_core.package_identification:_identify(.) by extension 'colcon_meta'
[1.060s] Level 1:colcon.colcon_core.package_identification:_identify(.) by extensions ['ros']
[1.060s] Level 1:colcon.colcon_core.package_identification:_identify(.) by extension 'ros'
[1.078s] Level 1:colcon.colcon_core.package_identification:_identify(.) by extensions ['cmake', 'python']
[1.078s] Level 1:colcon.colcon_core.package_identification:_identify(.) by extension 'cmake'
[1.078s] Level 1:colcon.colcon_core.package_identification:_identify(.) by extension 'python'
[1.078s] Level 1:colcon.colcon_core.package_identification:_identify(.) by extensions ['python_setup_py']
[1.078s] Level 1:colcon.colcon_core.package_identification:_identify(.) by extension 'python_setup_py'
[1.078s] Level 1:colcon.colcon_core.package_identification:_identify(build) by extensions ['ignore', 'ignore_ament_install']
[1.078s] Level 1:colcon.colcon_core.package_identification:_identify(build) by extension 'ignore'
[1.078s] Level 1:colcon.colcon_core.package_identification:_identify(build) ignored
[1.078s] Level 1:colcon.colcon_core.package_identification:_identify(install) by extensions ['ignore', 'ignore_ament_install']
[1.078s] Level 1:colcon.colcon_core.package_identification:_identify(install) by extension 'ignore'
[1.079s] Level 1:colcon.colcon_core.package_identification:_identify(install) ignored
[1.079s] Level 1:colcon.colcon_core.package_identification:_identify(launch) by extensions ['ignore', 'ignore_ament_install']
[1.079s] Level 1:colcon.colcon_core.package_identification:_identify(launch) by extension 'ignore'
[1.079s] Level 1:colcon.colcon_core.package_identification:_identify(launch) by extension 'ignore_ament_install'
[1.079s] Level 1:colcon.colcon_core.package_identification:_identify(launch) by extensions ['colcon_pkg']
[1.079s] Level 1:colcon.colcon_core.package_identification:_identify(launch) by extension 'colcon_pkg'
[1.079s] Level 1:colcon.colcon_core.package_identification:_identify(launch) by extensions ['colcon_meta']
[1.079s] Level 1:colcon.colcon_core.package_identification:_identify(launch) by extension 'colcon_meta'
[1.080s] Level 1:colcon.colcon_core.package_identification:_identify(launch) by extensions ['ros']
[1.080s] Level 1:colcon.colcon_core.package_identification:_identify(launch) by extension 'ros'
[1.080s] Level 1:colcon.colcon_core.package_identification:_identify(launch) by extensions ['cmake', 'python']
[1.080s] Level 1:colcon.colcon_core.package_identification:_identify(launch) by extension 'cmake'
[1.080s] Level 1:colcon.colcon_core.package_identification:_identify(launch) by extension 'python'
[1.080s] Level 1:colcon.colcon_core.package_identification:_identify(launch) by extensions ['python_setup_py']
[1.080s] Level 1:colcon.colcon_core.package_identification:_identify(launch) by extension 'python_setup_py'
[1.080s] Level 1:colcon.colcon_core.package_identification:_identify(launch/__pycache__) by extensions ['ignore', 'ignore_ament_install']
[1.080s] Level 1:colcon.colcon_core.package_identification:_identify(launch/__pycache__) by extension 'ignore'
[1.080s] Level 1:colcon.colcon_core.package_identification:_identify(launch/__pycache__) by extension 'ignore_ament_install'
[1.080s] Level 1:colcon.colcon_core.package_identification:_identify(launch/__pycache__) by extensions ['colcon_pkg']
[1.080s] Level 1:colcon.colcon_core.package_identification:_identify(launch/__pycache__) by extension 'colcon_pkg'
[1.080s] Level 1:colcon.colcon_core.package_identification:_identify(launch/__pycache__) by extensions ['colcon_meta']
[1.080s] Level 1:colcon.colcon_core.package_identification:_identify(launch/__pycache__) by extension 'colcon_meta'
[1.081s] Level 1:colcon.colcon_core.package_identification:_identify(launch/__pycache__) by extensions ['ros']
[1.081s] Level 1:colcon.colcon_core.package_identification:_identify(launch/__pycache__) by extension 'ros'
[1.081s] Level 1:colcon.colcon_core.package_identification:_identify(launch/__pycache__) by extensions ['cmake', 'python']
[1.081s] Level 1:colcon.colcon_core.package_identification:_identify(launch/__pycache__) by extension 'cmake'
[1.081s] Level 1:colcon.colcon_core.package_identification:_identify(launch/__pycache__) by extension 'python'
[1.081s] Level 1:colcon.colcon_core.package_identification:_identify(launch/__pycache__) by extensions ['python_setup_py']
[1.081s] Level 1:colcon.colcon_core.package_identification:_identify(launch/__pycache__) by extension 'python_setup_py'
[1.081s] Level 1:colcon.colcon_core.package_identification:_identify(log) by extensions ['ignore', 'ignore_ament_install']
[1.081s] Level 1:colcon.colcon_core.package_identification:_identify(log) by extension 'ignore'
[1.081s] Level 1:colcon.colcon_core.package_identification:_identify(log) ignored
[1.081s] Level 1:colcon.colcon_core.package_identification:_identify(src) by extensions ['ignore', 'ignore_ament_install']
[1.081s] Level 1:colcon.colcon_core.package_identification:_identify(src) by extension 'ignore'
[1.081s] Level 1:colcon.colcon_core.package_identification:_identify(src) by extension 'ignore_ament_install'
[1.081s] Level 1:colcon.colcon_core.package_identification:_identify(src) by extensions ['colcon_pkg']
[1.081s] Level 1:colcon.colcon_core.package_identification:_identify(src) by extension 'colcon_pkg'
[1.081s] Level 1:colcon.colcon_core.package_identification:_identify(src) by extensions ['colcon_meta']
[1.081s] Level 1:colcon.colcon_core.package_identification:_identify(src) by extension 'colcon_meta'
[1.081s] Level 1:colcon.colcon_core.package_identification:_identify(src) by extensions ['ros']
[1.081s] Level 1:colcon.colcon_core.package_identification:_identify(src) by extension 'ros'
[1.081s] Level 1:colcon.colcon_core.package_identification:_identify(src) by extensions ['cmake', 'python']
[1.081s] Level 1:colcon.colcon_core.package_identification:_identify(src) by extension 'cmake'
[1.081s] Level 1:colcon.colcon_core.package_identification:_identify(src) by extension 'python'
[1.081s] Level 1:colcon.colcon_core.package_identification:_identify(src) by extensions ['python_setup_py']
[1.082s] Level 1:colcon.colcon_core.package_identification:_identify(src) by extension 'python_setup_py'
[1.082s] Level 1:colcon.colcon_core.package_identification:_identify(src/control_pkg) by extensions ['ignore', 'ignore_ament_install']
[1.082s] Level 1:colcon.colcon_core.package_identification:_identify(src/control_pkg) by extension 'ignore'
[1.082s] Level 1:colcon.colcon_core.package_identification:_identify(src/control_pkg) by extension 'ignore_ament_install'
[1.082s] Level 1:colcon.colcon_core.package_identification:_identify(src/control_pkg) by extensions ['colcon_pkg']
[1.082s] Level 1:colcon.colcon_core.package_identification:_identify(src/control_pkg) by extension 'colcon_pkg'
[1.082s] Level 1:colcon.colcon_core.package_identification:_identify(src/control_pkg) by extensions ['colcon_meta']
[1.082s] Level 1:colcon.colcon_core.package_identification:_identify(src/control_pkg) by extension 'colcon_meta'
[1.082s] Level 1:colcon.colcon_core.package_identification:_identify(src/control_pkg) by extensions ['ros']
[1.082s] Level 1:colcon.colcon_core.package_identification:_identify(src/control_pkg) by extension 'ros'
[1.086s] DEBUG:colcon.colcon_core.package_identification:Package 'src/control_pkg' with type 'ros.ament_cmake' and name 'control_pkg'
[1.087s] Level 1:colcon.colcon_core.package_identification:_identify(src/interfaces_pkg) by extensions ['ignore', 'ignore_ament_install']
[1.087s] Level 1:colcon.colcon_core.package_identification:_identify(src/interfaces_pkg) by extension 'ignore'
[1.087s] Level 1:colcon.colcon_core.package_identification:_identify(src/interfaces_pkg) by extension 'ignore_ament_install'
[1.087s] Level 1:colcon.colcon_core.package_identification:_identify(src/interfaces_pkg) by extensions ['colcon_pkg']
[1.087s] Level 1:colcon.colcon_core.package_identification:_identify(src/interfaces_pkg) by extension 'colcon_pkg'
[1.087s] Level 1:colcon.colcon_core.package_identification:_identify(src/interfaces_pkg) by extensions ['colcon_meta']
[1.087s] Level 1:colcon.colcon_core.package_identification:_identify(src/interfaces_pkg) by extension 'colcon_meta'
[1.087s] Level 1:colcon.colcon_core.package_identification:_identify(src/interfaces_pkg) by extensions ['ros']
[1.087s] Level 1:colcon.colcon_core.package_identification:_identify(src/interfaces_pkg) by extension 'ros'
[1.089s] DEBUG:colcon.colcon_core.package_identification:Package 'src/interfaces_pkg' with type 'ros.ament_cmake' and name 'interfaces_pkg'
[1.090s] Level 1:colcon.colcon_core.package_identification:_identify(src/navigation_pkg) by extensions ['ignore', 'ignore_ament_install']
[1.090s] Level 1:colcon.colcon_core.package_identification:_identify(src/navigation_pkg) by extension 'ignore'
[1.090s] Level 1:colcon.colcon_core.package_identification:_identify(src/navigation_pkg) by extension 'ignore_ament_install'
[1.090s] Level 1:colcon.colcon_core.package_identification:_identify(src/navigation_pkg) by extensions ['colcon_pkg']
[1.090s] Level 1:colcon.colcon_core.package_identification:_identify(src/navigation_pkg) by extension 'colcon_pkg'
[1.090s] Level 1:colcon.colcon_core.package_identification:_identify(src/navigation_pkg) by extensions ['colcon_meta']
[1.090s] Level 1:colcon.colcon_core.package_identification:_identify(src/navigation_pkg) by extension 'colcon_meta'
[1.090s] Level 1:colcon.colcon_core.package_identification:_identify(src/navigation_pkg) by extensions ['ros']
[1.090s] Level 1:colcon.colcon_core.package_identification:_identify(src/navigation_pkg) by extension 'ros'
[1.091s] DEBUG:colcon.colcon_core.package_identification:Package 'src/navigation_pkg' with type 'ros.ament_cmake' and name 'navigation_pkg'
[1.092s] Level 1:colcon.colcon_core.package_identification:_identify(src/webgui_pkg) by extensions ['ignore', 'ignore_ament_install']
[1.092s] Level 1:colcon.colcon_core.package_identification:_identify(src/webgui_pkg) by extension 'ignore'
[1.092s] Level 1:colcon.colcon_core.package_identification:_identify(src/webgui_pkg) by extension 'ignore_ament_install'
[1.092s] Level 1:colcon.colcon_core.package_identification:_identify(src/webgui_pkg) by extensions ['colcon_pkg']
[1.092s] Level 1:colcon.colcon_core.package_identification:_identify(src/webgui_pkg) by extension 'colcon_pkg'
[1.092s] Level 1:colcon.colcon_core.package_identification:_identify(src/webgui_pkg) by extensions ['colcon_meta']
[1.092s] Level 1:colcon.colcon_core.package_identification:_identify(src/webgui_pkg) by extension 'colcon_meta'
[1.092s] Level 1:colcon.colcon_core.package_identification:_identify(src/webgui_pkg) by extensions ['ros']
[1.092s] Level 1:colcon.colcon_core.package_identification:_identify(src/webgui_pkg) by extension 'ros'
[1.093s] DEBUG:colcon.colcon_core.package_identification:Package 'src/webgui_pkg' with type 'ros.ament_cmake' and name 'webgui_pkg'
[1.093s] Level 1:colcon.colcon_core.package_discovery:discover_packages(recursive) using defaults
[1.093s] Level 1:colcon.colcon_core.package_discovery:discover_packages(ignore) discover
[1.093s] Level 1:colcon.colcon_core.package_discovery:discover_packages(ignore) using defaults
[1.093s] Level 1:colcon.colcon_core.package_discovery:discover_packages(path) discover
[1.093s] Level 1:colcon.colcon_core.package_discovery:discover_packages(path) using defaults
[1.146s] Level 1:colcon.colcon_core.package_discovery:discover_packages(prefix_path) check parameters
[1.146s] Level 1:colcon.colcon_core.package_discovery:discover_packages(prefix_path) discover
[1.156s] DEBUG:colcon.colcon_installed_package_information.package_discovery:Found 270 installed packages in /opt/ros/humble
[1.158s] Level 1:colcon.colcon_core.package_discovery:discover_packages(prefix_path) using defaults
[1.301s] Level 5:colcon.colcon_core.verb:set package 'interfaces_pkg' build argument 'cmake_args' from command line to 'None'
[1.301s] Level 5:colcon.colcon_core.verb:set package 'interfaces_pkg' build argument 'cmake_target' from command line to 'None'
[1.301s] Level 5:colcon.colcon_core.verb:set package 'interfaces_pkg' build argument 'cmake_target_skip_unavailable' from command line to 'False'
[1.301s] Level 5:colcon.colcon_core.verb:set package 'interfaces_pkg' build argument 'cmake_clean_cache' from command line to 'False'
[1.301s] Level 5:colcon.colcon_core.verb:set package 'interfaces_pkg' build argument 'cmake_clean_first' from command line to 'False'
[1.301s] Level 5:colcon.colcon_core.verb:set package 'interfaces_pkg' build argument 'cmake_force_configure' from command line to 'False'
[1.301s] Level 5:colcon.colcon_core.verb:set package 'interfaces_pkg' build argument 'ament_cmake_args' from command line to 'None'
[1.301s] Level 5:colcon.colcon_core.verb:set package 'interfaces_pkg' build argument 'catkin_cmake_args' from command line to 'None'
[1.301s] Level 5:colcon.colcon_core.verb:set package 'interfaces_pkg' build argument 'catkin_skip_building_tests' from command line to 'False'
[1.301s] DEBUG:colcon.colcon_core.verb:Building package 'interfaces_pkg' with the following arguments: {'ament_cmake_args': None, 'build_base': '/home/catherineschuch/lunabotics_ros2_ws/build/interfaces_pkg', 'catkin_cmake_args': None, 'catkin_skip_building_tests': False, 'cmake_args': None, 'cmake_clean_cache': False, 'cmake_clean_first': False, 'cmake_force_configure': False, 'cmake_target': None, 'cmake_target_skip_unavailable': False, 'install_base': '/home/catherineschuch/lunabotics_ros2_ws/install/interfaces_pkg', 'merge_install': False, 'path': '/home/catherineschuch/lunabotics_ros2_ws/src/interfaces_pkg', 'symlink_install': False, 'test_result_base': None}
[1.303s] Level 5:colcon.colcon_core.verb:set package 'navigation_pkg' build argument 'cmake_args' from command line to 'None'
[1.303s] Level 5:colcon.colcon_core.verb:set package 'navigation_pkg' build argument 'cmake_target' from command line to 'None'
[1.304s] Level 5:colcon.colcon_core.verb:set package 'navigation_pkg' build argument 'cmake_target_skip_unavailable' from command line to 'False'
[1.304s] Level 5:colcon.colcon_core.verb:set package 'navigation_pkg' build argument 'cmake_clean_cache' from command line to 'False'
[1.304s] Level 5:colcon.colcon_core.verb:set package 'navigation_pkg' build argument 'cmake_clean_first' from command line to 'False'
[1.304s] Level 5:colcon.colcon_core.verb:set package 'navigation_pkg' build argument 'cmake_force_configure' from command line to 'False'
[1.304s] Level 5:colcon.colcon_core.verb:set package 'navigation_pkg' build argument 'ament_cmake_args' from command line to 'None'
[1.304s] Level 5:colcon.colcon_core.verb:set package 'navigation_pkg' build argument 'catkin_cmake_args' from command line to 'None'
[1.304s] Level 5:colcon.colcon_core.verb:set package 'navigation_pkg' build argument 'catkin_skip_building_tests' from command line to 'False'
[1.304s] DEBUG:colcon.colcon_core.verb:Building package 'navigation_pkg' with the following arguments: {'ament_cmake_args': None, 'build_base': '/home/catherineschuch/lunabotics_ros2_ws/build/navigation_pkg', 'catkin_cmake_args': None, 'catkin_skip_building_tests': False, 'cmake_args': None, 'cmake_clean_cache': False, 'cmake_clean_first': False, 'cmake_force_configure': False, 'cmake_target': None, 'cmake_target_skip_unavailable': False, 'install_base': '/home/catherineschuch/lunabotics_ros2_ws/install/navigation_pkg', 'merge_install': False, 'path': '/home/catherineschuch/lunabotics_ros2_ws/src/navigation_pkg', 'symlink_install': False, 'test_result_base': None}
[1.306s] Level 5:colcon.colcon_core.verb:set package 'webgui_pkg' build argument 'cmake_args' from command line to 'None'
[1.306s] Level 5:colcon.colcon_core.verb:set package 'webgui_pkg' build argument 'cmake_target' from command line to 'None'
[1.306s] Level 5:colcon.colcon_core.verb:set package 'webgui_pkg' build argument 'cmake_target_skip_unavailable' from command line to 'False'
[1.307s] Level 5:colcon.colcon_core.verb:set package 'webgui_pkg' build argument 'cmake_clean_cache' from command line to 'False'
[1.307s] Level 5:colcon.colcon_core.verb:set package 'webgui_pkg' build argument 'cmake_clean_first' from command line to 'False'
[1.307s] Level 5:colcon.colcon_core.verb:set package 'webgui_pkg' build argument 'cmake_force_configure' from command line to 'False'
[1.307s] Level 5:colcon.colcon_core.verb:set package 'webgui_pkg' build argument 'ament_cmake_args' from command line to 'None'
[1.308s] Level 5:colcon.colcon_core.verb:set package 'webgui_pkg' build argument 'catkin_cmake_args' from command line to 'None'
[1.308s] Level 5:colcon.colcon_core.verb:set package 'webgui_pkg' build argument 'catkin_skip_building_tests' from command line to 'False'
[1.308s] DEBUG:colcon.colcon_core.verb:Building package 'webgui_pkg' with the following arguments: {'ament_cmake_args': None, 'build_base': '/home/catherineschuch/lunabotics_ros2_ws/build/webgui_pkg', 'catkin_cmake_args': None, 'catkin_skip_building_tests': False, 'cmake_args': None, 'cmake_clean_cache': False, 'cmake_clean_first': False, 'cmake_force_configure': False, 'cmake_target': None, 'cmake_target_skip_unavailable': False, 'install_base': '/home/catherineschuch/lunabotics_ros2_ws/install/webgui_pkg', 'merge_install': False, 'path': '/home/catherineschuch/lunabotics_ros2_ws/src/webgui_pkg', 'symlink_install': False, 'test_result_base': None}
[1.309s] Level 5:colcon.colcon_core.verb:set package 'control_pkg' build argument 'cmake_args' from command line to 'None'
[1.309s] Level 5:colcon.colcon_core.verb:set package 'control_pkg' build argument 'cmake_target' from command line to 'None'
[1.309s] Level 5:colcon.colcon_core.verb:set package 'control_pkg' build argument 'cmake_target_skip_unavailable' from command line to 'False'
[1.310s] Level 5:colcon.colcon_core.verb:set package 'control_pkg' build argument 'cmake_clean_cache' from command line to 'False'
[1.310s] Level 5:colcon.colcon_core.verb:set package 'control_pkg' build argument 'cmake_clean_first' from command line to 'False'
[1.310s] Level 5:colcon.colcon_core.verb:set package 'control_pkg' build argument 'cmake_force_configure' from command line to 'False'
[1.310s] Level 5:colcon.colcon_core.verb:set package 'control_pkg' build argument 'ament_cmake_args' from command line to 'None'
[1.310s] Level 5:colcon.colcon_core.verb:set package 'control_pkg' build argument 'catkin_cmake_args' from command line to 'None'
[1.310s] Level 5:colcon.colcon_core.verb:set package 'control_pkg' build argument 'catkin_skip_building_tests' from command line to 'False'
[1.310s] DEBUG:colcon.colcon_core.verb:Building package 'control_pkg' with the following arguments: {'ament_cmake_args': None, 'build_base': '/home/catherineschuch/lunabotics_ros2_ws/build/control_pkg', 'catkin_cmake_args': None, 'catkin_skip_building_tests': False, 'cmake_args': None, 'cmake_clean_cache': False, 'cmake_clean_first': False, 'cmake_force_configure': False, 'cmake_target': None, 'cmake_target_skip_unavailable': False, 'install_base': '/home/catherineschuch/lunabotics_ros2_ws/install/control_pkg', 'merge_install': False, 'path': '/home/catherineschuch/lunabotics_ros2_ws/src/control_pkg', 'symlink_install': False, 'test_result_base': None}
[1.311s] INFO:colcon.colcon_core.executor:Executing jobs using 'parallel' executor
[1.312s] DEBUG:colcon.colcon_parallel_executor.executor.parallel:run_until_complete
[1.312s] INFO:colcon.colcon_ros.task.ament_cmake.build:Building ROS package in '/home/catherineschuch/lunabotics_ros2_ws/src/interfaces_pkg' with build type 'ament_cmake'
[1.313s] INFO:colcon.colcon_cmake.task.cmake.build:Building CMake package in '/home/catherineschuch/lunabotics_ros2_ws/src/interfaces_pkg'
[1.322s] INFO:colcon.colcon_core.plugin_system:Skipping extension 'colcon_core.shell.bat': Not used on non-Windows systems
[1.322s] INFO:colcon.colcon_core.shell:Skip shell extension 'powershell' for command environment: Not usable outside of PowerShell
[1.323s] DEBUG:colcon.colcon_core.shell:Skip shell extension 'dsv' for command environment
[1.327s] INFO:colcon.colcon_ros.task.ament_cmake.build:Building ROS package in '/home/catherineschuch/lunabotics_ros2_ws/src/navigation_pkg' with build type 'ament_cmake'
[1.327s] INFO:colcon.colcon_cmake.task.cmake.build:Building CMake package in '/home/catherineschuch/lunabotics_ros2_ws/src/navigation_pkg'
[1.327s] INFO:colcon.colcon_core.shell:Skip shell extension 'powershell' for command environment: Not usable outside of PowerShell
[1.327s] DEBUG:colcon.colcon_core.shell:Skip shell extension 'dsv' for command environment
[1.330s] INFO:colcon.colcon_ros.task.ament_cmake.build:Building ROS package in '/home/catherineschuch/lunabotics_ros2_ws/src/webgui_pkg' with build type 'ament_cmake'
[1.331s] INFO:colcon.colcon_cmake.task.cmake.build:Building CMake package in '/home/catherineschuch/lunabotics_ros2_ws/src/webgui_pkg'
[1.331s] INFO:colcon.colcon_core.shell:Skip shell extension 'powershell' for command environment: Not usable outside of PowerShell
[1.331s] DEBUG:colcon.colcon_core.shell:Skip shell extension 'dsv' for command environment
[1.339s] DEBUG:colcon.colcon_core.event_handler.log_command:Invoking command in '/home/catherineschuch/lunabotics_ros2_ws/build/interfaces_pkg': CMAKE_PREFIX_PATH=/opt/ros/humble /usr/bin/cmake /home/catherineschuch/lunabotics_ros2_ws/src/interfaces_pkg -DCMAKE_INSTALL_PREFIX=/home/catherineschuch/lunabotics_ros2_ws/install/interfaces_pkg
[1.344s] DEBUG:colcon.colcon_core.event_handler.log_command:Invoking command in '/home/catherineschuch/lunabotics_ros2_ws/build/navigation_pkg': CMAKE_PREFIX_PATH=/opt/ros/humble /usr/bin/cmake /home/catherineschuch/lunabotics_ros2_ws/src/navigation_pkg -DCMAKE_INSTALL_PREFIX=/home/catherineschuch/lunabotics_ros2_ws/install/navigation_pkg
[1.350s] DEBUG:colcon.colcon_core.event_handler.log_command:Invoking command in '/home/catherineschuch/lunabotics_ros2_ws/build/webgui_pkg': CMAKE_PREFIX_PATH=/opt/ros/humble /usr/bin/cmake /home/catherineschuch/lunabotics_ros2_ws/src/webgui_pkg -DCMAKE_INSTALL_PREFIX=/home/catherineschuch/lunabotics_ros2_ws/install/webgui_pkg
[3.643s] DEBUG:colcon.colcon_core.event_handler.log_command:Invoked command in '/home/catherineschuch/lunabotics_ros2_ws/build/webgui_pkg' returned '0': CMAKE_PREFIX_PATH=/opt/ros/humble /usr/bin/cmake /home/catherineschuch/lunabotics_ros2_ws/src/webgui_pkg -DCMAKE_INSTALL_PREFIX=/home/catherineschuch/lunabotics_ros2_ws/install/webgui_pkg
[3.647s] DEBUG:colcon.colcon_core.event_handler.log_command:Invoking command in '/home/catherineschuch/lunabotics_ros2_ws/build/webgui_pkg': CMAKE_PREFIX_PATH=/opt/ros/humble /usr/bin/cmake --build /home/catherineschuch/lunabotics_ros2_ws/build/webgui_pkg -- -j16 -l16
[3.686s] DEBUG:colcon.colcon_core.event_handler.log_command:Invoked command in '/home/catherineschuch/lunabotics_ros2_ws/build/webgui_pkg' returned '0': CMAKE_PREFIX_PATH=/opt/ros/humble /usr/bin/cmake --build /home/catherineschuch/lunabotics_ros2_ws/build/webgui_pkg -- -j16 -l16
[3.699s] DEBUG:colcon.colcon_core.event_handler.log_command:Invoking command in '/home/catherineschuch/lunabotics_ros2_ws/build/webgui_pkg': CMAKE_PREFIX_PATH=/opt/ros/humble /usr/bin/cmake --install /home/catherineschuch/lunabotics_ros2_ws/build/webgui_pkg
[3.707s] Level 1:colcon.colcon_core.environment:create_environment_scripts_only(webgui_pkg)
[3.708s] DEBUG:colcon.colcon_core.event_handler.log_command:Invoked command in '/home/catherineschuch/lunabotics_ros2_ws/build/webgui_pkg' returned '0': CMAKE_PREFIX_PATH=/opt/ros/humble /usr/bin/cmake --install /home/catherineschuch/lunabotics_ros2_ws/build/webgui_pkg
[3.719s] Level 1:colcon.colcon_core.environment:checking '/home/catherineschuch/lunabotics_ros2_ws/install/webgui_pkg' for CMake module files
[3.719s] Level 1:colcon.colcon_core.environment:checking '/home/catherineschuch/lunabotics_ros2_ws/install/webgui_pkg' for CMake config files
[3.719s] Level 1:colcon.colcon_core.shell:create_environment_hook('webgui_pkg', 'cmake_prefix_path')
[3.720s] INFO:colcon.colcon_core.shell:Creating environment hook '/home/catherineschuch/lunabotics_ros2_ws/install/webgui_pkg/share/webgui_pkg/hook/cmake_prefix_path.ps1'
[3.721s] INFO:colcon.colcon_core.shell:Creating environment descriptor '/home/catherineschuch/lunabotics_ros2_ws/install/webgui_pkg/share/webgui_pkg/hook/cmake_prefix_path.dsv'
[3.723s] INFO:colcon.colcon_core.shell:Creating environment hook '/home/catherineschuch/lunabotics_ros2_ws/install/webgui_pkg/share/webgui_pkg/hook/cmake_prefix_path.sh'
[3.724s] Level 1:colcon.colcon_core.environment:checking '/home/catherineschuch/lunabotics_ros2_ws/install/webgui_pkg/bin'
[3.724s] Level 1:colcon.colcon_core.environment:checking '/home/catherineschuch/lunabotics_ros2_ws/install/webgui_pkg/lib/pkgconfig/webgui_pkg.pc'
[3.725s] Level 1:colcon.colcon_core.environment:checking '/home/catherineschuch/lunabotics_ros2_ws/install/webgui_pkg/lib/python3.10/site-packages'
[3.725s] Level 1:colcon.colcon_core.environment:checking '/home/catherineschuch/lunabotics_ros2_ws/install/webgui_pkg/bin'
[3.725s] INFO:colcon.colcon_core.shell:Creating package script '/home/catherineschuch/lunabotics_ros2_ws/install/webgui_pkg/share/webgui_pkg/package.ps1'
[3.727s] INFO:colcon.colcon_core.shell:Creating package descriptor '/home/catherineschuch/lunabotics_ros2_ws/install/webgui_pkg/share/webgui_pkg/package.dsv'
[3.728s] INFO:colcon.colcon_core.shell:Creating package script '/home/catherineschuch/lunabotics_ros2_ws/install/webgui_pkg/share/webgui_pkg/package.sh'
[3.729s] INFO:colcon.colcon_core.shell:Creating package script '/home/catherineschuch/lunabotics_ros2_ws/install/webgui_pkg/share/webgui_pkg/package.bash'
[3.730s] INFO:colcon.colcon_core.shell:Creating package script '/home/catherineschuch/lunabotics_ros2_ws/install/webgui_pkg/share/webgui_pkg/package.zsh'
[3.732s] Level 1:colcon.colcon_core.environment:create_file_with_runtime_dependencies(/home/catherineschuch/lunabotics_ros2_ws/install/webgui_pkg/share/colcon-core/packages/webgui_pkg)
[3.733s] Level 1:colcon.colcon_core.environment:create_environment_scripts_only(webgui_pkg)
[3.733s] Level 1:colcon.colcon_core.environment:checking '/home/catherineschuch/lunabotics_ros2_ws/install/webgui_pkg' for CMake module files
[3.734s] Level 1:colcon.colcon_core.environment:checking '/home/catherineschuch/lunabotics_ros2_ws/install/webgui_pkg' for CMake config files
[3.734s] Level 1:colcon.colcon_core.shell:create_environment_hook('webgui_pkg', 'cmake_prefix_path')
[3.734s] INFO:colcon.colcon_core.shell:Creating environment hook '/home/catherineschuch/lunabotics_ros2_ws/install/webgui_pkg/share/webgui_pkg/hook/cmake_prefix_path.ps1'
[3.735s] INFO:colcon.colcon_core.shell:Creating environment descriptor '/home/catherineschuch/lunabotics_ros2_ws/install/webgui_pkg/share/webgui_pkg/hook/cmake_prefix_path.dsv'
[3.735s] INFO:colcon.colcon_core.shell:Creating environment hook '/home/catherineschuch/lunabotics_ros2_ws/install/webgui_pkg/share/webgui_pkg/hook/cmake_prefix_path.sh'
[3.736s] Level 1:colcon.colcon_core.environment:checking '/home/catherineschuch/lunabotics_ros2_ws/install/webgui_pkg/bin'
[3.736s] Level 1:colcon.colcon_core.environment:checking '/home/catherineschuch/lunabotics_ros2_ws/install/webgui_pkg/lib/pkgconfig/webgui_pkg.pc'
[3.736s] Level 1:colcon.colcon_core.environment:checking '/home/catherineschuch/lunabotics_ros2_ws/install/webgui_pkg/lib/python3.10/site-packages'
[3.736s] Level 1:colcon.colcon_core.environment:checking '/home/catherineschuch/lunabotics_ros2_ws/install/webgui_pkg/bin'
[3.737s] INFO:colcon.colcon_core.shell:Creating package script '/home/catherineschuch/lunabotics_ros2_ws/install/webgui_pkg/share/webgui_pkg/package.ps1'
[3.737s] INFO:colcon.colcon_core.shell:Creating package descriptor '/home/catherineschuch/lunabotics_ros2_ws/install/webgui_pkg/share/webgui_pkg/package.dsv'
[3.737s] INFO:colcon.colcon_core.shell:Creating package script '/home/catherineschuch/lunabotics_ros2_ws/install/webgui_pkg/share/webgui_pkg/package.sh'
[3.738s] INFO:colcon.colcon_core.shell:Creating package script '/home/catherineschuch/lunabotics_ros2_ws/install/webgui_pkg/share/webgui_pkg/package.bash'
[3.738s] INFO:colcon.colcon_core.shell:Creating package script '/home/catherineschuch/lunabotics_ros2_ws/install/webgui_pkg/share/webgui_pkg/package.zsh'
[3.739s] Level 1:colcon.colcon_core.environment:create_file_with_runtime_dependencies(/home/catherineschuch/lunabotics_ros2_ws/install/webgui_pkg/share/colcon-core/packages/webgui_pkg)
[4.441s] DEBUG:colcon.colcon_core.event_handler.log_command:Invoked command in '/home/catherineschuch/lunabotics_ros2_ws/build/navigation_pkg' returned '0': CMAKE_PREFIX_PATH=/opt/ros/humble /usr/bin/cmake /home/catherineschuch/lunabotics_ros2_ws/src/navigation_pkg -DCMAKE_INSTALL_PREFIX=/home/catherineschuch/lunabotics_ros2_ws/install/navigation_pkg
[4.443s] DEBUG:colcon.colcon_core.event_handler.log_command:Invoking command in '/home/catherineschuch/lunabotics_ros2_ws/build/navigation_pkg': CMAKE_PREFIX_PATH=/opt/ros/humble /usr/bin/cmake --build /home/catherineschuch/lunabotics_ros2_ws/build/navigation_pkg -- -j16 -l16
[4.478s] DEBUG:colcon.colcon_core.event_handler.log_command:Invoked command in '/home/catherineschuch/lunabotics_ros2_ws/build/navigation_pkg' returned '0': CMAKE_PREFIX_PATH=/opt/ros/humble /usr/bin/cmake --build /home/catherineschuch/lunabotics_ros2_ws/build/navigation_pkg -- -j16 -l16
[4.480s] DEBUG:colcon.colcon_core.event_handler.log_command:Invoking command in '/home/catherineschuch/lunabotics_ros2_ws/build/navigation_pkg': CMAKE_PREFIX_PATH=/opt/ros/humble /usr/bin/cmake --install /home/catherineschuch/lunabotics_ros2_ws/build/navigation_pkg
[4.493s] Level 1:colcon.colcon_core.environment:create_environment_scripts_only(navigation_pkg)
[4.493s] Level 1:colcon.colcon_core.environment:checking '/home/catherineschuch/lunabotics_ros2_ws/install/navigation_pkg' for CMake module files
[4.495s] DEBUG:colcon.colcon_core.event_handler.log_command:Invoked command in '/home/catherineschuch/lunabotics_ros2_ws/build/navigation_pkg' returned '0': CMAKE_PREFIX_PATH=/opt/ros/humble /usr/bin/cmake --install /home/catherineschuch/lunabotics_ros2_ws/build/navigation_pkg
[4.495s] Level 1:colcon.colcon_core.environment:checking '/home/catherineschuch/lunabotics_ros2_ws/install/navigation_pkg' for CMake config files
[4.496s] Level 1:colcon.colcon_core.shell:create_environment_hook('navigation_pkg', 'cmake_prefix_path')
[4.496s] INFO:colcon.colcon_core.shell:Creating environment hook '/home/catherineschuch/lunabotics_ros2_ws/install/navigation_pkg/share/navigation_pkg/hook/cmake_prefix_path.ps1'
[4.497s] INFO:colcon.colcon_core.shell:Creating environment descriptor '/home/catherineschuch/lunabotics_ros2_ws/install/navigation_pkg/share/navigation_pkg/hook/cmake_prefix_path.dsv'
[4.497s] INFO:colcon.colcon_core.shell:Creating environment hook '/home/catherineschuch/lunabotics_ros2_ws/install/navigation_pkg/share/navigation_pkg/hook/cmake_prefix_path.sh'
[4.498s] Level 1:colcon.colcon_core.environment:checking '/home/catherineschuch/lunabotics_ros2_ws/install/navigation_pkg/bin'
[4.498s] Level 1:colcon.colcon_core.environment:checking '/home/catherineschuch/lunabotics_ros2_ws/install/navigation_pkg/lib/pkgconfig/navigation_pkg.pc'
[4.498s] Level 1:colcon.colcon_core.environment:checking '/home/catherineschuch/lunabotics_ros2_ws/install/navigation_pkg/lib/python3.10/site-packages'
[4.499s] Level 1:colcon.colcon_core.environment:checking '/home/catherineschuch/lunabotics_ros2_ws/install/navigation_pkg/bin'
[4.499s] INFO:colcon.colcon_core.shell:Creating package script '/home/catherineschuch/lunabotics_ros2_ws/install/navigation_pkg/share/navigation_pkg/package.ps1'
[4.499s] INFO:colcon.colcon_core.shell:Creating package descriptor '/home/catherineschuch/lunabotics_ros2_ws/install/navigation_pkg/share/navigation_pkg/package.dsv'
[4.500s] INFO:colcon.colcon_core.shell:Creating package script '/home/catherineschuch/lunabotics_ros2_ws/install/navigation_pkg/share/navigation_pkg/package.sh'
[4.500s] INFO:colcon.colcon_core.shell:Creating package script '/home/catherineschuch/lunabotics_ros2_ws/install/navigation_pkg/share/navigation_pkg/package.bash'
[4.501s] INFO:colcon.colcon_core.shell:Creating package script '/home/catherineschuch/lunabotics_ros2_ws/install/navigation_pkg/share/navigation_pkg/package.zsh'
[4.501s] Level 1:colcon.colcon_core.environment:create_file_with_runtime_dependencies(/home/catherineschuch/lunabotics_ros2_ws/install/navigation_pkg/share/colcon-core/packages/navigation_pkg)
[4.502s] Level 1:colcon.colcon_core.environment:create_environment_scripts_only(navigation_pkg)
[4.502s] Level 1:colcon.colcon_core.environment:checking '/home/catherineschuch/lunabotics_ros2_ws/install/navigation_pkg' for CMake module files
[4.502s] Level 1:colcon.colcon_core.environment:checking '/home/catherineschuch/lunabotics_ros2_ws/install/navigation_pkg' for CMake config files
[4.502s] Level 1:colcon.colcon_core.shell:create_environment_hook('navigation_pkg', 'cmake_prefix_path')
[4.502s] INFO:colcon.colcon_core.shell:Creating environment hook '/home/catherineschuch/lunabotics_ros2_ws/install/navigation_pkg/share/navigation_pkg/hook/cmake_prefix_path.ps1'
[4.503s] INFO:colcon.colcon_core.shell:Creating environment descriptor '/home/catherineschuch/lunabotics_ros2_ws/install/navigation_pkg/share/navigation_pkg/hook/cmake_prefix_path.dsv'
[4.503s] INFO:colcon.colcon_core.shell:Creating environment hook '/home/catherineschuch/lunabotics_ros2_ws/install/navigation_pkg/share/navigation_pkg/hook/cmake_prefix_path.sh'
[4.504s] Level 1:colcon.colcon_core.environment:checking '/home/catherineschuch/lunabotics_ros2_ws/install/navigation_pkg/bin'
[4.504s] Level 1:colcon.colcon_core.environment:checking '/home/catherineschuch/lunabotics_ros2_ws/install/navigation_pkg/lib/pkgconfig/navigation_pkg.pc'
[4.504s] Level 1:colcon.colcon_core.environment:checking '/home/catherineschuch/lunabotics_ros2_ws/install/navigation_pkg/lib/python3.10/site-packages'
[4.504s] Level 1:colcon.colcon_core.environment:checking '/home/catherineschuch/lunabotics_ros2_ws/install/navigation_pkg/bin'
[4.505s] INFO:colcon.colcon_core.shell:Creating package script '/home/catherineschuch/lunabotics_ros2_ws/install/navigation_pkg/share/navigation_pkg/package.ps1'
[4.505s] INFO:colcon.colcon_core.shell:Creating package descriptor '/home/catherineschuch/lunabotics_ros2_ws/install/navigation_pkg/share/navigation_pkg/package.dsv'
[4.506s] INFO:colcon.colcon_core.shell:Creating package script '/home/catherineschuch/lunabotics_ros2_ws/install/navigation_pkg/share/navigation_pkg/package.sh'
[4.506s] INFO:colcon.colcon_core.shell:Creating package script '/home/catherineschuch/lunabotics_ros2_ws/install/navigation_pkg/share/navigation_pkg/package.bash'
[4.506s] INFO:colcon.colcon_core.shell:Creating package script '/home/catherineschuch/lunabotics_ros2_ws/install/navigation_pkg/share/navigation_pkg/package.zsh'
[4.507s] Level 1:colcon.colcon_core.environment:create_file_with_runtime_dependencies(/home/catherineschuch/lunabotics_ros2_ws/install/navigation_pkg/share/colcon-core/packages/navigation_pkg)
[6.965s] DEBUG:colcon.colcon_core.event_handler.log_command:Invoked command in '/home/catherineschuch/lunabotics_ros2_ws/build/interfaces_pkg' returned '0': CMAKE_PREFIX_PATH=/opt/ros/humble /usr/bin/cmake /home/catherineschuch/lunabotics_ros2_ws/src/interfaces_pkg -DCMAKE_INSTALL_PREFIX=/home/catherineschuch/lunabotics_ros2_ws/install/interfaces_pkg
[6.965s] DEBUG:colcon.colcon_core.event_handler.log_command:Invoking command in '/home/catherineschuch/lunabotics_ros2_ws/build/interfaces_pkg': CMAKE_PREFIX_PATH=/opt/ros/humble /usr/bin/cmake --build /home/catherineschuch/lunabotics_ros2_ws/build/interfaces_pkg -- -j16 -l16
[10.137s] DEBUG:colcon.colcon_core.event_handler.log_command:Invoked command in '/home/catherineschuch/lunabotics_ros2_ws/build/interfaces_pkg' returned '0': CMAKE_PREFIX_PATH=/opt/ros/humble /usr/bin/cmake --build /home/catherineschuch/lunabotics_ros2_ws/build/interfaces_pkg -- -j16 -l16
[10.139s] DEBUG:colcon.colcon_core.event_handler.log_command:Invoking command in '/home/catherineschuch/lunabotics_ros2_ws/build/interfaces_pkg': CMAKE_PREFIX_PATH=/opt/ros/humble /usr/bin/cmake --install /home/catherineschuch/lunabotics_ros2_ws/build/interfaces_pkg
[10.207s] Level 1:colcon.colcon_core.environment:create_environment_scripts_only(interfaces_pkg)
[10.208s] Level 1:colcon.colcon_core.environment:checking '/home/catherineschuch/lunabotics_ros2_ws/install/interfaces_pkg' for CMake module files
[10.208s] DEBUG:colcon.colcon_core.event_handler.log_command:Invoked command in '/home/catherineschuch/lunabotics_ros2_ws/build/interfaces_pkg' returned '0': CMAKE_PREFIX_PATH=/opt/ros/humble /usr/bin/cmake --install /home/catherineschuch/lunabotics_ros2_ws/build/interfaces_pkg
[10.209s] Level 1:colcon.colcon_core.environment:checking '/home/catherineschuch/lunabotics_ros2_ws/install/interfaces_pkg' for CMake config files
[10.209s] Level 1:colcon.colcon_core.shell:create_environment_hook('interfaces_pkg', 'cmake_prefix_path')
[10.209s] INFO:colcon.colcon_core.shell:Creating environment hook '/home/catherineschuch/lunabotics_ros2_ws/install/interfaces_pkg/share/interfaces_pkg/hook/cmake_prefix_path.ps1'
[10.210s] INFO:colcon.colcon_core.shell:Creating environment descriptor '/home/catherineschuch/lunabotics_ros2_ws/install/interfaces_pkg/share/interfaces_pkg/hook/cmake_prefix_path.dsv'
[10.210s] INFO:colcon.colcon_core.shell:Creating environment hook '/home/catherineschuch/lunabotics_ros2_ws/install/interfaces_pkg/share/interfaces_pkg/hook/cmake_prefix_path.sh'
[10.211s] Level 1:colcon.colcon_core.environment:checking '/home/catherineschuch/lunabotics_ros2_ws/install/interfaces_pkg/lib'
[10.211s] Level 1:colcon.colcon_core.shell:create_environment_hook('interfaces_pkg', 'ld_library_path_lib')
[10.211s] INFO:colcon.colcon_core.shell:Creating environment hook '/home/catherineschuch/lunabotics_ros2_ws/install/interfaces_pkg/share/interfaces_pkg/hook/ld_library_path_lib.ps1'
[10.212s] INFO:colcon.colcon_core.shell:Creating environment descriptor '/home/catherineschuch/lunabotics_ros2_ws/install/interfaces_pkg/share/interfaces_pkg/hook/ld_library_path_lib.dsv'
[10.212s] INFO:colcon.colcon_core.shell:Creating environment hook '/home/catherineschuch/lunabotics_ros2_ws/install/interfaces_pkg/share/interfaces_pkg/hook/ld_library_path_lib.sh'
[10.212s] Level 1:colcon.colcon_core.environment:checking '/home/catherineschuch/lunabotics_ros2_ws/install/interfaces_pkg/bin'
[10.213s] Level 1:colcon.colcon_core.environment:checking '/home/catherineschuch/lunabotics_ros2_ws/install/interfaces_pkg/lib/pkgconfig/interfaces_pkg.pc'
[10.213s] Level 1:colcon.colcon_core.environment:checking '/home/catherineschuch/lunabotics_ros2_ws/install/interfaces_pkg/lib/python3.10/site-packages'
[10.213s] Level 1:colcon.colcon_core.environment:checking '/home/catherineschuch/lunabotics_ros2_ws/install/interfaces_pkg/bin'
[10.213s] INFO:colcon.colcon_core.shell:Creating package script '/home/catherineschuch/lunabotics_ros2_ws/install/interfaces_pkg/share/interfaces_pkg/package.ps1'
[10.214s] INFO:colcon.colcon_core.shell:Creating package descriptor '/home/catherineschuch/lunabotics_ros2_ws/install/interfaces_pkg/share/interfaces_pkg/package.dsv'
[10.214s] INFO:colcon.colcon_core.shell:Creating package script '/home/catherineschuch/lunabotics_ros2_ws/install/interfaces_pkg/share/interfaces_pkg/package.sh'
[10.215s] INFO:colcon.colcon_core.shell:Creating package script '/home/catherineschuch/lunabotics_ros2_ws/install/interfaces_pkg/share/interfaces_pkg/package.bash'
[10.215s] INFO:colcon.colcon_core.shell:Creating package script '/home/catherineschuch/lunabotics_ros2_ws/install/interfaces_pkg/share/interfaces_pkg/package.zsh'
[10.215s] Level 1:colcon.colcon_core.environment:create_file_with_runtime_dependencies(/home/catherineschuch/lunabotics_ros2_ws/install/interfaces_pkg/share/colcon-core/packages/interfaces_pkg)
[10.216s] Level 1:colcon.colcon_core.environment:create_environment_scripts_only(interfaces_pkg)
[10.216s] Level 1:colcon.colcon_core.environment:checking '/home/catherineschuch/lunabotics_ros2_ws/install/interfaces_pkg' for CMake module files
[10.217s] Level 1:colcon.colcon_core.environment:checking '/home/catherineschuch/lunabotics_ros2_ws/install/interfaces_pkg' for CMake config files
[10.217s] Level 1:colcon.colcon_core.shell:create_environment_hook('interfaces_pkg', 'cmake_prefix_path')
[10.218s] INFO:colcon.colcon_core.shell:Creating environment hook '/home/catherineschuch/lunabotics_ros2_ws/install/interfaces_pkg/share/interfaces_pkg/hook/cmake_prefix_path.ps1'
[10.218s] INFO:colcon.colcon_core.shell:Creating environment descriptor '/home/catherineschuch/lunabotics_ros2_ws/install/interfaces_pkg/share/interfaces_pkg/hook/cmake_prefix_path.dsv'
[10.219s] INFO:colcon.colcon_core.shell:Creating environment hook '/home/catherineschuch/lunabotics_ros2_ws/install/interfaces_pkg/share/interfaces_pkg/hook/cmake_prefix_path.sh'
[10.219s] Level 1:colcon.colcon_core.environment:checking '/home/catherineschuch/lunabotics_ros2_ws/install/interfaces_pkg/lib'
[10.219s] Level 1:colcon.colcon_core.shell:create_environment_hook('interfaces_pkg', 'ld_library_path_lib')
[10.220s] INFO:colcon.colcon_core.shell:Creating environment hook '/home/catherineschuch/lunabotics_ros2_ws/install/interfaces_pkg/share/interfaces_pkg/hook/ld_library_path_lib.ps1'
[10.220s] INFO:colcon.colcon_core.shell:Creating environment descriptor '/home/catherineschuch/lunabotics_ros2_ws/install/interfaces_pkg/share/interfaces_pkg/hook/ld_library_path_lib.dsv'
[10.220s] INFO:colcon.colcon_core.shell:Creating environment hook '/home/catherineschuch/lunabotics_ros2_ws/install/interfaces_pkg/share/interfaces_pkg/hook/ld_library_path_lib.sh'
[10.221s] Level 1:colcon.colcon_core.environment:checking '/home/catherineschuch/lunabotics_ros2_ws/install/interfaces_pkg/bin'
[10.221s] Level 1:colcon.colcon_core.environment:checking '/home/catherineschuch/lunabotics_ros2_ws/install/interfaces_pkg/lib/pkgconfig/interfaces_pkg.pc'
[10.221s] Level 1:colcon.colcon_core.environment:checking '/home/catherineschuch/lunabotics_ros2_ws/install/interfaces_pkg/lib/python3.10/site-packages'
[10.221s] Level 1:colcon.colcon_core.environment:checking '/home/catherineschuch/lunabotics_ros2_ws/install/interfaces_pkg/bin'
[10.222s] INFO:colcon.colcon_core.shell:Creating package script '/home/catherineschuch/lunabotics_ros2_ws/install/interfaces_pkg/share/interfaces_pkg/package.ps1'
[10.222s] INFO:colcon.colcon_core.shell:Creating package descriptor '/home/catherineschuch/lunabotics_ros2_ws/install/interfaces_pkg/share/interfaces_pkg/package.dsv'
[10.223s] INFO:colcon.colcon_core.shell:Creating package script '/home/catherineschuch/lunabotics_ros2_ws/install/interfaces_pkg/share/interfaces_pkg/package.sh'
[10.223s] INFO:colcon.colcon_core.shell:Creating package script '/home/catherineschuch/lunabotics_ros2_ws/install/interfaces_pkg/share/interfaces_pkg/package.bash'
[10.224s] INFO:colcon.colcon_core.shell:Creating package script '/home/catherineschuch/lunabotics_ros2_ws/install/interfaces_pkg/share/interfaces_pkg/package.zsh'
[10.224s] Level 1:colcon.colcon_core.environment:create_file_with_runtime_dependencies(/home/catherineschuch/lunabotics_ros2_ws/install/interfaces_pkg/share/colcon-core/packages/interfaces_pkg)
[10.224s] INFO:colcon.colcon_ros.task.ament_cmake.build:Building ROS package in '/home/catherineschuch/lunabotics_ros2_ws/src/control_pkg' with build type 'ament_cmake'
[10.225s] INFO:colcon.colcon_cmake.task.cmake.build:Building CMake package in '/home/catherineschuch/lunabotics_ros2_ws/src/control_pkg'
[10.225s] INFO:colcon.colcon_core.shell:Skip shell extension 'powershell' for command environment: Not usable outside of PowerShell
[10.225s] DEBUG:colcon.colcon_core.shell:Skip shell extension 'dsv' for command environment
[10.521s] DEBUG:colcon.colcon_core.event_handler.log_command:Invoking command in '/home/catherineschuch/lunabotics_ros2_ws/build/control_pkg': AMENT_PREFIX_PATH=/home/catherineschuch/lunabotics_ros2_ws/install/interfaces_pkg:${AMENT_PREFIX_PATH} CMAKE_PREFIX_PATH=/home/catherineschuch/lunabotics_ros2_ws/install/interfaces_pkg:/opt/ros/humble LD_LIBRARY_PATH=/home/catherineschuch/lunabotics_ros2_ws/install/interfaces_pkg/lib:${LD_LIBRARY_PATH} PYTHONPATH=/home/catherineschuch/lunabotics_ros2_ws/install/interfaces_pkg/local/lib/python3.10/dist-packages:${PYTHONPATH} /usr/bin/cmake /home/catherineschuch/lunabotics_ros2_ws/src/control_pkg -DCMAKE_INSTALL_PREFIX=/home/catherineschuch/lunabotics_ros2_ws/install/control_pkg
[34.546s] DEBUG:colcon.colcon_core.event_handler.log_command:Invoked command in '/home/catherineschuch/lunabotics_ros2_ws/build/control_pkg' returned '0': AMENT_PREFIX_PATH=/home/catherineschuch/lunabotics_ros2_ws/install/interfaces_pkg:${AMENT_PREFIX_PATH} CMAKE_PREFIX_PATH=/home/catherineschuch/lunabotics_ros2_ws/install/interfaces_pkg:/opt/ros/humble LD_LIBRARY_PATH=/home/catherineschuch/lunabotics_ros2_ws/install/interfaces_pkg/lib:${LD_LIBRARY_PATH} PYTHONPATH=/home/catherineschuch/lunabotics_ros2_ws/install/interfaces_pkg/local/lib/python3.10/dist-packages:${PYTHONPATH} /usr/bin/cmake /home/catherineschuch/lunabotics_ros2_ws/src/control_pkg -DCMAKE_INSTALL_PREFIX=/home/catherineschuch/lunabotics_ros2_ws/install/control_pkg
[34.547s] DEBUG:colcon.colcon_core.event_handler.log_command:Invoking command in '/home/catherineschuch/lunabotics_ros2_ws/build/control_pkg': AMENT_PREFIX_PATH=/home/catherineschuch/lunabotics_ros2_ws/install/interfaces_pkg:${AMENT_PREFIX_PATH} CMAKE_PREFIX_PATH=/home/catherineschuch/lunabotics_ros2_ws/install/interfaces_pkg:/opt/ros/humble LD_LIBRARY_PATH=/home/catherineschuch/lunabotics_ros2_ws/install/interfaces_pkg/lib:${LD_LIBRARY_PATH} PYTHONPATH=/home/catherineschuch/lunabotics_ros2_ws/install/interfaces_pkg/local/lib/python3.10/dist-packages:${PYTHONPATH} /usr/bin/cmake --build /home/catherineschuch/lunabotics_ros2_ws/build/control_pkg -- -j16 -l16
[44.660s] DEBUG:colcon.colcon_core.event_handler.log_command:Invoked command in '/home/catherineschuch/lunabotics_ros2_ws/build/control_pkg' returned '0': AMENT_PREFIX_PATH=/home/catherineschuch/lunabotics_ros2_ws/install/interfaces_pkg:${AMENT_PREFIX_PATH} CMAKE_PREFIX_PATH=/home/catherineschuch/lunabotics_ros2_ws/install/interfaces_pkg:/opt/ros/humble LD_LIBRARY_PATH=/home/catherineschuch/lunabotics_ros2_ws/install/interfaces_pkg/lib:${LD_LIBRARY_PATH} PYTHONPATH=/home/catherineschuch/lunabotics_ros2_ws/install/interfaces_pkg/local/lib/python3.10/dist-packages:${PYTHONPATH} /usr/bin/cmake --build /home/catherineschuch/lunabotics_ros2_ws/build/control_pkg -- -j16 -l16
[44.661s] DEBUG:colcon.colcon_core.event_handler.log_command:Invoking command in '/home/catherineschuch/lunabotics_ros2_ws/build/control_pkg': AMENT_PREFIX_PATH=/home/catherineschuch/lunabotics_ros2_ws/install/interfaces_pkg:${AMENT_PREFIX_PATH} CMAKE_PREFIX_PATH=/home/catherineschuch/lunabotics_ros2_ws/install/interfaces_pkg:/opt/ros/humble LD_LIBRARY_PATH=/home/catherineschuch/lunabotics_ros2_ws/install/interfaces_pkg/lib:${LD_LIBRARY_PATH} PYTHONPATH=/home/catherineschuch/lunabotics_ros2_ws/install/interfaces_pkg/local/lib/python3.10/dist-packages:${PYTHONPATH} /usr/bin/cmake --install /home/catherineschuch/lunabotics_ros2_ws/build/control_pkg
[44.724s] Level 1:colcon.colcon_core.environment:create_environment_scripts_only(control_pkg)
[44.725s] Level 1:colcon.colcon_core.environment:checking '/home/catherineschuch/lunabotics_ros2_ws/install/control_pkg' for CMake module files
[44.725s] DEBUG:colcon.colcon_core.event_handler.log_command:Invoked command in '/home/catherineschuch/lunabotics_ros2_ws/build/control_pkg' returned '0': AMENT_PREFIX_PATH=/home/catherineschuch/lunabotics_ros2_ws/install/interfaces_pkg:${AMENT_PREFIX_PATH} CMAKE_PREFIX_PATH=/home/catherineschuch/lunabotics_ros2_ws/install/interfaces_pkg:/opt/ros/humble LD_LIBRARY_PATH=/home/catherineschuch/lunabotics_ros2_ws/install/interfaces_pkg/lib:${LD_LIBRARY_PATH} PYTHONPATH=/home/catherineschuch/lunabotics_ros2_ws/install/interfaces_pkg/local/lib/python3.10/dist-packages:${PYTHONPATH} /usr/bin/cmake --install /home/catherineschuch/lunabotics_ros2_ws/build/control_pkg
[44.726s] Level 1:colcon.colcon_core.environment:checking '/home/catherineschuch/lunabotics_ros2_ws/install/control_pkg' for CMake config files
[44.726s] Level 1:colcon.colcon_core.shell:create_environment_hook('control_pkg', 'cmake_prefix_path')
[44.726s] INFO:colcon.colcon_core.shell:Creating environment hook '/home/catherineschuch/lunabotics_ros2_ws/install/control_pkg/share/control_pkg/hook/cmake_prefix_path.ps1'
[44.727s] INFO:colcon.colcon_core.shell:Creating environment descriptor '/home/catherineschuch/lunabotics_ros2_ws/install/control_pkg/share/control_pkg/hook/cmake_prefix_path.dsv'
[44.727s] INFO:colcon.colcon_core.shell:Creating environment hook '/home/catherineschuch/lunabotics_ros2_ws/install/control_pkg/share/control_pkg/hook/cmake_prefix_path.sh'
[44.727s] Level 1:colcon.colcon_core.environment:checking '/home/catherineschuch/lunabotics_ros2_ws/install/control_pkg/lib'
[44.727s] Level 1:colcon.colcon_core.environment:checking '/home/catherineschuch/lunabotics_ros2_ws/install/control_pkg/bin'
[44.728s] Level 1:colcon.colcon_core.environment:checking '/home/catherineschuch/lunabotics_ros2_ws/install/control_pkg/lib/pkgconfig/control_pkg.pc'
[44.728s] Level 1:colcon.colcon_core.environment:checking '/home/catherineschuch/lunabotics_ros2_ws/install/control_pkg/lib/python3.10/site-packages'
[44.728s] Level 1:colcon.colcon_core.environment:checking '/home/catherineschuch/lunabotics_ros2_ws/install/control_pkg/bin'
[44.728s] INFO:colcon.colcon_core.shell:Creating package script '/home/catherineschuch/lunabotics_ros2_ws/install/control_pkg/share/control_pkg/package.ps1'
[44.729s] INFO:colcon.colcon_core.shell:Creating package descriptor '/home/catherineschuch/lunabotics_ros2_ws/install/control_pkg/share/control_pkg/package.dsv'
[44.729s] INFO:colcon.colcon_core.shell:Creating package script '/home/catherineschuch/lunabotics_ros2_ws/install/control_pkg/share/control_pkg/package.sh'
[44.730s] INFO:colcon.colcon_core.shell:Creating package script '/home/catherineschuch/lunabotics_ros2_ws/install/control_pkg/share/control_pkg/package.bash'
[44.730s] INFO:colcon.colcon_core.shell:Creating package script '/home/catherineschuch/lunabotics_ros2_ws/install/control_pkg/share/control_pkg/package.zsh'
[44.731s] Level 1:colcon.colcon_core.environment:create_file_with_runtime_dependencies(/home/catherineschuch/lunabotics_ros2_ws/install/control_pkg/share/colcon-core/packages/control_pkg)
[44.732s] Level 1:colcon.colcon_core.environment:create_environment_scripts_only(control_pkg)
[44.733s] Level 1:colcon.colcon_core.environment:checking '/home/catherineschuch/lunabotics_ros2_ws/install/control_pkg' for CMake module files
[44.733s] Level 1:colcon.colcon_core.environment:checking '/home/catherineschuch/lunabotics_ros2_ws/install/control_pkg' for CMake config files
[44.733s] Level 1:colcon.colcon_core.shell:create_environment_hook('control_pkg', 'cmake_prefix_path')
[44.733s] INFO:colcon.colcon_core.shell:Creating environment hook '/home/catherineschuch/lunabotics_ros2_ws/install/control_pkg/share/control_pkg/hook/cmake_prefix_path.ps1'
[44.734s] INFO:colcon.colcon_core.shell:Creating environment descriptor '/home/catherineschuch/lunabotics_ros2_ws/install/control_pkg/share/control_pkg/hook/cmake_prefix_path.dsv'
[44.734s] INFO:colcon.colcon_core.shell:Creating environment hook '/home/catherineschuch/lunabotics_ros2_ws/install/control_pkg/share/control_pkg/hook/cmake_prefix_path.sh'
[44.735s] Level 1:colcon.colcon_core.environment:checking '/home/catherineschuch/lunabotics_ros2_ws/install/control_pkg/lib'
[44.735s] Level 1:colcon.colcon_core.environment:checking '/home/catherineschuch/lunabotics_ros2_ws/install/control_pkg/bin'
[44.735s] Level 1:colcon.colcon_core.environment:checking '/home/catherineschuch/lunabotics_ros2_ws/install/control_pkg/lib/pkgconfig/control_pkg.pc'
[44.735s] Level 1:colcon.colcon_core.environment:checking '/home/catherineschuch/lunabotics_ros2_ws/install/control_pkg/lib/python3.10/site-packages'
[44.735s] Level 1:colcon.colcon_core.environment:checking '/home/catherineschuch/lunabotics_ros2_ws/install/control_pkg/bin'
[44.736s] INFO:colcon.colcon_core.shell:Creating package script '/home/catherineschuch/lunabotics_ros2_ws/install/control_pkg/share/control_pkg/package.ps1'
[44.737s] INFO:colcon.colcon_core.shell:Creating package descriptor '/home/catherineschuch/lunabotics_ros2_ws/install/control_pkg/share/control_pkg/package.dsv'
[44.738s] INFO:colcon.colcon_core.shell:Creating package script '/home/catherineschuch/lunabotics_ros2_ws/install/control_pkg/share/control_pkg/package.sh'
[44.738s] INFO:colcon.colcon_core.shell:Creating package script '/home/catherineschuch/lunabotics_ros2_ws/install/control_pkg/share/control_pkg/package.bash'
[44.739s] INFO:colcon.colcon_core.shell:Creating package script '/home/catherineschuch/lunabotics_ros2_ws/install/control_pkg/share/control_pkg/package.zsh'
[44.739s] Level 1:colcon.colcon_core.environment:create_file_with_runtime_dependencies(/home/catherineschuch/lunabotics_ros2_ws/install/control_pkg/share/colcon-core/packages/control_pkg)
[44.740s] DEBUG:colcon.colcon_parallel_executor.executor.parallel:closing loop
[44.740s] DEBUG:colcon.colcon_parallel_executor.executor.parallel:loop closed
[44.740s] DEBUG:colcon.colcon_parallel_executor.executor.parallel:run_until_complete finished with '0'
[44.740s] DEBUG:colcon.colcon_core.event_reactor:joining thread
[44.882s] INFO:colcon.colcon_core.plugin_system:Skipping extension 'colcon_notification.desktop_notification.notify_send': Could not find 'notify-send'
[44.882s] INFO:colcon.colcon_core.plugin_system:Skipping extension 'colcon_notification.desktop_notification.terminal_notifier': Not used on non-Darwin systems
[44.882s] INFO:colcon.colcon_core.plugin_system:Skipping extension 'colcon_notification.desktop_notification.win32': Not used on non-Windows systems
[44.883s] INFO:colcon.colcon_notification.desktop_notification:Sending desktop notification using 'notify2'
[44.886s] DEBUG:colcon.colcon_notification.desktop_notification.notify2:Failed to initialize notify2: org.freedesktop.DBus.Error.ServiceUnknown: The name org.freedesktop.Notifications was not provided by any .service files
[44.886s] DEBUG:colcon.colcon_core.event_reactor:joined thread
[44.887s] INFO:colcon.colcon_core.shell:Creating prefix script '/home/catherineschuch/lunabotics_ros2_ws/install/local_setup.ps1'
[44.888s] INFO:colcon.colcon_core.shell:Creating prefix util module '/home/catherineschuch/lunabotics_ros2_ws/install/_local_setup_util_ps1.py'
[44.889s] INFO:colcon.colcon_core.shell:Creating prefix chain script '/home/catherineschuch/lunabotics_ros2_ws/install/setup.ps1'
[44.891s] INFO:colcon.colcon_core.shell:Creating prefix script '/home/catherineschuch/lunabotics_ros2_ws/install/local_setup.sh'
[44.891s] INFO:colcon.colcon_core.shell:Creating prefix util module '/home/catherineschuch/lunabotics_ros2_ws/install/_local_setup_util_sh.py'
[44.892s] INFO:colcon.colcon_core.shell:Creating prefix chain script '/home/catherineschuch/lunabotics_ros2_ws/install/setup.sh'
[44.893s] INFO:colcon.colcon_core.shell:Creating prefix script '/home/catherineschuch/lunabotics_ros2_ws/install/local_setup.bash'
[44.894s] INFO:colcon.colcon_core.shell:Creating prefix chain script '/home/catherineschuch/lunabotics_ros2_ws/install/setup.bash'
[44.895s] INFO:colcon.colcon_core.shell:Creating prefix script '/home/catherineschuch/lunabotics_ros2_ws/install/local_setup.zsh'
[44.896s] INFO:colcon.colcon_core.shell:Creating prefix chain script '/home/catherineschuch/lunabotics_ros2_ws/install/setup.zsh'
