In file included from [01m[K/opt/ros/humble/include/rclcpp/rclcpp/logging.hpp:24[m[K,
                 from [01m[K/opt/ros/humble/include/rclcpp/rclcpp/client.hpp:40[m[K,
                 from [01m[K/opt/ros/humble/include/rclcpp/rclcpp/callback_group.hpp:24[m[K,
                 from [01m[K/opt/ros/humble/include/rclcpp/rclcpp/any_executable.hpp:20[m[K,
                 from [01m[K/opt/ros/humble/include/rclcpp/rclcpp/memory_strategy.hpp:25[m[K,
                 from [01m[K/opt/ros/humble/include/rclcpp/rclcpp/memory_strategies.hpp:18[m[K,
                 from [01m[K/opt/ros/humble/include/rclcpp/rclcpp/executor_options.hpp:20[m[K,
                 from [01m[K/opt/ros/humble/include/rclcpp/rclcpp/executor.hpp:37[m[K,
                 from [01m[K/opt/ros/humble/include/rclcpp/rclcpp/executors/multi_threaded_executor.hpp:25[m[K,
                 from [01m[K/opt/ros/humble/include/rclcpp/rclcpp/executors.hpp:21[m[K,
                 from [01m[K/opt/ros/humble/include/rclcpp/rclcpp/rclcpp.hpp:155[m[K,
                 from [01m[K/ssd/home/edt/Documents/lunabotics_ros_ws/src/motor_control_pkg/src/drivetrain.cpp:1[m[K:
[01m[K/ssd/home/edt/Documents/lunabotics_ros_ws/src/motor_control_pkg/src/drivetrain.cpp:[m[K In member function ‘[01m[Kvoid DrivetrainNode::duty_cycle_control(const DutyCycleOutput&) const[m[K’:
[01m[K/ssd/home/edt/Documents/lunabotics_ros_ws/src/motor_control_pkg/src/drivetrain.cpp:49:36:[m[K [01;35m[Kwarning: [m[Kformat ‘[01m[K%d[m[K’ expects argument of type ‘[01m[Kint[m[K’, but argument 5 has type ‘[01m[Kinterfaces_pkg::msg::DutyCycleOutput_<std::allocator<void> >::_left_drive_output_type[m[K’ {aka ‘[01m[Kdouble[m[K’} [[01;35m[K-Wformat=[m[K]
   49 |    RCLCPP_INFO(this->get_logger(), [01;35m[K"Duty cylce: Left motor set to : %d, Right motor set to : %d"[m[K,[32m[Kmsg.left_drive_output[m[K, msg.right_drive_output);
      |                                    [01;35m[K^~~~~~~~~~~~~~~~~~~~~~~~~~~~~~~~~~~~~~~~~~~~~~~~~~~~~~~~~~~~~[m[K [32m[K~~~~~~~~~~~~~~~~~~~~~[m[K
      |                                                                                                      [32m[K|[m[K
      |                                                                                                      [32m[Kinterfaces_pkg::msg::DutyCycleOutput_<std::allocator<void> >::_left_drive_output_type {aka double}[m[K
[01m[K/ssd/home/edt/Documents/lunabotics_ros_ws/src/motor_control_pkg/src/drivetrain.cpp:49:70:[m[K [01;36m[Knote: [m[Kformat string is defined here
   49 |    RCLCPP_INFO(this->get_logger(), "Duty cylce: Left motor set to : [01;36m[K%d[m[K, Right motor set to : %d",msg.left_drive_output, msg.right_drive_output);
      |                                                                     [01;36m[K~^[m[K
      |                                                                      [01;36m[K|[m[K
      |                                                                      [01;36m[Kint[m[K
      |                                                                     [32m[K%f[m[K
In file included from [01m[K/opt/ros/humble/include/rclcpp/rclcpp/logging.hpp:24[m[K,
                 from [01m[K/opt/ros/humble/include/rclcpp/rclcpp/client.hpp:40[m[K,
                 from [01m[K/opt/ros/humble/include/rclcpp/rclcpp/callback_group.hpp:24[m[K,
                 from [01m[K/opt/ros/humble/include/rclcpp/rclcpp/any_executable.hpp:20[m[K,
                 from [01m[K/opt/ros/humble/include/rclcpp/rclcpp/memory_strategy.hpp:25[m[K,
                 from [01m[K/opt/ros/humble/include/rclcpp/rclcpp/memory_strategies.hpp:18[m[K,
                 from [01m[K/opt/ros/humble/include/rclcpp/rclcpp/executor_options.hpp:20[m[K,
                 from [01m[K/opt/ros/humble/include/rclcpp/rclcpp/executor.hpp:37[m[K,
                 from [01m[K/opt/ros/humble/include/rclcpp/rclcpp/executors/multi_threaded_executor.hpp:25[m[K,
                 from [01m[K/opt/ros/humble/include/rclcpp/rclcpp/executors.hpp:21[m[K,
                 from [01m[K/opt/ros/humble/include/rclcpp/rclcpp/rclcpp.hpp:155[m[K,
                 from [01m[K/ssd/home/edt/Documents/lunabotics_ros_ws/src/motor_control_pkg/src/drivetrain.cpp:1[m[K:
[01m[K/ssd/home/edt/Documents/lunabotics_ros_ws/src/motor_control_pkg/src/drivetrain.cpp:49:36:[m[K [01;35m[Kwarning: [m[Kformat ‘[01m[K%d[m[K’ expects argument of type ‘[01m[Kint[m[K’, but argument 6 has type ‘[01m[Kinterfaces_pkg::msg::DutyCycleOutput_<std::allocator<void> >::_right_drive_output_type[m[K’ {aka ‘[01m[Kdouble[m[K’} [[01;35m[K-Wformat=[m[K]
   49 |    RCLCPP_INFO(this->get_logger(), [01;35m[K"Duty cylce: Left motor set to : %d, Right motor set to : %d"[m[K,msg.left_drive_output, [32m[Kmsg.right_drive_output[m[K);
      |                                    [01;35m[K^~~~~~~~~~~~~~~~~~~~~~~~~~~~~~~~~~~~~~~~~~~~~~~~~~~~~~~~~~~~~[m[K                        [32m[K~~~~~~~~~~~~~~~~~~~~~~[m[K
      |                                                                                                                             [32m[K|[m[K
      |                                                                                                                             [32m[Kinterfaces_pkg::msg::DutyCycleOutput_<std::allocator<void> >::_right_drive_output_type {aka double}[m[K
[01m[K/ssd/home/edt/Documents/lunabotics_ros_ws/src/motor_control_pkg/src/drivetrain.cpp:49:95:[m[K [01;36m[Knote: [m[Kformat string is defined here
   49 |    RCLCPP_INFO(this->get_logger(), "Duty cylce: Left motor set to : %d, Right motor set to : [01;36m[K%d[m[K",msg.left_drive_output, msg.right_drive_output);
      |                                                                                              [01;36m[K~^[m[K
      |                                                                                               [01;36m[K|[m[K
      |                                                                                               [01;36m[Kint[m[K
      |                                                                                              [32m[K%f[m[K
