[0.031s] Invoking command in '/ssd/home/edt/Documents/lunabotics_ros_ws/build/motor_control_pkg': CMAKE_PREFIX_PATH=${CMAKE_PREFIX_PATH}:/opt/ros/humble /usr/bin/cmake /ssd/home/edt/Documents/lunabotics_ros_ws/src/motor_control_pkg -DCMAKE_INSTALL_PREFIX=/ssd/home/edt/Documents/lunabotics_ros_ws/install/motor_control_pkg
[0.253s] -- The C compiler identification is GNU 9.4.0
[0.439s] -- The CXX compiler identification is GNU 9.4.0
[0.448s] -- Check for working C compiler: /usr/bin/cc
[0.674s] -- Check for working C compiler: /usr/bin/cc -- works
[0.677s] -- Detecting C compiler ABI info
[0.913s] -- Detecting C compiler ABI info - done
[0.940s] -- Detecting C compile features
[0.941s] -- Detecting C compile features - done
[0.946s] -- Check for working CXX compiler: /usr/bin/c++
[1.188s] -- Check for working CXX compiler: /usr/bin/c++ -- works
[1.191s] -- Detecting CXX compiler ABI info
[1.440s] -- Detecting CXX compiler ABI info - done
[1.469s] -- Detecting CXX compile features
[1.470s] -- Detecting CXX compile features - done
[1.474s] -- Found ament_cmake: 1.3.6 (/opt/ros/humble/share/ament_cmake/cmake)
[1.758s] -- Found Python3: /usr/bin/python3.9 (found version "3.9.5") found components: Interpreter 
[1.953s] -- Found interfaces_pkg: 0.0.0 (/ssd/home/edt/Documents/lunabotics_ros_ws/install/interfaces_pkg/share/interfaces_pkg/cmake)
[2.022s] -- Found rosidl_generator_c: 3.1.5 (/opt/ros/humble/share/rosidl_generator_c/cmake)
[2.031s] -- Found rosidl_adapter: 3.1.5 (/opt/ros/humble/share/rosidl_adapter/cmake)
[2.048s] -- Found rosidl_generator_cpp: 3.1.5 (/opt/ros/humble/share/rosidl_generator_cpp/cmake)
[2.078s] -- Using all available rosidl_typesupport_c: rosidl_typesupport_fastrtps_c;rosidl_typesupport_introspection_c
[2.122s] -- Using all available rosidl_typesupport_cpp: rosidl_typesupport_fastrtps_cpp;rosidl_typesupport_introspection_cpp
[2.150s] -- Found rclcpp: 16.0.7 (/opt/ros/humble/share/rclcpp/cmake)
[2.328s] -- Found rmw_implementation_cmake: 6.1.1 (/opt/ros/humble/share/rmw_implementation_cmake/cmake)
[2.332s] -- Found rmw_fastrtps_cpp: 6.2.5 (/opt/ros/humble/share/rmw_fastrtps_cpp/cmake)
[2.557s] -- Found OpenSSL: /usr/lib/aarch64-linux-gnu/libcrypto.so (found version "1.1.1f")  
[2.612s] -- Found FastRTPS: /opt/ros/humble/include  
[2.710s] -- Using RMW implementation 'rmw_fastrtps_cpp' as default
[2.729s] -- Looking for pthread.h
[2.958s] -- Looking for pthread.h - found
[2.959s] -- Performing Test CMAKE_HAVE_LIBC_PTHREAD
[3.327s] -- Performing Test CMAKE_HAVE_LIBC_PTHREAD - Failed
[3.327s] -- Looking for pthread_create in pthreads
[3.675s] -- Looking for pthread_create in pthreads - not found
[3.675s] -- Looking for pthread_create in pthread
[3.903s] -- Looking for pthread_create in pthread - found
[3.906s] -- Found Threads: TRUE  
[4.278s] -- Found ament_lint_auto: 0.12.9 (/opt/ros/humble/share/ament_lint_auto/cmake)
[4.621s] -- Added test 'cppcheck' to perform static code analysis on C / C++ code
[4.622s] -- Configured cppcheck include dirs: 
[4.622s] -- Configured cppcheck exclude dirs and/or files: 
[4.623s] -- Added test 'lint_cmake' to check CMake code style
[4.624s] -- Added test 'uncrustify' to check C / C++ code style
[4.624s] -- Configured uncrustify additional arguments: 
[4.625s] -- Added test 'xmllint' to check XML markup files
[4.634s] -- Configuring done
[4.658s] -- Generating done
[4.674s] -- Build files have been written to: /ssd/home/edt/Documents/lunabotics_ros_ws/build/motor_control_pkg
[4.706s] Invoked command in '/ssd/home/edt/Documents/lunabotics_ros_ws/build/motor_control_pkg' returned '0': CMAKE_PREFIX_PATH=${CMAKE_PREFIX_PATH}:/opt/ros/humble /usr/bin/cmake /ssd/home/edt/Documents/lunabotics_ros_ws/src/motor_control_pkg -DCMAKE_INSTALL_PREFIX=/ssd/home/edt/Documents/lunabotics_ros_ws/install/motor_control_pkg
[4.717s] Invoking command in '/ssd/home/edt/Documents/lunabotics_ros_ws/build/motor_control_pkg': CMAKE_PREFIX_PATH=${CMAKE_PREFIX_PATH}:/opt/ros/humble /usr/bin/cmake --build /ssd/home/edt/Documents/lunabotics_ros_ws/build/motor_control_pkg -- -j6 -l6
[4.814s] [35m[1mScanning dependencies of target drivetrain[0m
[4.814s] [35m[1mScanning dependencies of target scoop[0m
[4.924s] [ 25%] [32mBuilding CXX object CMakeFiles/drivetrain.dir/src/drivetrain.cpp.o[0m
[4.926s] [ 50%] [32mBuilding CXX object CMakeFiles/scoop.dir/src/scoop.cpp.o[0m
[11.951s] In file included from [01m[K/opt/ros/humble/include/rclcpp/rclcpp/logging.hpp:24[m[K,
[11.951s]                  from [01m[K/opt/ros/humble/include/rclcpp/rclcpp/client.hpp:40[m[K,
[11.951s]                  from [01m[K/opt/ros/humble/include/rclcpp/rclcpp/callback_group.hpp:24[m[K,
[11.951s]                  from [01m[K/opt/ros/humble/include/rclcpp/rclcpp/any_executable.hpp:20[m[K,
[11.952s]                  from [01m[K/opt/ros/humble/include/rclcpp/rclcpp/memory_strategy.hpp:25[m[K,
[11.952s]                  from [01m[K/opt/ros/humble/include/rclcpp/rclcpp/memory_strategies.hpp:18[m[K,
[11.952s]                  from [01m[K/opt/ros/humble/include/rclcpp/rclcpp/executor_options.hpp:20[m[K,
[11.952s]                  from [01m[K/opt/ros/humble/include/rclcpp/rclcpp/executor.hpp:37[m[K,
[11.952s]                  from [01m[K/opt/ros/humble/include/rclcpp/rclcpp/executors/multi_threaded_executor.hpp:25[m[K,
[11.952s]                  from [01m[K/opt/ros/humble/include/rclcpp/rclcpp/executors.hpp:21[m[K,
[11.952s]                  from [01m[K/opt/ros/humble/include/rclcpp/rclcpp/rclcpp.hpp:155[m[K,
[11.952s]                  from [01m[K/ssd/home/edt/Documents/lunabotics_ros_ws/src/motor_control_pkg/src/drivetrain.cpp:1[m[K:
[11.953s] [01m[K/ssd/home/edt/Documents/lunabotics_ros_ws/src/motor_control_pkg/src/drivetrain.cpp:[m[K In member function ‘[01m[Kvoid DrivetrainNode::duty_cycle_control(const DutyCycleOutput&) const[m[K’:
[11.953s] [01m[K/ssd/home/edt/Documents/lunabotics_ros_ws/src/motor_control_pkg/src/drivetrain.cpp:49:36:[m[K [01;35m[Kwarning: [m[Kformat ‘[01m[K%d[m[K’ expects argument of type ‘[01m[Kint[m[K’, but argument 5 has type ‘[01m[Kinterfaces_pkg::msg::DutyCycleOutput_<std::allocator<void> >::_left_drive_output_type[m[K’ {aka ‘[01m[Kdouble[m[K’} [[01;35m[K-Wformat=[m[K]
[11.953s]    49 |    RCLCPP_INFO(this->get_logger(), [01;35m[K"Duty cylce: Left motor set to : %d, Right motor set to : %d"[m[K,[32m[Kmsg.left_drive_output[m[K, msg.right_drive_output);
[11.953s]       |                                    [01;35m[K^~~~~~~~~~~~~~~~~~~~~~~~~~~~~~~~~~~~~~~~~~~~~~~~~~~~~~~~~~~~~[m[K [32m[K~~~~~~~~~~~~~~~~~~~~~[m[K
[11.953s]       |                                                                                                      [32m[K|[m[K
[11.953s]       |                                                                                                      [32m[Kinterfaces_pkg::msg::DutyCycleOutput_<std::allocator<void> >::_left_drive_output_type {aka double}[m[K
[11.953s] [01m[K/ssd/home/edt/Documents/lunabotics_ros_ws/src/motor_control_pkg/src/drivetrain.cpp:49:70:[m[K [01;36m[Knote: [m[Kformat string is defined here
[11.954s]    49 |    RCLCPP_INFO(this->get_logger(), "Duty cylce: Left motor set to : [01;36m[K%d[m[K, Right motor set to : %d",msg.left_drive_output, msg.right_drive_output);
[11.954s]       |                                                                     [01;36m[K~^[m[K
[11.954s]       |                                                                      [01;36m[K|[m[K
[11.954s]       |                                                                      [01;36m[Kint[m[K
[11.954s]       |                                                                     [32m[K%f[m[K
[11.954s] In file included from [01m[K/opt/ros/humble/include/rclcpp/rclcpp/logging.hpp:24[m[K,
[11.954s]                  from [01m[K/opt/ros/humble/include/rclcpp/rclcpp/client.hpp:40[m[K,
[11.954s]                  from [01m[K/opt/ros/humble/include/rclcpp/rclcpp/callback_group.hpp:24[m[K,
[11.954s]                  from [01m[K/opt/ros/humble/include/rclcpp/rclcpp/any_executable.hpp:20[m[K,
[11.955s]                  from [01m[K/opt/ros/humble/include/rclcpp/rclcpp/memory_strategy.hpp:25[m[K,
[11.955s]                  from [01m[K/opt/ros/humble/include/rclcpp/rclcpp/memory_strategies.hpp:18[m[K,
[11.955s]                  from [01m[K/opt/ros/humble/include/rclcpp/rclcpp/executor_options.hpp:20[m[K,
[11.955s]                  from [01m[K/opt/ros/humble/include/rclcpp/rclcpp/executor.hpp:37[m[K,
[11.955s]                  from [01m[K/opt/ros/humble/include/rclcpp/rclcpp/executors/multi_threaded_executor.hpp:25[m[K,
[11.955s]                  from [01m[K/opt/ros/humble/include/rclcpp/rclcpp/executors.hpp:21[m[K,
[11.955s]                  from [01m[K/opt/ros/humble/include/rclcpp/rclcpp/rclcpp.hpp:155[m[K,
[11.955s]                  from [01m[K/ssd/home/edt/Documents/lunabotics_ros_ws/src/motor_control_pkg/src/drivetrain.cpp:1[m[K:
[11.955s] [01m[K/ssd/home/edt/Documents/lunabotics_ros_ws/src/motor_control_pkg/src/drivetrain.cpp:49:36:[m[K [01;35m[Kwarning: [m[Kformat ‘[01m[K%d[m[K’ expects argument of type ‘[01m[Kint[m[K’, but argument 6 has type ‘[01m[Kinterfaces_pkg::msg::DutyCycleOutput_<std::allocator<void> >::_right_drive_output_type[m[K’ {aka ‘[01m[Kdouble[m[K’} [[01;35m[K-Wformat=[m[K]
[11.956s]    49 |    RCLCPP_INFO(this->get_logger(), [01;35m[K"Duty cylce: Left motor set to : %d, Right motor set to : %d"[m[K,msg.left_drive_output, [32m[Kmsg.right_drive_output[m[K);
[11.956s]       |                                    [01;35m[K^~~~~~~~~~~~~~~~~~~~~~~~~~~~~~~~~~~~~~~~~~~~~~~~~~~~~~~~~~~~~[m[K                        [32m[K~~~~~~~~~~~~~~~~~~~~~~[m[K
[11.956s]       |                                                                                                                             [32m[K|[m[K
[11.956s]       |                                                                                                                             [32m[Kinterfaces_pkg::msg::DutyCycleOutput_<std::allocator<void> >::_right_drive_output_type {aka double}[m[K
[11.956s] [01m[K/ssd/home/edt/Documents/lunabotics_ros_ws/src/motor_control_pkg/src/drivetrain.cpp:49:95:[m[K [01;36m[Knote: [m[Kformat string is defined here
[11.956s]    49 |    RCLCPP_INFO(this->get_logger(), "Duty cylce: Left motor set to : %d, Right motor set to : [01;36m[K%d[m[K",msg.left_drive_output, msg.right_drive_output);
[11.956s]       |                                                                                              [01;36m[K~^[m[K
[11.956s]       |                                                                                               [01;36m[K|[m[K
[11.957s]       |                                                                                               [01;36m[Kint[m[K
[11.957s]       |                                                                                              [32m[K%f[m[K
[27.946s] [ 75%] [32m[1mLinking CXX executable scoop[0m
[28.000s] [100%] [32m[1mLinking CXX executable drivetrain[0m
[29.070s] [100%] Built target scoop
[29.118s] [100%] Built target drivetrain
[29.227s] Invoked command in '/ssd/home/edt/Documents/lunabotics_ros_ws/build/motor_control_pkg' returned '0': CMAKE_PREFIX_PATH=${CMAKE_PREFIX_PATH}:/opt/ros/humble /usr/bin/cmake --build /ssd/home/edt/Documents/lunabotics_ros_ws/build/motor_control_pkg -- -j6 -l6
[29.265s] Invoking command in '/ssd/home/edt/Documents/lunabotics_ros_ws/build/motor_control_pkg': CMAKE_PREFIX_PATH=${CMAKE_PREFIX_PATH}:/opt/ros/humble /usr/bin/cmake --install /ssd/home/edt/Documents/lunabotics_ros_ws/build/motor_control_pkg
[29.287s] -- Install configuration: ""
[29.288s] -- Installing: /ssd/home/edt/Documents/lunabotics_ros_ws/install/motor_control_pkg/lib/motor_control_pkg/drivetrain
[29.297s] -- Set runtime path of "/ssd/home/edt/Documents/lunabotics_ros_ws/install/motor_control_pkg/lib/motor_control_pkg/drivetrain" to ""
[29.297s] -- Installing: /ssd/home/edt/Documents/lunabotics_ros_ws/install/motor_control_pkg/lib/motor_control_pkg/scoop
[29.306s] -- Set runtime path of "/ssd/home/edt/Documents/lunabotics_ros_ws/install/motor_control_pkg/lib/motor_control_pkg/scoop" to ""
[29.306s] -- Installing: /ssd/home/edt/Documents/lunabotics_ros_ws/install/motor_control_pkg/share/ament_index/resource_index/package_run_dependencies/motor_control_pkg
[29.306s] -- Installing: /ssd/home/edt/Documents/lunabotics_ros_ws/install/motor_control_pkg/share/ament_index/resource_index/parent_prefix_path/motor_control_pkg
[29.307s] -- Installing: /ssd/home/edt/Documents/lunabotics_ros_ws/install/motor_control_pkg/share/motor_control_pkg/environment/ament_prefix_path.sh
[29.307s] -- Installing: /ssd/home/edt/Documents/lunabotics_ros_ws/install/motor_control_pkg/share/motor_control_pkg/environment/ament_prefix_path.dsv
[29.307s] -- Installing: /ssd/home/edt/Documents/lunabotics_ros_ws/install/motor_control_pkg/share/motor_control_pkg/environment/path.sh
[29.307s] -- Installing: /ssd/home/edt/Documents/lunabotics_ros_ws/install/motor_control_pkg/share/motor_control_pkg/environment/path.dsv
[29.308s] -- Installing: /ssd/home/edt/Documents/lunabotics_ros_ws/install/motor_control_pkg/share/motor_control_pkg/local_setup.bash
[29.308s] -- Installing: /ssd/home/edt/Documents/lunabotics_ros_ws/install/motor_control_pkg/share/motor_control_pkg/local_setup.sh
[29.308s] -- Installing: /ssd/home/edt/Documents/lunabotics_ros_ws/install/motor_control_pkg/share/motor_control_pkg/local_setup.zsh
[29.309s] -- Installing: /ssd/home/edt/Documents/lunabotics_ros_ws/install/motor_control_pkg/share/motor_control_pkg/local_setup.dsv
[29.309s] -- Installing: /ssd/home/edt/Documents/lunabotics_ros_ws/install/motor_control_pkg/share/motor_control_pkg/package.dsv
[29.309s] -- Installing: /ssd/home/edt/Documents/lunabotics_ros_ws/install/motor_control_pkg/share/ament_index/resource_index/packages/motor_control_pkg
[29.310s] -- Installing: /ssd/home/edt/Documents/lunabotics_ros_ws/install/motor_control_pkg/share/motor_control_pkg/cmake/motor_control_pkgConfig.cmake
[29.310s] -- Installing: /ssd/home/edt/Documents/lunabotics_ros_ws/install/motor_control_pkg/share/motor_control_pkg/cmake/motor_control_pkgConfig-version.cmake
[29.310s] -- Installing: /ssd/home/edt/Documents/lunabotics_ros_ws/install/motor_control_pkg/share/motor_control_pkg/package.xml
[29.318s] Invoked command in '/ssd/home/edt/Documents/lunabotics_ros_ws/build/motor_control_pkg' returned '0': CMAKE_PREFIX_PATH=${CMAKE_PREFIX_PATH}:/opt/ros/humble /usr/bin/cmake --install /ssd/home/edt/Documents/lunabotics_ros_ws/build/motor_control_pkg
