[0.418s] DEBUG:colcon:Command line arguments: ['/usr/bin/colcon', 'build', '--packages-select', 'motor_control_pkg']
[0.419s] DEBUG:colcon:Parsed command line arguments: Namespace(allow_overriding=[], ament_cmake_args=None, base_paths=['.'], build_base='build', catkin_cmake_args=None, catkin_skip_building_tests=False, cmake_args=None, cmake_clean_cache=False, cmake_clean_first=False, cmake_force_configure=False, cmake_target=None, cmake_target_skip_unavailable=False, continue_on_error=False, event_handlers=None, executor='parallel', ignore_user_meta=False, install_base='install', log_base=None, log_level=None, main=<bound method BuildVerb.main of <colcon_core.verb.build.BuildVerb object at 0xffff9d68b9a0>>, merge_install=False, metas=['./colcon.meta'], packages_above=None, packages_above_and_dependencies=None, packages_above_depth=None, packages_end=None, packages_ignore=None, packages_ignore_regex=None, packages_select=['motor_control_pkg'], packages_select_build_failed=False, packages_select_by_dep=None, packages_select_regex=None, packages_select_test_failures=False, packages_skip=None, packages_skip_build_finished=False, packages_skip_by_dep=None, packages_skip_regex=None, packages_skip_test_passed=False, packages_skip_up_to=None, packages_start=None, packages_up_to=None, packages_up_to_regex=None, parallel_workers=6, paths=None, symlink_install=False, test_result_base=None, verb_extension=<colcon_core.verb.build.BuildVerb object at 0xffff9d68b9a0>, verb_name='build', verb_parser=<colcon_defaults.argument_parser.defaults.DefaultArgumentsDecorator object at 0xffff9d519b50>)
[0.766s] Level 1:colcon.colcon_core.package_discovery:discover_packages(colcon_meta) check parameters
[0.767s] Level 1:colcon.colcon_core.package_discovery:discover_packages(recursive) check parameters
[0.767s] Level 1:colcon.colcon_core.package_discovery:discover_packages(ignore) check parameters
[0.767s] Level 1:colcon.colcon_core.package_discovery:discover_packages(path) check parameters
[0.767s] Level 1:colcon.colcon_core.package_discovery:discover_packages(colcon_meta) discover
[0.767s] Level 1:colcon.colcon_core.package_discovery:discover_packages(recursive) discover
[0.767s] INFO:colcon.colcon_core.package_discovery:Crawling recursively for packages in '/ssd/home/edt/Documents/lunabotics_ros_ws'
[0.768s] Level 1:colcon.colcon_core.package_identification:_identify(.) by extensions ['ignore', 'ignore_ament_install']
[0.768s] Level 1:colcon.colcon_core.package_identification:_identify(.) by extension 'ignore'
[0.768s] Level 1:colcon.colcon_core.package_identification:_identify(.) by extension 'ignore_ament_install'
[0.768s] Level 1:colcon.colcon_core.package_identification:_identify(.) by extensions ['colcon_pkg']
[0.768s] Level 1:colcon.colcon_core.package_identification:_identify(.) by extension 'colcon_pkg'
[0.768s] Level 1:colcon.colcon_core.package_identification:_identify(.) by extensions ['colcon_meta']
[0.768s] Level 1:colcon.colcon_core.package_identification:_identify(.) by extension 'colcon_meta'
[0.769s] Level 1:colcon.colcon_core.package_identification:_identify(.) by extensions ['ros']
[0.769s] Level 1:colcon.colcon_core.package_identification:_identify(.) by extension 'ros'
[0.793s] Level 1:colcon.colcon_core.package_identification:_identify(.) by extensions ['cmake', 'python']
[0.794s] Level 1:colcon.colcon_core.package_identification:_identify(.) by extension 'cmake'
[0.794s] Level 1:colcon.colcon_core.package_identification:_identify(.) by extension 'python'
[0.794s] Level 1:colcon.colcon_core.package_identification:_identify(.) by extensions ['python_setup_py']
[0.794s] Level 1:colcon.colcon_core.package_identification:_identify(.) by extension 'python_setup_py'
[0.794s] Level 1:colcon.colcon_core.package_identification:_identify(build) by extensions ['ignore', 'ignore_ament_install']
[0.794s] Level 1:colcon.colcon_core.package_identification:_identify(build) by extension 'ignore'
[0.795s] Level 1:colcon.colcon_core.package_identification:_identify(build) ignored
[0.795s] Level 1:colcon.colcon_core.package_identification:_identify(install) by extensions ['ignore', 'ignore_ament_install']
[0.795s] Level 1:colcon.colcon_core.package_identification:_identify(install) by extension 'ignore'
[0.795s] Level 1:colcon.colcon_core.package_identification:_identify(install) ignored
[0.795s] Level 1:colcon.colcon_core.package_identification:_identify(log) by extensions ['ignore', 'ignore_ament_install']
[0.796s] Level 1:colcon.colcon_core.package_identification:_identify(log) by extension 'ignore'
[0.796s] Level 1:colcon.colcon_core.package_identification:_identify(log) ignored
[0.796s] Level 1:colcon.colcon_core.package_identification:_identify(src) by extensions ['ignore', 'ignore_ament_install']
[0.796s] Level 1:colcon.colcon_core.package_identification:_identify(src) by extension 'ignore'
[0.796s] Level 1:colcon.colcon_core.package_identification:_identify(src) by extension 'ignore_ament_install'
[0.796s] Level 1:colcon.colcon_core.package_identification:_identify(src) by extensions ['colcon_pkg']
[0.796s] Level 1:colcon.colcon_core.package_identification:_identify(src) by extension 'colcon_pkg'
[0.796s] Level 1:colcon.colcon_core.package_identification:_identify(src) by extensions ['colcon_meta']
[0.797s] Level 1:colcon.colcon_core.package_identification:_identify(src) by extension 'colcon_meta'
[0.797s] Level 1:colcon.colcon_core.package_identification:_identify(src) by extensions ['ros']
[0.797s] Level 1:colcon.colcon_core.package_identification:_identify(src) by extension 'ros'
[0.797s] Level 1:colcon.colcon_core.package_identification:_identify(src) by extensions ['cmake', 'python']
[0.797s] Level 1:colcon.colcon_core.package_identification:_identify(src) by extension 'cmake'
[0.797s] Level 1:colcon.colcon_core.package_identification:_identify(src) by extension 'python'
[0.797s] Level 1:colcon.colcon_core.package_identification:_identify(src) by extensions ['python_setup_py']
[0.797s] Level 1:colcon.colcon_core.package_identification:_identify(src) by extension 'python_setup_py'
[0.797s] Level 1:colcon.colcon_core.package_identification:_identify(src/brain_pkg) by extensions ['ignore', 'ignore_ament_install']
[0.798s] Level 1:colcon.colcon_core.package_identification:_identify(src/brain_pkg) by extension 'ignore'
[0.798s] Level 1:colcon.colcon_core.package_identification:_identify(src/brain_pkg) by extension 'ignore_ament_install'
[0.798s] Level 1:colcon.colcon_core.package_identification:_identify(src/brain_pkg) by extensions ['colcon_pkg']
[0.798s] Level 1:colcon.colcon_core.package_identification:_identify(src/brain_pkg) by extension 'colcon_pkg'
[0.798s] Level 1:colcon.colcon_core.package_identification:_identify(src/brain_pkg) by extensions ['colcon_meta']
[0.798s] Level 1:colcon.colcon_core.package_identification:_identify(src/brain_pkg) by extension 'colcon_meta'
[0.798s] Level 1:colcon.colcon_core.package_identification:_identify(src/brain_pkg) by extensions ['ros']
[0.798s] Level 1:colcon.colcon_core.package_identification:_identify(src/brain_pkg) by extension 'ros'
[0.804s] DEBUG:colcon.colcon_core.package_identification:Package 'src/brain_pkg' with type 'ros.ament_python' and name 'brain_pkg'
[0.804s] Level 1:colcon.colcon_core.package_identification:_identify(src/interfaces_pkg) by extensions ['ignore', 'ignore_ament_install']
[0.804s] Level 1:colcon.colcon_core.package_identification:_identify(src/interfaces_pkg) by extension 'ignore'
[0.804s] Level 1:colcon.colcon_core.package_identification:_identify(src/interfaces_pkg) by extension 'ignore_ament_install'
[0.805s] Level 1:colcon.colcon_core.package_identification:_identify(src/interfaces_pkg) by extensions ['colcon_pkg']
[0.805s] Level 1:colcon.colcon_core.package_identification:_identify(src/interfaces_pkg) by extension 'colcon_pkg'
[0.805s] Level 1:colcon.colcon_core.package_identification:_identify(src/interfaces_pkg) by extensions ['colcon_meta']
[0.805s] Level 1:colcon.colcon_core.package_identification:_identify(src/interfaces_pkg) by extension 'colcon_meta'
[0.805s] Level 1:colcon.colcon_core.package_identification:_identify(src/interfaces_pkg) by extensions ['ros']
[0.805s] Level 1:colcon.colcon_core.package_identification:_identify(src/interfaces_pkg) by extension 'ros'
[0.806s] DEBUG:colcon.colcon_core.package_identification:Package 'src/interfaces_pkg' with type 'ros.ament_cmake' and name 'interfaces_pkg'
[0.806s] Level 1:colcon.colcon_core.package_identification:_identify(src/motor_control_pkg) by extensions ['ignore', 'ignore_ament_install']
[0.807s] Level 1:colcon.colcon_core.package_identification:_identify(src/motor_control_pkg) by extension 'ignore'
[0.807s] Level 1:colcon.colcon_core.package_identification:_identify(src/motor_control_pkg) by extension 'ignore_ament_install'
[0.807s] Level 1:colcon.colcon_core.package_identification:_identify(src/motor_control_pkg) by extensions ['colcon_pkg']
[0.807s] Level 1:colcon.colcon_core.package_identification:_identify(src/motor_control_pkg) by extension 'colcon_pkg'
[0.807s] Level 1:colcon.colcon_core.package_identification:_identify(src/motor_control_pkg) by extensions ['colcon_meta']
[0.807s] Level 1:colcon.colcon_core.package_identification:_identify(src/motor_control_pkg) by extension 'colcon_meta'
[0.807s] Level 1:colcon.colcon_core.package_identification:_identify(src/motor_control_pkg) by extensions ['ros']
[0.807s] Level 1:colcon.colcon_core.package_identification:_identify(src/motor_control_pkg) by extension 'ros'
[0.808s] DEBUG:colcon.colcon_core.package_identification:Package 'src/motor_control_pkg' with type 'ros.ament_cmake' and name 'motor_control_pkg'
[0.809s] Level 1:colcon.colcon_core.package_identification:_identify(src/navigation_pkg) by extensions ['ignore', 'ignore_ament_install']
[0.809s] Level 1:colcon.colcon_core.package_identification:_identify(src/navigation_pkg) by extension 'ignore'
[0.809s] Level 1:colcon.colcon_core.package_identification:_identify(src/navigation_pkg) by extension 'ignore_ament_install'
[0.809s] Level 1:colcon.colcon_core.package_identification:_identify(src/navigation_pkg) by extensions ['colcon_pkg']
[0.809s] Level 1:colcon.colcon_core.package_identification:_identify(src/navigation_pkg) by extension 'colcon_pkg'
[0.809s] Level 1:colcon.colcon_core.package_identification:_identify(src/navigation_pkg) by extensions ['colcon_meta']
[0.809s] Level 1:colcon.colcon_core.package_identification:_identify(src/navigation_pkg) by extension 'colcon_meta'
[0.809s] Level 1:colcon.colcon_core.package_identification:_identify(src/navigation_pkg) by extensions ['ros']
[0.810s] Level 1:colcon.colcon_core.package_identification:_identify(src/navigation_pkg) by extension 'ros'
[0.810s] DEBUG:colcon.colcon_core.package_identification:Package 'src/navigation_pkg' with type 'ros.ament_python' and name 'navigation_pkg'
[0.811s] Level 1:colcon.colcon_core.package_identification:_identify(src/sensors_pkg) by extensions ['ignore', 'ignore_ament_install']
[0.811s] Level 1:colcon.colcon_core.package_identification:_identify(src/sensors_pkg) by extension 'ignore'
[0.811s] Level 1:colcon.colcon_core.package_identification:_identify(src/sensors_pkg) by extension 'ignore_ament_install'
[0.811s] Level 1:colcon.colcon_core.package_identification:_identify(src/sensors_pkg) by extensions ['colcon_pkg']
[0.811s] Level 1:colcon.colcon_core.package_identification:_identify(src/sensors_pkg) by extension 'colcon_pkg'
[0.811s] Level 1:colcon.colcon_core.package_identification:_identify(src/sensors_pkg) by extensions ['colcon_meta']
[0.811s] Level 1:colcon.colcon_core.package_identification:_identify(src/sensors_pkg) by extension 'colcon_meta'
[0.811s] Level 1:colcon.colcon_core.package_identification:_identify(src/sensors_pkg) by extensions ['ros']
[0.811s] Level 1:colcon.colcon_core.package_identification:_identify(src/sensors_pkg) by extension 'ros'
[0.812s] DEBUG:colcon.colcon_core.package_identification:Package 'src/sensors_pkg' with type 'ros.ament_python' and name 'sensors_pkg'
[0.813s] Level 1:colcon.colcon_core.package_identification:_identify(src/webgui_pkg) by extensions ['ignore', 'ignore_ament_install']
[0.813s] Level 1:colcon.colcon_core.package_identification:_identify(src/webgui_pkg) by extension 'ignore'
[0.813s] Level 1:colcon.colcon_core.package_identification:_identify(src/webgui_pkg) by extension 'ignore_ament_install'
[0.813s] Level 1:colcon.colcon_core.package_identification:_identify(src/webgui_pkg) by extensions ['colcon_pkg']
[0.813s] Level 1:colcon.colcon_core.package_identification:_identify(src/webgui_pkg) by extension 'colcon_pkg'
[0.813s] Level 1:colcon.colcon_core.package_identification:_identify(src/webgui_pkg) by extensions ['colcon_meta']
[0.813s] Level 1:colcon.colcon_core.package_identification:_identify(src/webgui_pkg) by extension 'colcon_meta'
[0.814s] Level 1:colcon.colcon_core.package_identification:_identify(src/webgui_pkg) by extensions ['ros']
[0.814s] Level 1:colcon.colcon_core.package_identification:_identify(src/webgui_pkg) by extension 'ros'
[0.814s] DEBUG:colcon.colcon_core.package_identification:Package 'src/webgui_pkg' with type 'ros.ament_python' and name 'webgui_pkg'
[0.815s] Level 1:colcon.colcon_core.package_discovery:discover_packages(recursive) using defaults
[0.815s] Level 1:colcon.colcon_core.package_discovery:discover_packages(ignore) discover
[0.815s] Level 1:colcon.colcon_core.package_discovery:discover_packages(ignore) using defaults
[0.815s] Level 1:colcon.colcon_core.package_discovery:discover_packages(path) discover
[0.815s] Level 1:colcon.colcon_core.package_discovery:discover_packages(path) using defaults
[0.896s] INFO:colcon.colcon_core.package_selection:Skipping not selected package 'brain_pkg' in 'src/brain_pkg'
[0.897s] INFO:colcon.colcon_core.package_selection:Skipping not selected package 'interfaces_pkg' in 'src/interfaces_pkg'
[0.897s] INFO:colcon.colcon_core.package_selection:Skipping not selected package 'navigation_pkg' in 'src/navigation_pkg'
[0.897s] INFO:colcon.colcon_core.package_selection:Skipping not selected package 'sensors_pkg' in 'src/sensors_pkg'
[0.897s] INFO:colcon.colcon_core.package_selection:Skipping not selected package 'webgui_pkg' in 'src/webgui_pkg'
[0.898s] Level 1:colcon.colcon_core.package_discovery:discover_packages(prefix_path) check parameters
[0.898s] Level 1:colcon.colcon_core.package_discovery:discover_packages(prefix_path) discover
[0.902s] DEBUG:colcon.colcon_installed_package_information.package_discovery:Found 1 installed packages in /ssd/home/edt/Documents/lunabotics_ros_ws/install
[0.904s] DEBUG:colcon.colcon_installed_package_information.package_discovery:Found 275 installed packages in /opt/ros/humble
[0.907s] Level 1:colcon.colcon_core.package_discovery:discover_packages(prefix_path) using defaults
[1.044s] Level 5:colcon.colcon_core.verb:set package 'motor_control_pkg' build argument 'cmake_args' from command line to 'None'
[1.044s] Level 5:colcon.colcon_core.verb:set package 'motor_control_pkg' build argument 'cmake_target' from command line to 'None'
[1.044s] Level 5:colcon.colcon_core.verb:set package 'motor_control_pkg' build argument 'cmake_target_skip_unavailable' from command line to 'False'
[1.044s] Level 5:colcon.colcon_core.verb:set package 'motor_control_pkg' build argument 'cmake_clean_cache' from command line to 'False'
[1.044s] Level 5:colcon.colcon_core.verb:set package 'motor_control_pkg' build argument 'cmake_clean_first' from command line to 'False'
[1.045s] Level 5:colcon.colcon_core.verb:set package 'motor_control_pkg' build argument 'cmake_force_configure' from command line to 'False'
[1.045s] Level 5:colcon.colcon_core.verb:set package 'motor_control_pkg' build argument 'ament_cmake_args' from command line to 'None'
[1.045s] Level 5:colcon.colcon_core.verb:set package 'motor_control_pkg' build argument 'catkin_cmake_args' from command line to 'None'
[1.045s] Level 5:colcon.colcon_core.verb:set package 'motor_control_pkg' build argument 'catkin_skip_building_tests' from command line to 'False'
[1.045s] DEBUG:colcon.colcon_core.verb:Building package 'motor_control_pkg' with the following arguments: {'ament_cmake_args': None, 'build_base': '/ssd/home/edt/Documents/lunabotics_ros_ws/build/motor_control_pkg', 'catkin_cmake_args': None, 'catkin_skip_building_tests': False, 'cmake_args': None, 'cmake_clean_cache': False, 'cmake_clean_first': False, 'cmake_force_configure': False, 'cmake_target': None, 'cmake_target_skip_unavailable': False, 'install_base': '/ssd/home/edt/Documents/lunabotics_ros_ws/install/motor_control_pkg', 'merge_install': False, 'path': '/ssd/home/edt/Documents/lunabotics_ros_ws/src/motor_control_pkg', 'symlink_install': False, 'test_result_base': None}
[1.045s] INFO:colcon.colcon_core.executor:Executing jobs using 'parallel' executor
[1.048s] DEBUG:colcon.colcon_parallel_executor.executor.parallel:run_until_complete
[1.049s] INFO:colcon.colcon_ros.task.ament_cmake.build:Building ROS package in '/ssd/home/edt/Documents/lunabotics_ros_ws/src/motor_control_pkg' with build type 'ament_cmake'
[1.049s] INFO:colcon.colcon_cmake.task.cmake.build:Building CMake package in '/ssd/home/edt/Documents/lunabotics_ros_ws/src/motor_control_pkg'
[1.053s] INFO:colcon.colcon_core.plugin_system:Skipping extension 'colcon_core.shell.bat': Not used on non-Windows systems
[1.054s] INFO:colcon.colcon_core.shell:Skip shell extension 'powershell' for command environment: Not usable outside of PowerShell
[1.054s] DEBUG:colcon.colcon_core.shell:Skip shell extension 'dsv' for command environment
[1.082s] DEBUG:colcon.colcon_core.event_handler.log_command:Invoking command in '/ssd/home/edt/Documents/lunabotics_ros_ws/build/motor_control_pkg': CMAKE_PREFIX_PATH=${CMAKE_PREFIX_PATH}:/opt/ros/humble /usr/bin/cmake /ssd/home/edt/Documents/lunabotics_ros_ws/src/motor_control_pkg -DCMAKE_INSTALL_PREFIX=/ssd/home/edt/Documents/lunabotics_ros_ws/install/motor_control_pkg
[8.649s] DEBUG:colcon.colcon_core.event_handler.log_command:Invoked command in '/ssd/home/edt/Documents/lunabotics_ros_ws/build/motor_control_pkg' returned '0': CMAKE_PREFIX_PATH=${CMAKE_PREFIX_PATH}:/opt/ros/humble /usr/bin/cmake /ssd/home/edt/Documents/lunabotics_ros_ws/src/motor_control_pkg -DCMAKE_INSTALL_PREFIX=/ssd/home/edt/Documents/lunabotics_ros_ws/install/motor_control_pkg
[8.660s] DEBUG:colcon.colcon_core.event_handler.log_command:Invoking command in '/ssd/home/edt/Documents/lunabotics_ros_ws/build/motor_control_pkg': CMAKE_PREFIX_PATH=${CMAKE_PREFIX_PATH}:/opt/ros/humble /usr/bin/cmake --build /ssd/home/edt/Documents/lunabotics_ros_ws/build/motor_control_pkg -- -j6 -l6
[25.108s] DEBUG:colcon.colcon_core.event_handler.log_command:Invoked command in '/ssd/home/edt/Documents/lunabotics_ros_ws/build/motor_control_pkg' returned '2': CMAKE_PREFIX_PATH=${CMAKE_PREFIX_PATH}:/opt/ros/humble /usr/bin/cmake --build /ssd/home/edt/Documents/lunabotics_ros_ws/build/motor_control_pkg -- -j6 -l6
[25.110s] Level 1:colcon.colcon_core.environment:create_environment_scripts_only(motor_control_pkg)
[25.116s] Level 1:colcon.colcon_core.environment:checking '/ssd/home/edt/Documents/lunabotics_ros_ws/install/motor_control_pkg' for CMake module files
[25.117s] Level 1:colcon.colcon_core.environment:checking '/ssd/home/edt/Documents/lunabotics_ros_ws/install/motor_control_pkg' for CMake config files
[25.118s] Level 1:colcon.colcon_core.environment:checking '/ssd/home/edt/Documents/lunabotics_ros_ws/install/motor_control_pkg/bin'
[25.118s] Level 1:colcon.colcon_core.environment:checking '/ssd/home/edt/Documents/lunabotics_ros_ws/install/motor_control_pkg/lib/pkgconfig/motor_control_pkg.pc'
[25.118s] Level 1:colcon.colcon_core.environment:checking '/ssd/home/edt/Documents/lunabotics_ros_ws/install/motor_control_pkg/lib/python3.8/site-packages'
[25.119s] Level 1:colcon.colcon_core.environment:checking '/ssd/home/edt/Documents/lunabotics_ros_ws/install/motor_control_pkg/bin'
[25.119s] INFO:colcon.colcon_core.shell:Creating package script '/ssd/home/edt/Documents/lunabotics_ros_ws/install/motor_control_pkg/share/motor_control_pkg/package.ps1'
[25.122s] INFO:colcon.colcon_core.shell:Creating package descriptor '/ssd/home/edt/Documents/lunabotics_ros_ws/install/motor_control_pkg/share/motor_control_pkg/package.dsv'
[25.123s] INFO:colcon.colcon_core.shell:Creating package script '/ssd/home/edt/Documents/lunabotics_ros_ws/install/motor_control_pkg/share/motor_control_pkg/package.sh'
[25.124s] INFO:colcon.colcon_core.shell:Creating package script '/ssd/home/edt/Documents/lunabotics_ros_ws/install/motor_control_pkg/share/motor_control_pkg/package.bash'
[25.126s] INFO:colcon.colcon_core.shell:Creating package script '/ssd/home/edt/Documents/lunabotics_ros_ws/install/motor_control_pkg/share/motor_control_pkg/package.zsh'
[25.127s] Level 1:colcon.colcon_core.environment:create_file_with_runtime_dependencies(/ssd/home/edt/Documents/lunabotics_ros_ws/install/motor_control_pkg/share/colcon-core/packages/motor_control_pkg)
[25.128s] DEBUG:colcon.colcon_parallel_executor.executor.parallel:closing loop
[25.129s] DEBUG:colcon.colcon_parallel_executor.executor.parallel:loop closed
[25.129s] DEBUG:colcon.colcon_parallel_executor.executor.parallel:run_until_complete finished with '2'
[25.130s] DEBUG:colcon.colcon_core.event_reactor:joining thread
[25.142s] INFO:colcon.colcon_core.plugin_system:Skipping extension 'colcon_notification.desktop_notification.terminal_notifier': Not used on non-Darwin systems
[25.143s] INFO:colcon.colcon_core.plugin_system:Skipping extension 'colcon_notification.desktop_notification.win32': Not used on non-Windows systems
[25.143s] INFO:colcon.colcon_notification.desktop_notification:Sending desktop notification using 'notify2'
[25.171s] DEBUG:colcon.colcon_core.event_reactor:joined thread
[25.172s] INFO:colcon.colcon_core.shell:Creating prefix script '/ssd/home/edt/Documents/lunabotics_ros_ws/install/local_setup.ps1'
[25.175s] INFO:colcon.colcon_core.shell:Creating prefix util module '/ssd/home/edt/Documents/lunabotics_ros_ws/install/_local_setup_util_ps1.py'
[25.179s] INFO:colcon.colcon_core.shell:Creating prefix chain script '/ssd/home/edt/Documents/lunabotics_ros_ws/install/setup.ps1'
[25.181s] INFO:colcon.colcon_core.shell:Creating prefix script '/ssd/home/edt/Documents/lunabotics_ros_ws/install/local_setup.sh'
[25.183s] INFO:colcon.colcon_core.shell:Creating prefix util module '/ssd/home/edt/Documents/lunabotics_ros_ws/install/_local_setup_util_sh.py'
[25.184s] INFO:colcon.colcon_core.shell:Creating prefix chain script '/ssd/home/edt/Documents/lunabotics_ros_ws/install/setup.sh'
[25.186s] INFO:colcon.colcon_core.shell:Creating prefix script '/ssd/home/edt/Documents/lunabotics_ros_ws/install/local_setup.bash'
[25.187s] INFO:colcon.colcon_core.shell:Creating prefix chain script '/ssd/home/edt/Documents/lunabotics_ros_ws/install/setup.bash'
[25.188s] INFO:colcon.colcon_core.shell:Creating prefix script '/ssd/home/edt/Documents/lunabotics_ros_ws/install/local_setup.zsh'
[25.189s] INFO:colcon.colcon_core.shell:Creating prefix chain script '/ssd/home/edt/Documents/lunabotics_ros_ws/install/setup.zsh'
