running egg_info
creating ../../build/brain_pkg/brain_pkg.egg-info
writing ../../build/brain_pkg/brain_pkg.egg-info/PKG-INFO
writing dependency_links to ../../build/brain_pkg/brain_pkg.egg-info/dependency_links.txt
writing entry points to ../../build/brain_pkg/brain_pkg.egg-info/entry_points.txt
writing requirements to ../../build/brain_pkg/brain_pkg.egg-info/requires.txt
writing top-level names to ../../build/brain_pkg/brain_pkg.egg-info/top_level.txt
writing manifest file '../../build/brain_pkg/brain_pkg.egg-info/SOURCES.txt'
reading manifest file '../../build/brain_pkg/brain_pkg.egg-info/SOURCES.txt'
writing manifest file '../../build/brain_pkg/brain_pkg.egg-info/SOURCES.txt'
running build
running build_py
creating /ssd/home/edt/Documents/lunabotics_ros_ws/build/brain_pkg/build
creating /ssd/home/edt/Documents/lunabotics_ros_ws/build/brain_pkg/build/lib
creating /ssd/home/edt/Documents/lunabotics_ros_ws/build/brain_pkg/build/lib/brain_pkg
copying brain_pkg/brain.py -> /ssd/home/edt/Documents/lunabotics_ros_ws/build/brain_pkg/build/lib/brain_pkg
copying brain_pkg/__init__.py -> /ssd/home/edt/Documents/lunabotics_ros_ws/build/brain_pkg/build/lib/brain_pkg
running install
running install_lib
creating /ssd/home/edt/Documents/lunabotics_ros_ws/install/brain_pkg/lib/python3.8/site-packages/brain_pkg
copying /ssd/home/edt/Documents/lunabotics_ros_ws/build/brain_pkg/build/lib/brain_pkg/brain.py -> /ssd/home/edt/Documents/lunabotics_ros_ws/install/brain_pkg/lib/python3.8/site-packages/brain_pkg
copying /ssd/home/edt/Documents/lunabotics_ros_ws/build/brain_pkg/build/lib/brain_pkg/__init__.py -> /ssd/home/edt/Documents/lunabotics_ros_ws/install/brain_pkg/lib/python3.8/site-packages/brain_pkg
byte-compiling /ssd/home/edt/Documents/lunabotics_ros_ws/install/brain_pkg/lib/python3.8/site-packages/brain_pkg/brain.py to brain.cpython-38.pyc
byte-compiling /ssd/home/edt/Documents/lunabotics_ros_ws/install/brain_pkg/lib/python3.8/site-packages/brain_pkg/__init__.py to __init__.cpython-38.pyc
running install_data
creating /ssd/home/edt/Documents/lunabotics_ros_ws/install/brain_pkg/share
creating /ssd/home/edt/Documents/lunabotics_ros_ws/install/brain_pkg/share/ament_index
creating /ssd/home/edt/Documents/lunabotics_ros_ws/install/brain_pkg/share/ament_index/resource_index
creating /ssd/home/edt/Documents/lunabotics_ros_ws/install/brain_pkg/share/ament_index/resource_index/packages
copying resource/brain_pkg -> /ssd/home/edt/Documents/lunabotics_ros_ws/install/brain_pkg/share/ament_index/resource_index/packages
creating /ssd/home/edt/Documents/lunabotics_ros_ws/install/brain_pkg/share/brain_pkg
copying package.xml -> /ssd/home/edt/Documents/lunabotics_ros_ws/install/brain_pkg/share/brain_pkg
running install_egg_info
Copying ../../build/brain_pkg/brain_pkg.egg-info to /ssd/home/edt/Documents/lunabotics_ros_ws/install/brain_pkg/lib/python3.8/site-packages/brain_pkg-0.0.0-py3.8.egg-info
running install_scripts
Installing brain script to /ssd/home/edt/Documents/lunabotics_ros_ws/install/brain_pkg/lib/brain_pkg
writing list of installed files to '/ssd/home/edt/Documents/lunabotics_ros_ws/build/brain_pkg/install.log'
