[2.817s] Invoking command in '/ssd/home/edt/Documents/lunabotics_ros_ws/src/brain_pkg': PYTHONPATH=/ssd/home/edt/Documents/lunabotics_ros_ws/build/brain_pkg/prefix_override:/usr/lib/python3/dist-packages/colcon_core/task/python/colcon_distutils_commands:/ssd/home/edt/Documents/lunabotics_ros_ws/install/brain_pkg/lib/python3.8/site-packages:${PYTHONPATH} /usr/bin/python3 -W ignore:setup.py install is deprecated -W ignore:easy_install command is deprecated setup.py egg_info --egg-base ../../build/brain_pkg build --build-base /ssd/home/edt/Documents/lunabotics_ros_ws/build/brain_pkg/build install --record /ssd/home/edt/Documents/lunabotics_ros_ws/build/brain_pkg/install.log --single-version-externally-managed install_data
[3.288s] running egg_info
[3.288s] creating ../../build/brain_pkg/brain_pkg.egg-info
[3.289s] writing ../../build/brain_pkg/brain_pkg.egg-info/PKG-INFO
[3.289s] writing dependency_links to ../../build/brain_pkg/brain_pkg.egg-info/dependency_links.txt
[3.290s] writing entry points to ../../build/brain_pkg/brain_pkg.egg-info/entry_points.txt
[3.290s] writing requirements to ../../build/brain_pkg/brain_pkg.egg-info/requires.txt
[3.290s] writing top-level names to ../../build/brain_pkg/brain_pkg.egg-info/top_level.txt
[3.291s] writing manifest file '../../build/brain_pkg/brain_pkg.egg-info/SOURCES.txt'
[3.353s] reading manifest file '../../build/brain_pkg/brain_pkg.egg-info/SOURCES.txt'
[3.354s] writing manifest file '../../build/brain_pkg/brain_pkg.egg-info/SOURCES.txt'
[3.355s] running build
[3.355s] running build_py
[3.355s] creating /ssd/home/edt/Documents/lunabotics_ros_ws/build/brain_pkg/build
[3.355s] creating /ssd/home/edt/Documents/lunabotics_ros_ws/build/brain_pkg/build/lib
[3.355s] creating /ssd/home/edt/Documents/lunabotics_ros_ws/build/brain_pkg/build/lib/brain_pkg
[3.356s] copying brain_pkg/brain.py -> /ssd/home/edt/Documents/lunabotics_ros_ws/build/brain_pkg/build/lib/brain_pkg
[3.356s] copying brain_pkg/__init__.py -> /ssd/home/edt/Documents/lunabotics_ros_ws/build/brain_pkg/build/lib/brain_pkg
[3.356s] running install
[3.358s] running install_lib
[3.367s] creating /ssd/home/edt/Documents/lunabotics_ros_ws/install/brain_pkg/lib/python3.8/site-packages/brain_pkg
[3.367s] copying /ssd/home/edt/Documents/lunabotics_ros_ws/build/brain_pkg/build/lib/brain_pkg/brain.py -> /ssd/home/edt/Documents/lunabotics_ros_ws/install/brain_pkg/lib/python3.8/site-packages/brain_pkg
[3.368s] copying /ssd/home/edt/Documents/lunabotics_ros_ws/build/brain_pkg/build/lib/brain_pkg/__init__.py -> /ssd/home/edt/Documents/lunabotics_ros_ws/install/brain_pkg/lib/python3.8/site-packages/brain_pkg
[3.369s] byte-compiling /ssd/home/edt/Documents/lunabotics_ros_ws/install/brain_pkg/lib/python3.8/site-packages/brain_pkg/brain.py to brain.cpython-38.pyc
[3.373s] byte-compiling /ssd/home/edt/Documents/lunabotics_ros_ws/install/brain_pkg/lib/python3.8/site-packages/brain_pkg/__init__.py to __init__.cpython-38.pyc
[3.373s] running install_data
[3.373s] creating /ssd/home/edt/Documents/lunabotics_ros_ws/install/brain_pkg/share
[3.374s] creating /ssd/home/edt/Documents/lunabotics_ros_ws/install/brain_pkg/share/ament_index
[3.374s] creating /ssd/home/edt/Documents/lunabotics_ros_ws/install/brain_pkg/share/ament_index/resource_index
[3.374s] creating /ssd/home/edt/Documents/lunabotics_ros_ws/install/brain_pkg/share/ament_index/resource_index/packages
[3.374s] copying resource/brain_pkg -> /ssd/home/edt/Documents/lunabotics_ros_ws/install/brain_pkg/share/ament_index/resource_index/packages
[3.374s] creating /ssd/home/edt/Documents/lunabotics_ros_ws/install/brain_pkg/share/brain_pkg
[3.374s] copying package.xml -> /ssd/home/edt/Documents/lunabotics_ros_ws/install/brain_pkg/share/brain_pkg
[3.374s] running install_egg_info
[3.378s] Copying ../../build/brain_pkg/brain_pkg.egg-info to /ssd/home/edt/Documents/lunabotics_ros_ws/install/brain_pkg/lib/python3.8/site-packages/brain_pkg-0.0.0-py3.8.egg-info
[3.380s] running install_scripts
[3.419s] Installing brain script to /ssd/home/edt/Documents/lunabotics_ros_ws/install/brain_pkg/lib/brain_pkg
[3.420s] writing list of installed files to '/ssd/home/edt/Documents/lunabotics_ros_ws/build/brain_pkg/install.log'
[3.503s] Invoked command in '/ssd/home/edt/Documents/lunabotics_ros_ws/src/brain_pkg' returned '0': PYTHONPATH=/ssd/home/edt/Documents/lunabotics_ros_ws/build/brain_pkg/prefix_override:/usr/lib/python3/dist-packages/colcon_core/task/python/colcon_distutils_commands:/ssd/home/edt/Documents/lunabotics_ros_ws/install/brain_pkg/lib/python3.8/site-packages:${PYTHONPATH} /usr/bin/python3 -W ignore:setup.py install is deprecated -W ignore:easy_install command is deprecated setup.py egg_info --egg-base ../../build/brain_pkg build --build-base /ssd/home/edt/Documents/lunabotics_ros_ws/build/brain_pkg/build install --record /ssd/home/edt/Documents/lunabotics_ros_ws/build/brain_pkg/install.log --single-version-externally-managed install_data
