[0.177s] Invoking command in '/home/catherineschuch/lunabotics_ros2_ws/build/control_pkg': CMAKE_PREFIX_PATH=/home/catherineschuch/lunabotics_ros2_ws/install/interfaces_pkg:/home/catherineschuch/lunabotics_ros2_ws/install/webgui_pkg:/home/catherineschuch/lunabotics_ros2_ws/install/navigation_pkg:/home/catherineschuch/lunabotics_ros2_ws/install/control_pkg:/opt/ros/humble /usr/bin/cmake /home/catherineschuch/lunabotics_ros2_ws/src/control_pkg -DCMAKE_INSTALL_PREFIX=/home/catherineschuch/lunabotics_ros2_ws/install/control_pkg
[0.454s] -- The C compiler identification is GNU 11.4.0
[2.483s] -- The CXX compiler identification is GNU 11.4.0
[3.540s] -- Detecting C compiler ABI info
[3.735s] -- Detecting C compiler ABI info - done
[3.743s] -- Check for working C compiler: /usr/bin/cc - skipped
[3.743s] -- Detecting C compile features
[3.744s] -- Detecting C compile features - done
[3.747s] -- Detecting CXX compiler ABI info
[3.980s] -- Detecting CXX compiler ABI info - done
[3.987s] -- Check for working CXX compiler: /usr/bin/c++ - skipped
[3.987s] -- Detecting CXX compile features
[3.988s] -- Detecting CXX compile features - done
[3.990s] -- Found ament_cmake: 1.3.11 (/opt/ros/humble/share/ament_cmake/cmake)
[4.139s] -- Found Python3: /usr/bin/python3 (found version "3.10.12") found components: Interpreter 
[4.220s] -- Found interfaces_pkg: 0.0.0 (/home/catherineschuch/lunabotics_ros2_ws/install/interfaces_pkg/share/interfaces_pkg/cmake)
[4.580s] -- Found rosidl_generator_c: 3.1.6 (/opt/ros/humble/share/rosidl_generator_c/cmake)
[4.586s] -- Found rosidl_adapter: 3.1.6 (/opt/ros/humble/share/rosidl_adapter/cmake)
[4.593s] -- Found rosidl_generator_cpp: 3.1.6 (/opt/ros/humble/share/rosidl_generator_cpp/cmake)
[4.605s] -- Using all available rosidl_typesupport_c: rosidl_typesupport_fastrtps_c;rosidl_typesupport_introspection_c
[4.624s] -- Using all available rosidl_typesupport_cpp: rosidl_typesupport_fastrtps_cpp;rosidl_typesupport_introspection_cpp
[4.644s] -- Found rclcpp: 16.0.11 (/opt/ros/humble/share/rclcpp/cmake)
[4.753s] -- Found rmw_implementation_cmake: 6.1.2 (/opt/ros/humble/share/rmw_implementation_cmake/cmake)
[4.759s] -- Found rmw_fastrtps_cpp: 6.2.7 (/opt/ros/humble/share/rmw_fastrtps_cpp/cmake)
[7.787s] -- Found OpenSSL: /usr/lib/x86_64-linux-gnu/libcrypto.so (found version "3.0.2")  
[10.101s] -- Found FastRTPS: /opt/ros/humble/include  
[14.803s] -- Using RMW implementation 'rmw_fastrtps_cpp' as default
[14.829s] -- Looking for pthread.h
[15.178s] -- Looking for pthread.h - found
[15.178s] -- Performing Test CMAKE_HAVE_LIBC_PTHREAD
[15.412s] -- Performing Test CMAKE_HAVE_LIBC_PTHREAD - Success
[15.413s] -- Found Threads: TRUE  
[15.520s] -- Found rclpy: 3.3.15 (/opt/ros/humble/share/rclpy/cmake)
[15.670s] -- Configuring done
[15.683s] -- Generating done
[15.687s] -- Build files have been written to: /home/catherineschuch/lunabotics_ros2_ws/build/control_pkg
[15.698s] Invoked command in '/home/catherineschuch/lunabotics_ros2_ws/build/control_pkg' returned '0': CMAKE_PREFIX_PATH=/home/catherineschuch/lunabotics_ros2_ws/install/interfaces_pkg:/home/catherineschuch/lunabotics_ros2_ws/install/webgui_pkg:/home/catherineschuch/lunabotics_ros2_ws/install/navigation_pkg:/home/catherineschuch/lunabotics_ros2_ws/install/control_pkg:/opt/ros/humble /usr/bin/cmake /home/catherineschuch/lunabotics_ros2_ws/src/control_pkg -DCMAKE_INSTALL_PREFIX=/home/catherineschuch/lunabotics_ros2_ws/install/control_pkg
[15.699s] Invoking command in '/home/catherineschuch/lunabotics_ros2_ws/build/control_pkg': CMAKE_PREFIX_PATH=/home/catherineschuch/lunabotics_ros2_ws/install/interfaces_pkg:/home/catherineschuch/lunabotics_ros2_ws/install/webgui_pkg:/home/catherineschuch/lunabotics_ros2_ws/install/navigation_pkg:/home/catherineschuch/lunabotics_ros2_ws/install/control_pkg:/opt/ros/humble /usr/bin/cmake --build /home/catherineschuch/lunabotics_ros2_ws/build/control_pkg -- -j16 -l16
[15.736s] [ 25%] [32mBuilding CXX object CMakeFiles/drivetrain.dir/src/drivetrain.cpp.o[0m
[15.737s] [ 50%] [32mBuilding CXX object CMakeFiles/scoop.dir/src/scoop.cpp.o[0m
[15.744s] [ 50%] Built target ament_cmake_python_copy_control_pkg
[15.970s] running egg_info
[15.971s] creating control_pkg.egg-info
[15.971s] writing control_pkg.egg-info/PKG-INFO
[15.972s] writing dependency_links to control_pkg.egg-info/dependency_links.txt
[15.972s] writing top-level names to control_pkg.egg-info/top_level.txt
[15.972s] writing manifest file 'control_pkg.egg-info/SOURCES.txt'
[15.974s] reading manifest file 'control_pkg.egg-info/SOURCES.txt'
[15.974s] writing manifest file 'control_pkg.egg-info/SOURCES.txt'
[15.999s] [ 50%] Built target ament_cmake_python_build_control_pkg_egg
[24.446s] [ 75%] [32m[1mLinking CXX executable scoop[0m
[24.481s] [100%] [32m[1mLinking CXX executable drivetrain[0m
[25.713s] [100%] Built target scoop
[25.713s] [100%] Built target drivetrain
[25.723s] Invoked command in '/home/catherineschuch/lunabotics_ros2_ws/build/control_pkg' returned '0': CMAKE_PREFIX_PATH=/home/catherineschuch/lunabotics_ros2_ws/install/interfaces_pkg:/home/catherineschuch/lunabotics_ros2_ws/install/webgui_pkg:/home/catherineschuch/lunabotics_ros2_ws/install/navigation_pkg:/home/catherineschuch/lunabotics_ros2_ws/install/control_pkg:/opt/ros/humble /usr/bin/cmake --build /home/catherineschuch/lunabotics_ros2_ws/build/control_pkg -- -j16 -l16
[25.724s] Invoking command in '/home/catherineschuch/lunabotics_ros2_ws/build/control_pkg': CMAKE_PREFIX_PATH=/home/catherineschuch/lunabotics_ros2_ws/install/interfaces_pkg:/home/catherineschuch/lunabotics_ros2_ws/install/webgui_pkg:/home/catherineschuch/lunabotics_ros2_ws/install/navigation_pkg:/home/catherineschuch/lunabotics_ros2_ws/install/control_pkg:/opt/ros/humble /usr/bin/cmake --install /home/catherineschuch/lunabotics_ros2_ws/build/control_pkg
[25.729s] -- Install configuration: ""
[25.729s] -- Installing: /home/catherineschuch/lunabotics_ros2_ws/install/control_pkg/lib/control_pkg/drivetrain
[25.732s] -- Set runtime path of "/home/catherineschuch/lunabotics_ros2_ws/install/control_pkg/lib/control_pkg/drivetrain" to ""
[25.732s] -- Installing: /home/catherineschuch/lunabotics_ros2_ws/install/control_pkg/lib/control_pkg/scoop
[25.734s] -- Set runtime path of "/home/catherineschuch/lunabotics_ros2_ws/install/control_pkg/lib/control_pkg/scoop" to ""
[25.735s] -- Installing: /home/catherineschuch/lunabotics_ros2_ws/install/control_pkg/share/control_pkg/environment/pythonpath.sh
[25.735s] -- Installing: /home/catherineschuch/lunabotics_ros2_ws/install/control_pkg/share/control_pkg/environment/pythonpath.dsv
[25.735s] -- Installing: /home/catherineschuch/lunabotics_ros2_ws/install/control_pkg/local/lib/python3.10/dist-packages/control_pkg-0.0.0-py3.10.egg-info
[25.735s] -- Installing: /home/catherineschuch/lunabotics_ros2_ws/install/control_pkg/local/lib/python3.10/dist-packages/control_pkg-0.0.0-py3.10.egg-info/PKG-INFO
[25.735s] -- Installing: /home/catherineschuch/lunabotics_ros2_ws/install/control_pkg/local/lib/python3.10/dist-packages/control_pkg-0.0.0-py3.10.egg-info/top_level.txt
[25.736s] -- Installing: /home/catherineschuch/lunabotics_ros2_ws/install/control_pkg/local/lib/python3.10/dist-packages/control_pkg-0.0.0-py3.10.egg-info/SOURCES.txt
[25.736s] -- Installing: /home/catherineschuch/lunabotics_ros2_ws/install/control_pkg/local/lib/python3.10/dist-packages/control_pkg-0.0.0-py3.10.egg-info/dependency_links.txt
[25.736s] -- Installing: /home/catherineschuch/lunabotics_ros2_ws/install/control_pkg/local/lib/python3.10/dist-packages/control_pkg
[25.736s] -- Installing: /home/catherineschuch/lunabotics_ros2_ws/install/control_pkg/local/lib/python3.10/dist-packages/control_pkg/__init__.py
[25.767s] Listing '/home/catherineschuch/lunabotics_ros2_ws/install/control_pkg/local/lib/python3.10/dist-packages/control_pkg'...
[25.767s] Compiling '/home/catherineschuch/lunabotics_ros2_ws/install/control_pkg/local/lib/python3.10/dist-packages/control_pkg/__init__.py'...
[25.772s] -- Installing: /home/catherineschuch/lunabotics_ros2_ws/install/control_pkg/lib/control_pkg/testcontrol.py
[25.772s] -- Installing: /home/catherineschuch/lunabotics_ros2_ws/install/control_pkg/share/ament_index/resource_index/package_run_dependencies/control_pkg
[25.772s] -- Installing: /home/catherineschuch/lunabotics_ros2_ws/install/control_pkg/share/ament_index/resource_index/parent_prefix_path/control_pkg
[25.772s] -- Installing: /home/catherineschuch/lunabotics_ros2_ws/install/control_pkg/share/control_pkg/environment/ament_prefix_path.sh
[25.773s] -- Installing: /home/catherineschuch/lunabotics_ros2_ws/install/control_pkg/share/control_pkg/environment/ament_prefix_path.dsv
[25.773s] -- Installing: /home/catherineschuch/lunabotics_ros2_ws/install/control_pkg/share/control_pkg/environment/path.sh
[25.773s] -- Installing: /home/catherineschuch/lunabotics_ros2_ws/install/control_pkg/share/control_pkg/environment/path.dsv
[25.773s] -- Installing: /home/catherineschuch/lunabotics_ros2_ws/install/control_pkg/share/control_pkg/local_setup.bash
[25.773s] -- Installing: /home/catherineschuch/lunabotics_ros2_ws/install/control_pkg/share/control_pkg/local_setup.sh
[25.774s] -- Installing: /home/catherineschuch/lunabotics_ros2_ws/install/control_pkg/share/control_pkg/local_setup.zsh
[25.774s] -- Installing: /home/catherineschuch/lunabotics_ros2_ws/install/control_pkg/share/control_pkg/local_setup.dsv
[25.774s] -- Installing: /home/catherineschuch/lunabotics_ros2_ws/install/control_pkg/share/control_pkg/package.dsv
[25.774s] -- Installing: /home/catherineschuch/lunabotics_ros2_ws/install/control_pkg/share/ament_index/resource_index/packages/control_pkg
[25.774s] -- Installing: /home/catherineschuch/lunabotics_ros2_ws/install/control_pkg/share/control_pkg/cmake/control_pkgConfig.cmake
[25.774s] -- Installing: /home/catherineschuch/lunabotics_ros2_ws/install/control_pkg/share/control_pkg/cmake/control_pkgConfig-version.cmake
[25.774s] -- Installing: /home/catherineschuch/lunabotics_ros2_ws/install/control_pkg/share/control_pkg/package.xml
[25.776s] Invoked command in '/home/catherineschuch/lunabotics_ros2_ws/build/control_pkg' returned '0': CMAKE_PREFIX_PATH=/home/catherineschuch/lunabotics_ros2_ws/install/interfaces_pkg:/home/catherineschuch/lunabotics_ros2_ws/install/webgui_pkg:/home/catherineschuch/lunabotics_ros2_ws/install/navigation_pkg:/home/catherineschuch/lunabotics_ros2_ws/install/control_pkg:/opt/ros/humble /usr/bin/cmake --install /home/catherineschuch/lunabotics_ros2_ws/build/control_pkg
