[1.465s] Invoking command in '/ssd/home/edt/Documents/lunabotics_ros_ws/src/brain_pkg': CMAKE_PREFIX_PATH=/ssd/home/edt/Documents/lunabotics_ros_ws/install/interfaces_pkg:/ssd/home/edt/Documents/lunabotics_ros_ws/install/motor_control_pkg PYTHONPATH=/ssd/home/edt/Documents/lunabotics_ros_ws/build/brain_pkg/prefix_override:/usr/lib/python3/dist-packages/colcon_core/task/python/colcon_distutils_commands:/ssd/home/edt/Documents/lunabotics_ros_ws/install/brain_pkg/lib/python3.8/site-packages:${PYTHONPATH} /usr/bin/python3 -W ignore:setup.py install is deprecated -W ignore:easy_install command is deprecated setup.py egg_info --egg-base ../../build/brain_pkg build --build-base /ssd/home/edt/Documents/lunabotics_ros_ws/build/brain_pkg/build install --record /ssd/home/edt/Documents/lunabotics_ros_ws/build/brain_pkg/install.log --single-version-externally-managed install_data
[1.947s] running egg_info
[1.948s] creating ../../build/brain_pkg/brain_pkg.egg-info
[1.948s] writing ../../build/brain_pkg/brain_pkg.egg-info/PKG-INFO
[1.949s] writing dependency_links to ../../build/brain_pkg/brain_pkg.egg-info/dependency_links.txt
[1.949s] writing entry points to ../../build/brain_pkg/brain_pkg.egg-info/entry_points.txt
[1.950s] writing requirements to ../../build/brain_pkg/brain_pkg.egg-info/requires.txt
[1.950s] writing top-level names to ../../build/brain_pkg/brain_pkg.egg-info/top_level.txt
[1.950s] writing manifest file '../../build/brain_pkg/brain_pkg.egg-info/SOURCES.txt'
[2.013s] reading manifest file '../../build/brain_pkg/brain_pkg.egg-info/SOURCES.txt'
[2.015s] writing manifest file '../../build/brain_pkg/brain_pkg.egg-info/SOURCES.txt'
[2.015s] running build
[2.015s] running build_py
[2.016s] creating /ssd/home/edt/Documents/lunabotics_ros_ws/build/brain_pkg/build
[2.016s] creating /ssd/home/edt/Documents/lunabotics_ros_ws/build/brain_pkg/build/lib
[2.016s] creating /ssd/home/edt/Documents/lunabotics_ros_ws/build/brain_pkg/build/lib/brain_pkg
[2.016s] copying brain_pkg/brain.py -> /ssd/home/edt/Documents/lunabotics_ros_ws/build/brain_pkg/build/lib/brain_pkg
[2.017s] copying brain_pkg/__init__.py -> /ssd/home/edt/Documents/lunabotics_ros_ws/build/brain_pkg/build/lib/brain_pkg
[2.017s] running install
[2.019s] running install_lib
[2.024s] creating /ssd/home/edt/Documents/lunabotics_ros_ws/install/brain_pkg/lib/python3.8/site-packages/brain_pkg
[2.024s] copying /ssd/home/edt/Documents/lunabotics_ros_ws/build/brain_pkg/build/lib/brain_pkg/brain.py -> /ssd/home/edt/Documents/lunabotics_ros_ws/install/brain_pkg/lib/python3.8/site-packages/brain_pkg
[2.025s] copying /ssd/home/edt/Documents/lunabotics_ros_ws/build/brain_pkg/build/lib/brain_pkg/__init__.py -> /ssd/home/edt/Documents/lunabotics_ros_ws/install/brain_pkg/lib/python3.8/site-packages/brain_pkg
[2.026s] byte-compiling /ssd/home/edt/Documents/lunabotics_ros_ws/install/brain_pkg/lib/python3.8/site-packages/brain_pkg/brain.py to brain.cpython-38.pyc
[2.030s] byte-compiling /ssd/home/edt/Documents/lunabotics_ros_ws/install/brain_pkg/lib/python3.8/site-packages/brain_pkg/__init__.py to __init__.cpython-38.pyc
[2.031s] running install_data
[2.031s] creating /ssd/home/edt/Documents/lunabotics_ros_ws/install/brain_pkg/share/ament_index
[2.031s] creating /ssd/home/edt/Documents/lunabotics_ros_ws/install/brain_pkg/share/ament_index/resource_index
[2.032s] creating /ssd/home/edt/Documents/lunabotics_ros_ws/install/brain_pkg/share/ament_index/resource_index/packages
[2.032s] copying resource/brain_pkg -> /ssd/home/edt/Documents/lunabotics_ros_ws/install/brain_pkg/share/ament_index/resource_index/packages
[2.032s] copying package.xml -> /ssd/home/edt/Documents/lunabotics_ros_ws/install/brain_pkg/share/brain_pkg
[2.032s] running install_egg_info
[2.035s] Copying ../../build/brain_pkg/brain_pkg.egg-info to /ssd/home/edt/Documents/lunabotics_ros_ws/install/brain_pkg/lib/python3.8/site-packages/brain_pkg-0.0.0-py3.8.egg-info
[2.037s] running install_scripts
[2.075s] Installing brain script to /ssd/home/edt/Documents/lunabotics_ros_ws/install/brain_pkg/lib/brain_pkg
[2.075s] writing list of installed files to '/ssd/home/edt/Documents/lunabotics_ros_ws/build/brain_pkg/install.log'
[2.159s] Invoked command in '/ssd/home/edt/Documents/lunabotics_ros_ws/src/brain_pkg' returned '0': CMAKE_PREFIX_PATH=/ssd/home/edt/Documents/lunabotics_ros_ws/install/interfaces_pkg:/ssd/home/edt/Documents/lunabotics_ros_ws/install/motor_control_pkg PYTHONPATH=/ssd/home/edt/Documents/lunabotics_ros_ws/build/brain_pkg/prefix_override:/usr/lib/python3/dist-packages/colcon_core/task/python/colcon_distutils_commands:/ssd/home/edt/Documents/lunabotics_ros_ws/install/brain_pkg/lib/python3.8/site-packages:${PYTHONPATH} /usr/bin/python3 -W ignore:setup.py install is deprecated -W ignore:easy_install command is deprecated setup.py egg_info --egg-base ../../build/brain_pkg build --build-base /ssd/home/edt/Documents/lunabotics_ros_ws/build/brain_pkg/build install --record /ssd/home/edt/Documents/lunabotics_ros_ws/build/brain_pkg/install.log --single-version-externally-managed install_data
