[0.018s] Invoking command in '/home/catherineschuch/lunabotics_ros2_ws/build/webgui_pkg': CMAKE_PREFIX_PATH=/opt/ros/humble /usr/bin/cmake /home/catherineschuch/lunabotics_ros2_ws/src/webgui_pkg -DCMAKE_INSTALL_PREFIX=/home/catherineschuch/lunabotics_ros2_ws/install/webgui_pkg
[0.480s] -- The C compiler identification is GNU 11.4.0
[1.661s] -- The CXX compiler identification is GNU 11.4.0
[2.587s] -- Detecting C compiler ABI info
[2.830s] -- Detecting C compiler ABI info - done
[2.839s] -- Check for working C compiler: /usr/bin/cc - skipped
[2.842s] -- Detecting C compile features
[2.844s] -- Detecting C compile features - done
[2.848s] -- Detecting CXX compiler ABI info
[3.082s] -- Detecting CXX compiler ABI info - done
[3.090s] -- Check for working CXX compiler: /usr/bin/c++ - skipped
[3.090s] -- Detecting CXX compile features
[3.091s] -- Detecting CXX compile features - done
[3.101s] -- Found ament_cmake: 1.3.11 (/opt/ros/humble/share/ament_cmake/cmake)
[3.278s] -- Found Python3: /usr/bin/python3 (found version "3.10.12") found components: Interpreter 
[3.392s] -- Found ament_lint_auto: 0.12.11 (/opt/ros/humble/share/ament_lint_auto/cmake)
[3.491s] -- Added test 'lint_cmake' to check CMake code style
[3.494s] -- Added test 'xmllint' to check XML markup files
[3.497s] -- Configuring done
[3.501s] -- Generating done
[3.503s] -- Build files have been written to: /home/catherineschuch/lunabotics_ros2_ws/build/webgui_pkg
[3.509s] Invoked command in '/home/catherineschuch/lunabotics_ros2_ws/build/webgui_pkg' returned '0': CMAKE_PREFIX_PATH=/opt/ros/humble /usr/bin/cmake /home/catherineschuch/lunabotics_ros2_ws/src/webgui_pkg -DCMAKE_INSTALL_PREFIX=/home/catherineschuch/lunabotics_ros2_ws/install/webgui_pkg
[3.513s] Invoking command in '/home/catherineschuch/lunabotics_ros2_ws/build/webgui_pkg': CMAKE_PREFIX_PATH=/opt/ros/humble /usr/bin/cmake --build /home/catherineschuch/lunabotics_ros2_ws/build/webgui_pkg -- -j16 -l16
[3.551s] Invoked command in '/home/catherineschuch/lunabotics_ros2_ws/build/webgui_pkg' returned '0': CMAKE_PREFIX_PATH=/opt/ros/humble /usr/bin/cmake --build /home/catherineschuch/lunabotics_ros2_ws/build/webgui_pkg -- -j16 -l16
[3.564s] Invoking command in '/home/catherineschuch/lunabotics_ros2_ws/build/webgui_pkg': CMAKE_PREFIX_PATH=/opt/ros/humble /usr/bin/cmake --install /home/catherineschuch/lunabotics_ros2_ws/build/webgui_pkg
[3.569s] -- Install configuration: ""
[3.569s] -- Installing: /home/catherineschuch/lunabotics_ros2_ws/install/webgui_pkg/share/ament_index/resource_index/package_run_dependencies/webgui_pkg
[3.569s] -- Installing: /home/catherineschuch/lunabotics_ros2_ws/install/webgui_pkg/share/ament_index/resource_index/parent_prefix_path/webgui_pkg
[3.570s] -- Installing: /home/catherineschuch/lunabotics_ros2_ws/install/webgui_pkg/share/webgui_pkg/environment/ament_prefix_path.sh
[3.570s] -- Installing: /home/catherineschuch/lunabotics_ros2_ws/install/webgui_pkg/share/webgui_pkg/environment/ament_prefix_path.dsv
[3.570s] -- Installing: /home/catherineschuch/lunabotics_ros2_ws/install/webgui_pkg/share/webgui_pkg/environment/path.sh
[3.570s] -- Installing: /home/catherineschuch/lunabotics_ros2_ws/install/webgui_pkg/share/webgui_pkg/environment/path.dsv
[3.571s] -- Installing: /home/catherineschuch/lunabotics_ros2_ws/install/webgui_pkg/share/webgui_pkg/local_setup.bash
[3.571s] -- Installing: /home/catherineschuch/lunabotics_ros2_ws/install/webgui_pkg/share/webgui_pkg/local_setup.sh
[3.571s] -- Installing: /home/catherineschuch/lunabotics_ros2_ws/install/webgui_pkg/share/webgui_pkg/local_setup.zsh
[3.571s] -- Installing: /home/catherineschuch/lunabotics_ros2_ws/install/webgui_pkg/share/webgui_pkg/local_setup.dsv
[3.571s] -- Installing: /home/catherineschuch/lunabotics_ros2_ws/install/webgui_pkg/share/webgui_pkg/package.dsv
[3.571s] -- Installing: /home/catherineschuch/lunabotics_ros2_ws/install/webgui_pkg/share/ament_index/resource_index/packages/webgui_pkg
[3.571s] -- Installing: /home/catherineschuch/lunabotics_ros2_ws/install/webgui_pkg/share/webgui_pkg/cmake/webgui_pkgConfig.cmake
[3.572s] -- Installing: /home/catherineschuch/lunabotics_ros2_ws/install/webgui_pkg/share/webgui_pkg/cmake/webgui_pkgConfig-version.cmake
[3.572s] -- Installing: /home/catherineschuch/lunabotics_ros2_ws/install/webgui_pkg/share/webgui_pkg/package.xml
[3.573s] Invoked command in '/home/catherineschuch/lunabotics_ros2_ws/build/webgui_pkg' returned '0': CMAKE_PREFIX_PATH=/opt/ros/humble /usr/bin/cmake --install /home/catherineschuch/lunabotics_ros2_ws/build/webgui_pkg
