[0.014s] Invoking command in '/home/catherineschuch/lunabotics_ros2_ws/build/webgui_pkg': CMAKE_PREFIX_PATH=${CMAKE_PREFIX_PATH}:/opt/ros/humble /usr/bin/cmake /home/catherineschuch/lunabotics_ros2_ws/src/webgui_pkg -DCMAKE_INSTALL_PREFIX=/home/catherineschuch/lunabotics_ros2_ws/install/webgui_pkg
[0.348s] -- The C compiler identification is GNU 11.4.0
[1.121s] -- The CXX compiler identification is GNU 11.4.0
[1.619s] -- Detecting C compiler ABI info
[1.818s] -- Detecting C compiler ABI info - done
[1.825s] -- Check for working C compiler: /usr/bin/cc - skipped
[1.826s] -- Detecting C compile features
[1.826s] -- Detecting C compile features - done
[1.829s] -- Detecting CXX compiler ABI info
[2.033s] -- Detecting CXX compiler ABI info - done
[2.040s] -- Check for working CXX compiler: /usr/bin/c++ - skipped
[2.040s] -- Detecting CXX compile features
[2.041s] -- Detecting CXX compile features - done
[2.043s] -- Found ament_cmake: 1.3.11 (/opt/ros/humble/share/ament_cmake/cmake)
[2.199s] -- Found Python3: /usr/bin/python3 (found version "3.10.12") found components: Interpreter 
[2.279s] -- Found ament_lint_auto: 0.12.11 (/opt/ros/humble/share/ament_lint_auto/cmake)
[2.352s] -- Added test 'lint_cmake' to check CMake code style
[2.353s] -- Added test 'xmllint' to check XML markup files
[2.356s] -- Configuring done
[2.358s] -- Generating done
[2.360s] -- Build files have been written to: /home/catherineschuch/lunabotics_ros2_ws/build/webgui_pkg
[2.370s] Invoked command in '/home/catherineschuch/lunabotics_ros2_ws/build/webgui_pkg' returned '0': CMAKE_PREFIX_PATH=${CMAKE_PREFIX_PATH}:/opt/ros/humble /usr/bin/cmake /home/catherineschuch/lunabotics_ros2_ws/src/webgui_pkg -DCMAKE_INSTALL_PREFIX=/home/catherineschuch/lunabotics_ros2_ws/install/webgui_pkg
[2.372s] Invoking command in '/home/catherineschuch/lunabotics_ros2_ws/build/webgui_pkg': CMAKE_PREFIX_PATH=${CMAKE_PREFIX_PATH}:/opt/ros/humble /usr/bin/cmake --build /home/catherineschuch/lunabotics_ros2_ws/build/webgui_pkg -- -j16 -l16
[2.400s] Invoked command in '/home/catherineschuch/lunabotics_ros2_ws/build/webgui_pkg' returned '0': CMAKE_PREFIX_PATH=${CMAKE_PREFIX_PATH}:/opt/ros/humble /usr/bin/cmake --build /home/catherineschuch/lunabotics_ros2_ws/build/webgui_pkg -- -j16 -l16
[2.402s] Invoking command in '/home/catherineschuch/lunabotics_ros2_ws/build/webgui_pkg': CMAKE_PREFIX_PATH=${CMAKE_PREFIX_PATH}:/opt/ros/humble /usr/bin/cmake --install /home/catherineschuch/lunabotics_ros2_ws/build/webgui_pkg
[2.407s] -- Install configuration: ""
[2.408s] -- Installing: /home/catherineschuch/lunabotics_ros2_ws/install/webgui_pkg/share/ament_index/resource_index/package_run_dependencies/webgui_pkg
[2.408s] -- Installing: /home/catherineschuch/lunabotics_ros2_ws/install/webgui_pkg/share/ament_index/resource_index/parent_prefix_path/webgui_pkg
[2.408s] -- Installing: /home/catherineschuch/lunabotics_ros2_ws/install/webgui_pkg/share/webgui_pkg/environment/ament_prefix_path.sh
[2.409s] -- Installing: /home/catherineschuch/lunabotics_ros2_ws/install/webgui_pkg/share/webgui_pkg/environment/ament_prefix_path.dsv
[2.409s] -- Installing: /home/catherineschuch/lunabotics_ros2_ws/install/webgui_pkg/share/webgui_pkg/environment/path.sh
[2.409s] -- Installing: /home/catherineschuch/lunabotics_ros2_ws/install/webgui_pkg/share/webgui_pkg/environment/path.dsv
[2.409s] -- Installing: /home/catherineschuch/lunabotics_ros2_ws/install/webgui_pkg/share/webgui_pkg/local_setup.bash
[2.409s] -- Installing: /home/catherineschuch/lunabotics_ros2_ws/install/webgui_pkg/share/webgui_pkg/local_setup.sh
[2.410s] -- Installing: /home/catherineschuch/lunabotics_ros2_ws/install/webgui_pkg/share/webgui_pkg/local_setup.zsh
[2.410s] -- Installing: /home/catherineschuch/lunabotics_ros2_ws/install/webgui_pkg/share/webgui_pkg/local_setup.dsv
[2.410s] -- Installing: /home/catherineschuch/lunabotics_ros2_ws/install/webgui_pkg/share/webgui_pkg/package.dsv
[2.410s] -- Installing: /home/catherineschuch/lunabotics_ros2_ws/install/webgui_pkg/share/ament_index/resource_index/packages/webgui_pkg
[2.410s] -- Installing: /home/catherineschuch/lunabotics_ros2_ws/install/webgui_pkg/share/webgui_pkg/cmake/webgui_pkgConfig.cmake
[2.410s] -- Installing: /home/catherineschuch/lunabotics_ros2_ws/install/webgui_pkg/share/webgui_pkg/cmake/webgui_pkgConfig-version.cmake
[2.411s] -- Installing: /home/catherineschuch/lunabotics_ros2_ws/install/webgui_pkg/share/webgui_pkg/package.xml
[2.412s] Invoked command in '/home/catherineschuch/lunabotics_ros2_ws/build/webgui_pkg' returned '0': CMAKE_PREFIX_PATH=${CMAKE_PREFIX_PATH}:/opt/ros/humble /usr/bin/cmake --install /home/catherineschuch/lunabotics_ros2_ws/build/webgui_pkg
