-- The C compiler identification is GNU 9.4.0
-- The CXX compiler identification is GNU 9.4.0
-- Check for working C compiler: /usr/bin/cc
-- Check for working C compiler: /usr/bin/cc -- works
-- Detecting C compiler ABI info
-- Detecting C compiler ABI info - done
-- Detecting C compile features
-- Detecting C compile features - done
-- Check for working CXX compiler: /usr/bin/c++
-- Check for working CXX compiler: /usr/bin/c++ -- works
-- Detecting CXX compiler ABI info
-- Detecting CXX compiler ABI info - done
-- Detecting CXX compile features
-- Detecting CXX compile features - done
-- Found ament_cmake: 1.3.6 (/opt/ros/humble/share/ament_cmake/cmake)
-- Found Python3: /usr/bin/python3.9 (found version "3.9.5") found components: Interpreter 
-- Found rosidl_default_generators: 1.2.0 (/opt/ros/humble/share/rosidl_default_generators/cmake)
-- Using all available rosidl_typesupport_c: rosidl_typesupport_fastrtps_c;rosidl_typesupport_introspection_c
-- Found rosidl_adapter: 3.1.5 (/opt/ros/humble/share/rosidl_adapter/cmake)
-- Using all available rosidl_typesupport_cpp: rosidl_typesupport_fastrtps_cpp;rosidl_typesupport_introspection_cpp
-- Found ament_cmake_ros: 0.10.0 (/opt/ros/humble/share/ament_cmake_ros/cmake)
-- Using all available rosidl_typesupport_c: rosidl_typesupport_fastrtps_c;rosidl_typesupport_introspection_c
-- Using all available rosidl_typesupport_cpp: rosidl_typesupport_fastrtps_cpp;rosidl_typesupport_introspection_cpp
-- Found PythonInterp: /usr/bin/python3 (found suitable version "3.8.10", minimum required is "3.6") 
-- Found python_cmake_module: 0.10.0 (/opt/ros/humble/share/python_cmake_module/cmake)
-- Found PythonLibs: /usr/lib/aarch64-linux-gnu/libpython3.8.so (found suitable version "3.8.10", minimum required is "3.5") 
-- Using PYTHON_EXECUTABLE: /usr/bin/python3
-- Using PYTHON_INCLUDE_DIRS: /usr/include/python3.8
-- Using PYTHON_LIBRARIES: /usr/lib/aarch64-linux-gnu/libpython3.8.so
-- Found PythonExtra: .so  
-- Found ament_lint_auto: 0.12.9 (/opt/ros/humble/share/ament_lint_auto/cmake)
-- Added test 'lint_cmake' to check CMake code style
-- Added test 'xmllint' to check XML markup files
-- Configuring done
-- Generating done
-- Build files have been written to: /ssd/home/edt/Documents/lunabotics_ros_ws/build/interfaces_pkg
[  3%] [34m[1mGenerating C code for ROS interfaces[0m
[35m[1mScanning dependencies of target ament_cmake_python_copy_interfaces_pkg[0m
[35m[1mScanning dependencies of target interfaces_pkg__cpp[0m
[  6%] [34m[1mGenerating C++ code for ROS interfaces[0m
[  6%] Built target ament_cmake_python_copy_interfaces_pkg
[35m[1mScanning dependencies of target ament_cmake_python_build_interfaces_pkg_egg[0m
[  6%] Built target interfaces_pkg__cpp
[ 16%] [34m[1mGenerating C++ type support for eProsima Fast-RTPS[0m
[ 16%] [34m[1mGenerating C++ type support dispatch for ROS interfaces[0m
[ 16%] [34m[1mGenerating C++ introspection for ROS interfaces[0m
[35m[1mScanning dependencies of target interfaces_pkg__rosidl_generator_c[0m
[ 19%] [32mBuilding C object CMakeFiles/interfaces_pkg__rosidl_generator_c.dir/rosidl_generator_c/interfaces_pkg/msg/detail/duty_cycle_output__functions.c.o[0m
[ 22%] [32m[1mLinking C shared library libinterfaces_pkg__rosidl_generator_c.so[0m
[ 22%] Built target interfaces_pkg__rosidl_generator_c
[ 29%] [34m[1mGenerating C type support for eProsima Fast-RTPS[0m
[ 29%] [34m[1mGenerating C type support dispatch for ROS interfaces[0m
running egg_info
creating interfaces_pkg.egg-info
writing interfaces_pkg.egg-info/PKG-INFO
writing dependency_links to interfaces_pkg.egg-info/dependency_links.txt
writing top-level names to interfaces_pkg.egg-info/top_level.txt
writing manifest file 'interfaces_pkg.egg-info/SOURCES.txt'
[35m[1mScanning dependencies of target interfaces_pkg__rosidl_typesupport_cpp[0m
[35m[1mScanning dependencies of target interfaces_pkg__rosidl_typesupport_fastrtps_cpp[0m
[35m[1mScanning dependencies of target interfaces_pkg__rosidl_typesupport_introspection_cpp[0m
[ 35%] [32mBuilding CXX object CMakeFiles/interfaces_pkg__rosidl_typesupport_introspection_cpp.dir/rosidl_typesupport_introspection_cpp/interfaces_pkg/msg/detail/duty_cycle_output__type_support.cpp.o[0m
[ 35%] [32mBuilding CXX object CMakeFiles/interfaces_pkg__rosidl_typesupport_cpp.dir/rosidl_typesupport_cpp/interfaces_pkg/msg/duty_cycle_output__type_support.cpp.o[0m
[ 38%] [32mBuilding CXX object CMakeFiles/interfaces_pkg__rosidl_typesupport_fastrtps_cpp.dir/rosidl_typesupport_fastrtps_cpp/interfaces_pkg/msg/detail/dds_fastrtps/duty_cycle_output__type_support.cpp.o[0m
reading manifest file 'interfaces_pkg.egg-info/SOURCES.txt'
writing manifest file 'interfaces_pkg.egg-info/SOURCES.txt'
[35m[1mScanning dependencies of target interfaces_pkg__rosidl_typesupport_c[0m
[ 41%] [32mBuilding CXX object CMakeFiles/interfaces_pkg__rosidl_typesupport_c.dir/rosidl_typesupport_c/interfaces_pkg/msg/duty_cycle_output__type_support.cpp.o[0m
[35m[1mScanning dependencies of target interfaces_pkg__rosidl_typesupport_fastrtps_c[0m
[ 45%] Built target ament_cmake_python_build_interfaces_pkg_egg
[ 45%] [32m[1mLinking CXX shared library libinterfaces_pkg__rosidl_typesupport_c.so[0m
[ 48%] [32mBuilding CXX object CMakeFiles/interfaces_pkg__rosidl_typesupport_fastrtps_c.dir/rosidl_typesupport_fastrtps_c/interfaces_pkg/msg/detail/duty_cycle_output__type_support_c.cpp.o[0m
[ 51%] [34m[1mGenerating C introspection for ROS interfaces[0m
[ 51%] Built target interfaces_pkg__rosidl_typesupport_c
[ 54%] [32m[1mLinking CXX shared library libinterfaces_pkg__rosidl_typesupport_cpp.so[0m
[ 54%] Built target interfaces_pkg__rosidl_typesupport_cpp
[35m[1mScanning dependencies of target interfaces_pkg__rosidl_typesupport_introspection_c[0m
[ 58%] [32m[1mLinking CXX shared library libinterfaces_pkg__rosidl_typesupport_fastrtps_cpp.so[0m
[ 61%] [32mBuilding C object CMakeFiles/interfaces_pkg__rosidl_typesupport_introspection_c.dir/rosidl_typesupport_introspection_c/interfaces_pkg/msg/detail/duty_cycle_output__type_support.c.o[0m
[ 64%] [32m[1mLinking CXX shared library libinterfaces_pkg__rosidl_typesupport_introspection_cpp.so[0m
[ 64%] Built target interfaces_pkg__rosidl_typesupport_introspection_cpp
[ 67%] [32m[1mLinking C shared library libinterfaces_pkg__rosidl_typesupport_introspection_c.so[0m
[ 67%] Built target interfaces_pkg__rosidl_typesupport_fastrtps_cpp
[ 67%] Built target interfaces_pkg__rosidl_typesupport_introspection_c
[ 70%] [32m[1mLinking CXX shared library libinterfaces_pkg__rosidl_typesupport_fastrtps_c.so[0m
[ 70%] Built target interfaces_pkg__rosidl_typesupport_fastrtps_c
[35m[1mScanning dependencies of target interfaces_pkg[0m
[ 70%] Built target interfaces_pkg
[35m[1mScanning dependencies of target interfaces_pkg__py[0m
[ 74%] [34m[1mGenerating Python code for ROS interfaces[0m
[ 74%] Built target interfaces_pkg__py
[35m[1mScanning dependencies of target interfaces_pkg__rosidl_generator_py[0m
[ 77%] [32mBuilding C object CMakeFiles/interfaces_pkg__rosidl_generator_py.dir/rosidl_generator_py/interfaces_pkg/msg/_duty_cycle_output_s.c.o[0m
[ 80%] [32m[1mLinking C shared library rosidl_generator_py/interfaces_pkg/libinterfaces_pkg__rosidl_generator_py.so[0m
[ 80%] Built target interfaces_pkg__rosidl_generator_py
[35m[1mScanning dependencies of target interfaces_pkg__rosidl_typesupport_fastrtps_c__pyext[0m
[35m[1mScanning dependencies of target interfaces_pkg__rosidl_typesupport_c__pyext[0m
[35m[1mScanning dependencies of target interfaces_pkg__rosidl_typesupport_introspection_c__pyext[0m
[ 90%] [32mBuilding C object CMakeFiles/interfaces_pkg__rosidl_typesupport_introspection_c__pyext.dir/rosidl_generator_py/interfaces_pkg/_interfaces_pkg_s.ep.rosidl_typesupport_introspection_c.c.o[0m
[ 90%] [32mBuilding C object CMakeFiles/interfaces_pkg__rosidl_typesupport_fastrtps_c__pyext.dir/rosidl_generator_py/interfaces_pkg/_interfaces_pkg_s.ep.rosidl_typesupport_fastrtps_c.c.o[0m
[ 90%] [32mBuilding C object CMakeFiles/interfaces_pkg__rosidl_typesupport_c__pyext.dir/rosidl_generator_py/interfaces_pkg/_interfaces_pkg_s.ep.rosidl_typesupport_c.c.o[0m
[ 96%] [32m[1mLinking C shared library rosidl_generator_py/interfaces_pkg/interfaces_pkg_s__rosidl_typesupport_introspection_c.cpython-38-aarch64-linux-gnu.so[0m
[ 96%] [32m[1mLinking C shared library rosidl_generator_py/interfaces_pkg/interfaces_pkg_s__rosidl_typesupport_c.cpython-38-aarch64-linux-gnu.so[0m
[100%] [32m[1mLinking C shared library rosidl_generator_py/interfaces_pkg/interfaces_pkg_s__rosidl_typesupport_fastrtps_c.cpython-38-aarch64-linux-gnu.so[0m
[100%] Built target interfaces_pkg__rosidl_typesupport_c__pyext
[100%] Built target interfaces_pkg__rosidl_typesupport_introspection_c__pyext
[100%] Built target interfaces_pkg__rosidl_typesupport_fastrtps_c__pyext
-- Install configuration: ""
-- Installing: /ssd/home/edt/Documents/lunabotics_ros_ws/install/interfaces_pkg/share/ament_index/resource_index/rosidl_interfaces/interfaces_pkg
-- Installing: /ssd/home/edt/Documents/lunabotics_ros_ws/install/interfaces_pkg/include/interfaces_pkg/interfaces_pkg
-- Installing: /ssd/home/edt/Documents/lunabotics_ros_ws/install/interfaces_pkg/include/interfaces_pkg/interfaces_pkg/msg
-- Installing: /ssd/home/edt/Documents/lunabotics_ros_ws/install/interfaces_pkg/include/interfaces_pkg/interfaces_pkg/msg/rosidl_generator_c__visibility_control.h
-- Installing: /ssd/home/edt/Documents/lunabotics_ros_ws/install/interfaces_pkg/include/interfaces_pkg/interfaces_pkg/msg/detail
-- Installing: /ssd/home/edt/Documents/lunabotics_ros_ws/install/interfaces_pkg/include/interfaces_pkg/interfaces_pkg/msg/detail/duty_cycle_output__functions.h
-- Installing: /ssd/home/edt/Documents/lunabotics_ros_ws/install/interfaces_pkg/include/interfaces_pkg/interfaces_pkg/msg/detail/duty_cycle_output__struct.h
-- Installing: /ssd/home/edt/Documents/lunabotics_ros_ws/install/interfaces_pkg/include/interfaces_pkg/interfaces_pkg/msg/detail/duty_cycle_output__type_support.h
-- Installing: /ssd/home/edt/Documents/lunabotics_ros_ws/install/interfaces_pkg/include/interfaces_pkg/interfaces_pkg/msg/detail/duty_cycle_output__functions.c
-- Installing: /ssd/home/edt/Documents/lunabotics_ros_ws/install/interfaces_pkg/include/interfaces_pkg/interfaces_pkg/msg/duty_cycle_output.h
-- Installing: /ssd/home/edt/Documents/lunabotics_ros_ws/install/interfaces_pkg/share/interfaces_pkg/environment/library_path.sh
-- Installing: /ssd/home/edt/Documents/lunabotics_ros_ws/install/interfaces_pkg/share/interfaces_pkg/environment/library_path.dsv
-- Installing: /ssd/home/edt/Documents/lunabotics_ros_ws/install/interfaces_pkg/lib/libinterfaces_pkg__rosidl_generator_c.so
-- Set runtime path of "/ssd/home/edt/Documents/lunabotics_ros_ws/install/interfaces_pkg/lib/libinterfaces_pkg__rosidl_generator_c.so" to ""
-- Up-to-date: /ssd/home/edt/Documents/lunabotics_ros_ws/install/interfaces_pkg/include/interfaces_pkg/interfaces_pkg
-- Up-to-date: /ssd/home/edt/Documents/lunabotics_ros_ws/install/interfaces_pkg/include/interfaces_pkg/interfaces_pkg/msg
-- Up-to-date: /ssd/home/edt/Documents/lunabotics_ros_ws/install/interfaces_pkg/include/interfaces_pkg/interfaces_pkg/msg/detail
-- Installing: /ssd/home/edt/Documents/lunabotics_ros_ws/install/interfaces_pkg/include/interfaces_pkg/interfaces_pkg/msg/detail/duty_cycle_output__rosidl_typesupport_fastrtps_c.h
-- Installing: /ssd/home/edt/Documents/lunabotics_ros_ws/install/interfaces_pkg/include/interfaces_pkg/interfaces_pkg/msg/rosidl_typesupport_fastrtps_c__visibility_control.h
-- Installing: /ssd/home/edt/Documents/lunabotics_ros_ws/install/interfaces_pkg/lib/libinterfaces_pkg__rosidl_typesupport_fastrtps_c.so
-- Set runtime path of "/ssd/home/edt/Documents/lunabotics_ros_ws/install/interfaces_pkg/lib/libinterfaces_pkg__rosidl_typesupport_fastrtps_c.so" to ""
-- Up-to-date: /ssd/home/edt/Documents/lunabotics_ros_ws/install/interfaces_pkg/include/interfaces_pkg/interfaces_pkg
-- Up-to-date: /ssd/home/edt/Documents/lunabotics_ros_ws/install/interfaces_pkg/include/interfaces_pkg/interfaces_pkg/msg
-- Up-to-date: /ssd/home/edt/Documents/lunabotics_ros_ws/install/interfaces_pkg/include/interfaces_pkg/interfaces_pkg/msg/detail
-- Installing: /ssd/home/edt/Documents/lunabotics_ros_ws/install/interfaces_pkg/include/interfaces_pkg/interfaces_pkg/msg/detail/duty_cycle_output__rosidl_typesupport_introspection_c.h
-- Installing: /ssd/home/edt/Documents/lunabotics_ros_ws/install/interfaces_pkg/include/interfaces_pkg/interfaces_pkg/msg/detail/duty_cycle_output__type_support.c
-- Installing: /ssd/home/edt/Documents/lunabotics_ros_ws/install/interfaces_pkg/include/interfaces_pkg/interfaces_pkg/msg/rosidl_typesupport_introspection_c__visibility_control.h
-- Installing: /ssd/home/edt/Documents/lunabotics_ros_ws/install/interfaces_pkg/lib/libinterfaces_pkg__rosidl_typesupport_introspection_c.so
-- Set runtime path of "/ssd/home/edt/Documents/lunabotics_ros_ws/install/interfaces_pkg/lib/libinterfaces_pkg__rosidl_typesupport_introspection_c.so" to ""
-- Installing: /ssd/home/edt/Documents/lunabotics_ros_ws/install/interfaces_pkg/lib/libinterfaces_pkg__rosidl_typesupport_c.so
-- Set runtime path of "/ssd/home/edt/Documents/lunabotics_ros_ws/install/interfaces_pkg/lib/libinterfaces_pkg__rosidl_typesupport_c.so" to ""
-- Up-to-date: /ssd/home/edt/Documents/lunabotics_ros_ws/install/interfaces_pkg/include/interfaces_pkg/interfaces_pkg
-- Up-to-date: /ssd/home/edt/Documents/lunabotics_ros_ws/install/interfaces_pkg/include/interfaces_pkg/interfaces_pkg/msg
-- Up-to-date: /ssd/home/edt/Documents/lunabotics_ros_ws/install/interfaces_pkg/include/interfaces_pkg/interfaces_pkg/msg/detail
-- Installing: /ssd/home/edt/Documents/lunabotics_ros_ws/install/interfaces_pkg/include/interfaces_pkg/interfaces_pkg/msg/detail/duty_cycle_output__builder.hpp
-- Installing: /ssd/home/edt/Documents/lunabotics_ros_ws/install/interfaces_pkg/include/interfaces_pkg/interfaces_pkg/msg/detail/duty_cycle_output__traits.hpp
-- Installing: /ssd/home/edt/Documents/lunabotics_ros_ws/install/interfaces_pkg/include/interfaces_pkg/interfaces_pkg/msg/detail/duty_cycle_output__struct.hpp
-- Installing: /ssd/home/edt/Documents/lunabotics_ros_ws/install/interfaces_pkg/include/interfaces_pkg/interfaces_pkg/msg/duty_cycle_output.hpp
-- Up-to-date: /ssd/home/edt/Documents/lunabotics_ros_ws/install/interfaces_pkg/include/interfaces_pkg/interfaces_pkg
-- Up-to-date: /ssd/home/edt/Documents/lunabotics_ros_ws/install/interfaces_pkg/include/interfaces_pkg/interfaces_pkg/msg
-- Installing: /ssd/home/edt/Documents/lunabotics_ros_ws/install/interfaces_pkg/include/interfaces_pkg/interfaces_pkg/msg/rosidl_typesupport_fastrtps_cpp__visibility_control.h
-- Up-to-date: /ssd/home/edt/Documents/lunabotics_ros_ws/install/interfaces_pkg/include/interfaces_pkg/interfaces_pkg/msg/detail
-- Installing: /ssd/home/edt/Documents/lunabotics_ros_ws/install/interfaces_pkg/include/interfaces_pkg/interfaces_pkg/msg/detail/duty_cycle_output__rosidl_typesupport_fastrtps_cpp.hpp
-- Installing: /ssd/home/edt/Documents/lunabotics_ros_ws/install/interfaces_pkg/include/interfaces_pkg/interfaces_pkg/msg/detail/dds_fastrtps
-- Installing: /ssd/home/edt/Documents/lunabotics_ros_ws/install/interfaces_pkg/lib/libinterfaces_pkg__rosidl_typesupport_fastrtps_cpp.so
-- Set runtime path of "/ssd/home/edt/Documents/lunabotics_ros_ws/install/interfaces_pkg/lib/libinterfaces_pkg__rosidl_typesupport_fastrtps_cpp.so" to ""
-- Up-to-date: /ssd/home/edt/Documents/lunabotics_ros_ws/install/interfaces_pkg/include/interfaces_pkg/interfaces_pkg
-- Up-to-date: /ssd/home/edt/Documents/lunabotics_ros_ws/install/interfaces_pkg/include/interfaces_pkg/interfaces_pkg/msg
-- Up-to-date: /ssd/home/edt/Documents/lunabotics_ros_ws/install/interfaces_pkg/include/interfaces_pkg/interfaces_pkg/msg/detail
-- Installing: /ssd/home/edt/Documents/lunabotics_ros_ws/install/interfaces_pkg/include/interfaces_pkg/interfaces_pkg/msg/detail/duty_cycle_output__rosidl_typesupport_introspection_cpp.hpp
-- Installing: /ssd/home/edt/Documents/lunabotics_ros_ws/install/interfaces_pkg/include/interfaces_pkg/interfaces_pkg/msg/detail/duty_cycle_output__type_support.cpp
-- Installing: /ssd/home/edt/Documents/lunabotics_ros_ws/install/interfaces_pkg/lib/libinterfaces_pkg__rosidl_typesupport_introspection_cpp.so
-- Set runtime path of "/ssd/home/edt/Documents/lunabotics_ros_ws/install/interfaces_pkg/lib/libinterfaces_pkg__rosidl_typesupport_introspection_cpp.so" to ""
-- Installing: /ssd/home/edt/Documents/lunabotics_ros_ws/install/interfaces_pkg/lib/libinterfaces_pkg__rosidl_typesupport_cpp.so
-- Set runtime path of "/ssd/home/edt/Documents/lunabotics_ros_ws/install/interfaces_pkg/lib/libinterfaces_pkg__rosidl_typesupport_cpp.so" to ""
-- Installing: /ssd/home/edt/Documents/lunabotics_ros_ws/install/interfaces_pkg/share/interfaces_pkg/environment/pythonpath.sh
-- Installing: /ssd/home/edt/Documents/lunabotics_ros_ws/install/interfaces_pkg/share/interfaces_pkg/environment/pythonpath.dsv
-- Installing: /ssd/home/edt/Documents/lunabotics_ros_ws/install/interfaces_pkg/lib/python3.9/site-packages/interfaces_pkg-0.0.0-py3.9.egg-info
-- Installing: /ssd/home/edt/Documents/lunabotics_ros_ws/install/interfaces_pkg/lib/python3.9/site-packages/interfaces_pkg-0.0.0-py3.9.egg-info/dependency_links.txt
-- Installing: /ssd/home/edt/Documents/lunabotics_ros_ws/install/interfaces_pkg/lib/python3.9/site-packages/interfaces_pkg-0.0.0-py3.9.egg-info/SOURCES.txt
-- Installing: /ssd/home/edt/Documents/lunabotics_ros_ws/install/interfaces_pkg/lib/python3.9/site-packages/interfaces_pkg-0.0.0-py3.9.egg-info/top_level.txt
-- Installing: /ssd/home/edt/Documents/lunabotics_ros_ws/install/interfaces_pkg/lib/python3.9/site-packages/interfaces_pkg-0.0.0-py3.9.egg-info/PKG-INFO
-- Installing: /ssd/home/edt/Documents/lunabotics_ros_ws/install/interfaces_pkg/lib/python3.9/site-packages/interfaces_pkg
-- Installing: /ssd/home/edt/Documents/lunabotics_ros_ws/install/interfaces_pkg/lib/python3.9/site-packages/interfaces_pkg/_interfaces_pkg_s.ep.rosidl_typesupport_introspection_c.c
-- Installing: /ssd/home/edt/Documents/lunabotics_ros_ws/install/interfaces_pkg/lib/python3.9/site-packages/interfaces_pkg/msg
-- Installing: /ssd/home/edt/Documents/lunabotics_ros_ws/install/interfaces_pkg/lib/python3.9/site-packages/interfaces_pkg/msg/_duty_cycle_output.py
-- Installing: /ssd/home/edt/Documents/lunabotics_ros_ws/install/interfaces_pkg/lib/python3.9/site-packages/interfaces_pkg/msg/_duty_cycle_output_s.c
-- Installing: /ssd/home/edt/Documents/lunabotics_ros_ws/install/interfaces_pkg/lib/python3.9/site-packages/interfaces_pkg/msg/__init__.py
-- Installing: /ssd/home/edt/Documents/lunabotics_ros_ws/install/interfaces_pkg/lib/python3.9/site-packages/interfaces_pkg/libinterfaces_pkg__rosidl_generator_py.so
-- Installing: /ssd/home/edt/Documents/lunabotics_ros_ws/install/interfaces_pkg/lib/python3.9/site-packages/interfaces_pkg/interfaces_pkg_s__rosidl_typesupport_fastrtps_c.cpython-38-aarch64-linux-gnu.so
-- Installing: /ssd/home/edt/Documents/lunabotics_ros_ws/install/interfaces_pkg/lib/python3.9/site-packages/interfaces_pkg/_interfaces_pkg_s.ep.rosidl_typesupport_fastrtps_c.c
-- Installing: /ssd/home/edt/Documents/lunabotics_ros_ws/install/interfaces_pkg/lib/python3.9/site-packages/interfaces_pkg/interfaces_pkg_s__rosidl_typesupport_introspection_c.cpython-38-aarch64-linux-gnu.so
-- Installing: /ssd/home/edt/Documents/lunabotics_ros_ws/install/interfaces_pkg/lib/python3.9/site-packages/interfaces_pkg/_interfaces_pkg_s.ep.rosidl_typesupport_c.c
-- Installing: /ssd/home/edt/Documents/lunabotics_ros_ws/install/interfaces_pkg/lib/python3.9/site-packages/interfaces_pkg/__init__.py
-- Installing: /ssd/home/edt/Documents/lunabotics_ros_ws/install/interfaces_pkg/lib/python3.9/site-packages/interfaces_pkg/interfaces_pkg_s__rosidl_typesupport_c.cpython-38-aarch64-linux-gnu.so
Listing '/ssd/home/edt/Documents/lunabotics_ros_ws/install/interfaces_pkg/lib/python3.9/site-packages/interfaces_pkg'...
Compiling '/ssd/home/edt/Documents/lunabotics_ros_ws/install/interfaces_pkg/lib/python3.9/site-packages/interfaces_pkg/__init__.py'...
Listing '/ssd/home/edt/Documents/lunabotics_ros_ws/install/interfaces_pkg/lib/python3.9/site-packages/interfaces_pkg/msg'...
Compiling '/ssd/home/edt/Documents/lunabotics_ros_ws/install/interfaces_pkg/lib/python3.9/site-packages/interfaces_pkg/msg/__init__.py'...
Compiling '/ssd/home/edt/Documents/lunabotics_ros_ws/install/interfaces_pkg/lib/python3.9/site-packages/interfaces_pkg/msg/_duty_cycle_output.py'...
-- Installing: /ssd/home/edt/Documents/lunabotics_ros_ws/install/interfaces_pkg/lib/python3.9/site-packages/interfaces_pkg/interfaces_pkg_s__rosidl_typesupport_fastrtps_c.cpython-38-aarch64-linux-gnu.so
-- Set runtime path of "/ssd/home/edt/Documents/lunabotics_ros_ws/install/interfaces_pkg/lib/python3.9/site-packages/interfaces_pkg/interfaces_pkg_s__rosidl_typesupport_fastrtps_c.cpython-38-aarch64-linux-gnu.so" to ""
-- Installing: /ssd/home/edt/Documents/lunabotics_ros_ws/install/interfaces_pkg/lib/python3.9/site-packages/interfaces_pkg/interfaces_pkg_s__rosidl_typesupport_introspection_c.cpython-38-aarch64-linux-gnu.so
-- Set runtime path of "/ssd/home/edt/Documents/lunabotics_ros_ws/install/interfaces_pkg/lib/python3.9/site-packages/interfaces_pkg/interfaces_pkg_s__rosidl_typesupport_introspection_c.cpython-38-aarch64-linux-gnu.so" to ""
-- Installing: /ssd/home/edt/Documents/lunabotics_ros_ws/install/interfaces_pkg/lib/python3.9/site-packages/interfaces_pkg/interfaces_pkg_s__rosidl_typesupport_c.cpython-38-aarch64-linux-gnu.so
-- Set runtime path of "/ssd/home/edt/Documents/lunabotics_ros_ws/install/interfaces_pkg/lib/python3.9/site-packages/interfaces_pkg/interfaces_pkg_s__rosidl_typesupport_c.cpython-38-aarch64-linux-gnu.so" to ""
-- Installing: /ssd/home/edt/Documents/lunabotics_ros_ws/install/interfaces_pkg/lib/libinterfaces_pkg__rosidl_generator_py.so
-- Set runtime path of "/ssd/home/edt/Documents/lunabotics_ros_ws/install/interfaces_pkg/lib/libinterfaces_pkg__rosidl_generator_py.so" to ""
-- Installing: /ssd/home/edt/Documents/lunabotics_ros_ws/install/interfaces_pkg/share/interfaces_pkg/msg/DutyCycleOutput.idl
-- Installing: /ssd/home/edt/Documents/lunabotics_ros_ws/install/interfaces_pkg/share/interfaces_pkg/msg/DutyCycleOutput.msg
-- Installing: /ssd/home/edt/Documents/lunabotics_ros_ws/install/interfaces_pkg/share/ament_index/resource_index/package_run_dependencies/interfaces_pkg
-- Installing: /ssd/home/edt/Documents/lunabotics_ros_ws/install/interfaces_pkg/share/ament_index/resource_index/parent_prefix_path/interfaces_pkg
-- Installing: /ssd/home/edt/Documents/lunabotics_ros_ws/install/interfaces_pkg/share/interfaces_pkg/environment/ament_prefix_path.sh
-- Installing: /ssd/home/edt/Documents/lunabotics_ros_ws/install/interfaces_pkg/share/interfaces_pkg/environment/ament_prefix_path.dsv
-- Installing: /ssd/home/edt/Documents/lunabotics_ros_ws/install/interfaces_pkg/share/interfaces_pkg/environment/path.sh
-- Installing: /ssd/home/edt/Documents/lunabotics_ros_ws/install/interfaces_pkg/share/interfaces_pkg/environment/path.dsv
-- Installing: /ssd/home/edt/Documents/lunabotics_ros_ws/install/interfaces_pkg/share/interfaces_pkg/local_setup.bash
-- Installing: /ssd/home/edt/Documents/lunabotics_ros_ws/install/interfaces_pkg/share/interfaces_pkg/local_setup.sh
-- Installing: /ssd/home/edt/Documents/lunabotics_ros_ws/install/interfaces_pkg/share/interfaces_pkg/local_setup.zsh
-- Installing: /ssd/home/edt/Documents/lunabotics_ros_ws/install/interfaces_pkg/share/interfaces_pkg/local_setup.dsv
-- Installing: /ssd/home/edt/Documents/lunabotics_ros_ws/install/interfaces_pkg/share/interfaces_pkg/package.dsv
-- Installing: /ssd/home/edt/Documents/lunabotics_ros_ws/install/interfaces_pkg/share/ament_index/resource_index/packages/interfaces_pkg
-- Installing: /ssd/home/edt/Documents/lunabotics_ros_ws/install/interfaces_pkg/share/interfaces_pkg/cmake/export_interfaces_pkg__rosidl_generator_cExport.cmake
-- Installing: /ssd/home/edt/Documents/lunabotics_ros_ws/install/interfaces_pkg/share/interfaces_pkg/cmake/export_interfaces_pkg__rosidl_generator_cExport-noconfig.cmake
-- Installing: /ssd/home/edt/Documents/lunabotics_ros_ws/install/interfaces_pkg/share/interfaces_pkg/cmake/export_interfaces_pkg__rosidl_typesupport_fastrtps_cExport.cmake
-- Installing: /ssd/home/edt/Documents/lunabotics_ros_ws/install/interfaces_pkg/share/interfaces_pkg/cmake/export_interfaces_pkg__rosidl_typesupport_fastrtps_cExport-noconfig.cmake
-- Installing: /ssd/home/edt/Documents/lunabotics_ros_ws/install/interfaces_pkg/share/interfaces_pkg/cmake/interfaces_pkg__rosidl_typesupport_introspection_cExport.cmake
-- Installing: /ssd/home/edt/Documents/lunabotics_ros_ws/install/interfaces_pkg/share/interfaces_pkg/cmake/interfaces_pkg__rosidl_typesupport_introspection_cExport-noconfig.cmake
-- Installing: /ssd/home/edt/Documents/lunabotics_ros_ws/install/interfaces_pkg/share/interfaces_pkg/cmake/interfaces_pkg__rosidl_typesupport_cExport.cmake
-- Installing: /ssd/home/edt/Documents/lunabotics_ros_ws/install/interfaces_pkg/share/interfaces_pkg/cmake/interfaces_pkg__rosidl_typesupport_cExport-noconfig.cmake
-- Installing: /ssd/home/edt/Documents/lunabotics_ros_ws/install/interfaces_pkg/share/interfaces_pkg/cmake/export_interfaces_pkg__rosidl_generator_cppExport.cmake
-- Installing: /ssd/home/edt/Documents/lunabotics_ros_ws/install/interfaces_pkg/share/interfaces_pkg/cmake/export_interfaces_pkg__rosidl_typesupport_fastrtps_cppExport.cmake
-- Installing: /ssd/home/edt/Documents/lunabotics_ros_ws/install/interfaces_pkg/share/interfaces_pkg/cmake/export_interfaces_pkg__rosidl_typesupport_fastrtps_cppExport-noconfig.cmake
-- Installing: /ssd/home/edt/Documents/lunabotics_ros_ws/install/interfaces_pkg/share/interfaces_pkg/cmake/interfaces_pkg__rosidl_typesupport_introspection_cppExport.cmake
-- Installing: /ssd/home/edt/Documents/lunabotics_ros_ws/install/interfaces_pkg/share/interfaces_pkg/cmake/interfaces_pkg__rosidl_typesupport_introspection_cppExport-noconfig.cmake
-- Installing: /ssd/home/edt/Documents/lunabotics_ros_ws/install/interfaces_pkg/share/interfaces_pkg/cmake/interfaces_pkg__rosidl_typesupport_cppExport.cmake
-- Installing: /ssd/home/edt/Documents/lunabotics_ros_ws/install/interfaces_pkg/share/interfaces_pkg/cmake/interfaces_pkg__rosidl_typesupport_cppExport-noconfig.cmake
-- Installing: /ssd/home/edt/Documents/lunabotics_ros_ws/install/interfaces_pkg/share/interfaces_pkg/cmake/export_interfaces_pkg__rosidl_generator_pyExport.cmake
-- Installing: /ssd/home/edt/Documents/lunabotics_ros_ws/install/interfaces_pkg/share/interfaces_pkg/cmake/export_interfaces_pkg__rosidl_generator_pyExport-noconfig.cmake
-- Installing: /ssd/home/edt/Documents/lunabotics_ros_ws/install/interfaces_pkg/share/interfaces_pkg/cmake/rosidl_cmake-extras.cmake
-- Installing: /ssd/home/edt/Documents/lunabotics_ros_ws/install/interfaces_pkg/share/interfaces_pkg/cmake/ament_cmake_export_include_directories-extras.cmake
-- Installing: /ssd/home/edt/Documents/lunabotics_ros_ws/install/interfaces_pkg/share/interfaces_pkg/cmake/ament_cmake_export_libraries-extras.cmake
-- Installing: /ssd/home/edt/Documents/lunabotics_ros_ws/install/interfaces_pkg/share/interfaces_pkg/cmake/ament_cmake_export_targets-extras.cmake
-- Installing: /ssd/home/edt/Documents/lunabotics_ros_ws/install/interfaces_pkg/share/interfaces_pkg/cmake/rosidl_cmake_export_typesupport_targets-extras.cmake
-- Installing: /ssd/home/edt/Documents/lunabotics_ros_ws/install/interfaces_pkg/share/interfaces_pkg/cmake/ament_cmake_export_dependencies-extras.cmake
-- Installing: /ssd/home/edt/Documents/lunabotics_ros_ws/install/interfaces_pkg/share/interfaces_pkg/cmake/rosidl_cmake_export_typesupport_libraries-extras.cmake
-- Installing: /ssd/home/edt/Documents/lunabotics_ros_ws/install/interfaces_pkg/share/interfaces_pkg/cmake/interfaces_pkgConfig.cmake
-- Installing: /ssd/home/edt/Documents/lunabotics_ros_ws/install/interfaces_pkg/share/interfaces_pkg/cmake/interfaces_pkgConfig-version.cmake
-- Installing: /ssd/home/edt/Documents/lunabotics_ros_ws/install/interfaces_pkg/share/interfaces_pkg/package.xml
