running egg_info
writing ../../build/brain_pkg/brain_pkg.egg-info/PKG-INFO
writing dependency_links to ../../build/brain_pkg/brain_pkg.egg-info/dependency_links.txt
writing entry points to ../../build/brain_pkg/brain_pkg.egg-info/entry_points.txt
writing requirements to ../../build/brain_pkg/brain_pkg.egg-info/requires.txt
writing top-level names to ../../build/brain_pkg/brain_pkg.egg-info/top_level.txt
reading manifest file '../../build/brain_pkg/brain_pkg.egg-info/SOURCES.txt'
writing manifest file '../../build/brain_pkg/brain_pkg.egg-info/SOURCES.txt'
running build
running build_py
copying brain_pkg/brain.py -> /ssd/home/edt/Documents/lunabotics_ros_ws/build/brain_pkg/build/lib/brain_pkg
running install
running install_lib
copying /ssd/home/edt/Documents/lunabotics_ros_ws/build/brain_pkg/build/lib/brain_pkg/brain.py -> /ssd/home/edt/Documents/lunabotics_ros_ws/install/brain_pkg/lib/python3.8/site-packages/brain_pkg
byte-compiling /ssd/home/edt/Documents/lunabotics_ros_ws/install/brain_pkg/lib/python3.8/site-packages/brain_pkg/brain.py to brain.cpython-38.pyc
running install_data
copying package.xml -> /ssd/home/edt/Documents/lunabotics_ros_ws/install/brain_pkg/share/brain_pkg
running install_egg_info
removing '/ssd/home/edt/Documents/lunabotics_ros_ws/install/brain_pkg/lib/python3.8/site-packages/brain_pkg-0.0.0-py3.8.egg-info' (and everything under it)
Copying ../../build/brain_pkg/brain_pkg.egg-info to /ssd/home/edt/Documents/lunabotics_ros_ws/install/brain_pkg/lib/python3.8/site-packages/brain_pkg-0.0.0-py3.8.egg-info
running install_scripts
Installing brain script to /ssd/home/edt/Documents/lunabotics_ros_ws/install/brain_pkg/lib/brain_pkg
writing list of installed files to '/ssd/home/edt/Documents/lunabotics_ros_ws/build/brain_pkg/install.log'
