[1.281s] Invoking command in '/ssd/home/edt/Documents/lunabotics_ros_ws/src/brain_pkg': AMENT_PREFIX_PATH=/ssd/home/edt/Documents/lunabotics_ros_ws/install/interfaces_pkg CMAKE_PREFIX_PATH=/ssd/home/edt/Documents/lunabotics_ros_ws/install/interfaces_pkg LD_LIBRARY_PATH=/ssd/home/edt/Documents/lunabotics_ros_ws/install/interfaces_pkg/lib PYTHONPATH=/ssd/home/edt/Documents/lunabotics_ros_ws/build/brain_pkg/prefix_override:/usr/lib/python3/dist-packages/colcon_core/task/python/colcon_distutils_commands:/ssd/home/edt/Documents/lunabotics_ros_ws/install/brain_pkg/lib/python3.8/site-packages:/ssd/home/edt/Documents/lunabotics_ros_ws/install/interfaces_pkg/lib/python3.9/site-packages /usr/bin/python3 -W ignore:setup.py install is deprecated -W ignore:easy_install command is deprecated setup.py egg_info --egg-base ../../build/brain_pkg build --build-base /ssd/home/edt/Documents/lunabotics_ros_ws/build/brain_pkg/build install --record /ssd/home/edt/Documents/lunabotics_ros_ws/build/brain_pkg/install.log --single-version-externally-managed install_data
[1.666s] running egg_info
[1.666s] writing ../../build/brain_pkg/brain_pkg.egg-info/PKG-INFO
[1.667s] writing dependency_links to ../../build/brain_pkg/brain_pkg.egg-info/dependency_links.txt
[1.667s] writing entry points to ../../build/brain_pkg/brain_pkg.egg-info/entry_points.txt
[1.668s] writing requirements to ../../build/brain_pkg/brain_pkg.egg-info/requires.txt
[1.668s] writing top-level names to ../../build/brain_pkg/brain_pkg.egg-info/top_level.txt
[1.735s] reading manifest file '../../build/brain_pkg/brain_pkg.egg-info/SOURCES.txt'
[1.736s] writing manifest file '../../build/brain_pkg/brain_pkg.egg-info/SOURCES.txt'
[1.736s] running build
[1.736s] running build_py
[1.737s] copying brain_pkg/brain.py -> /ssd/home/edt/Documents/lunabotics_ros_ws/build/brain_pkg/build/lib/brain_pkg
[1.737s] running install
[1.739s] running install_lib
[1.741s] copying /ssd/home/edt/Documents/lunabotics_ros_ws/build/brain_pkg/build/lib/brain_pkg/brain.py -> /ssd/home/edt/Documents/lunabotics_ros_ws/install/brain_pkg/lib/python3.8/site-packages/brain_pkg
[1.742s] byte-compiling /ssd/home/edt/Documents/lunabotics_ros_ws/install/brain_pkg/lib/python3.8/site-packages/brain_pkg/brain.py to brain.cpython-38.pyc
[1.746s] running install_data
[1.746s] copying package.xml -> /ssd/home/edt/Documents/lunabotics_ros_ws/install/brain_pkg/share/brain_pkg
[1.747s] running install_egg_info
[1.750s] removing '/ssd/home/edt/Documents/lunabotics_ros_ws/install/brain_pkg/lib/python3.8/site-packages/brain_pkg-0.0.0-py3.8.egg-info' (and everything under it)
[1.751s] Copying ../../build/brain_pkg/brain_pkg.egg-info to /ssd/home/edt/Documents/lunabotics_ros_ws/install/brain_pkg/lib/python3.8/site-packages/brain_pkg-0.0.0-py3.8.egg-info
[1.753s] running install_scripts
[1.791s] Installing brain script to /ssd/home/edt/Documents/lunabotics_ros_ws/install/brain_pkg/lib/brain_pkg
[1.792s] writing list of installed files to '/ssd/home/edt/Documents/lunabotics_ros_ws/build/brain_pkg/install.log'
[1.873s] Invoked command in '/ssd/home/edt/Documents/lunabotics_ros_ws/src/brain_pkg' returned '0': AMENT_PREFIX_PATH=/ssd/home/edt/Documents/lunabotics_ros_ws/install/interfaces_pkg CMAKE_PREFIX_PATH=/ssd/home/edt/Documents/lunabotics_ros_ws/install/interfaces_pkg LD_LIBRARY_PATH=/ssd/home/edt/Documents/lunabotics_ros_ws/install/interfaces_pkg/lib PYTHONPATH=/ssd/home/edt/Documents/lunabotics_ros_ws/build/brain_pkg/prefix_override:/usr/lib/python3/dist-packages/colcon_core/task/python/colcon_distutils_commands:/ssd/home/edt/Documents/lunabotics_ros_ws/install/brain_pkg/lib/python3.8/site-packages:/ssd/home/edt/Documents/lunabotics_ros_ws/install/interfaces_pkg/lib/python3.9/site-packages /usr/bin/python3 -W ignore:setup.py install is deprecated -W ignore:easy_install command is deprecated setup.py egg_info --egg-base ../../build/brain_pkg build --build-base /ssd/home/edt/Documents/lunabotics_ros_ws/build/brain_pkg/build install --record /ssd/home/edt/Documents/lunabotics_ros_ws/build/brain_pkg/install.log --single-version-externally-managed install_data
