[0.022s] Invoking command in '/home/catherineschuch/lunabotics_ros2_ws/build/navigation_pkg': CMAKE_PREFIX_PATH=${CMAKE_PREFIX_PATH}:/opt/ros/humble /usr/bin/cmake /home/catherineschuch/lunabotics_ros2_ws/src/navigation_pkg -DCMAKE_INSTALL_PREFIX=/home/catherineschuch/lunabotics_ros2_ws/install/navigation_pkg
[0.349s] -- The C compiler identification is GNU 11.4.0
[1.028s] -- The CXX compiler identification is GNU 11.4.0
[1.453s] -- Detecting C compiler ABI info
[1.652s] -- Detecting C compiler ABI info - done
[1.660s] -- Check for working C compiler: /usr/bin/cc - skipped
[1.661s] -- Detecting C compile features
[1.661s] -- Detecting C compile features - done
[1.666s] -- Detecting CXX compiler ABI info
[1.879s] -- Detecting CXX compiler ABI info - done
[1.890s] -- Check for working CXX compiler: /usr/bin/c++ - skipped
[1.890s] -- Detecting CXX compile features
[1.891s] -- Detecting CXX compile features - done
[1.898s] -- Found ament_cmake: 1.3.11 (/opt/ros/humble/share/ament_cmake/cmake)
[2.066s] -- Found Python3: /usr/bin/python3 (found version "3.10.12") found components: Interpreter 
[2.185s] -- Found ament_lint_auto: 0.12.11 (/opt/ros/humble/share/ament_lint_auto/cmake)
[2.275s] -- Added test 'lint_cmake' to check CMake code style
[2.277s] -- Added test 'xmllint' to check XML markup files
[2.280s] -- Configuring done
[2.283s] -- Generating done
[2.284s] -- Build files have been written to: /home/catherineschuch/lunabotics_ros2_ws/build/navigation_pkg
[2.290s] Invoked command in '/home/catherineschuch/lunabotics_ros2_ws/build/navigation_pkg' returned '0': CMAKE_PREFIX_PATH=${CMAKE_PREFIX_PATH}:/opt/ros/humble /usr/bin/cmake /home/catherineschuch/lunabotics_ros2_ws/src/navigation_pkg -DCMAKE_INSTALL_PREFIX=/home/catherineschuch/lunabotics_ros2_ws/install/navigation_pkg
[2.291s] Invoking command in '/home/catherineschuch/lunabotics_ros2_ws/build/navigation_pkg': CMAKE_PREFIX_PATH=${CMAKE_PREFIX_PATH}:/opt/ros/humble /usr/bin/cmake --build /home/catherineschuch/lunabotics_ros2_ws/build/navigation_pkg -- -j16 -l16
[2.323s] Invoked command in '/home/catherineschuch/lunabotics_ros2_ws/build/navigation_pkg' returned '0': CMAKE_PREFIX_PATH=${CMAKE_PREFIX_PATH}:/opt/ros/humble /usr/bin/cmake --build /home/catherineschuch/lunabotics_ros2_ws/build/navigation_pkg -- -j16 -l16
[2.332s] Invoking command in '/home/catherineschuch/lunabotics_ros2_ws/build/navigation_pkg': CMAKE_PREFIX_PATH=${CMAKE_PREFIX_PATH}:/opt/ros/humble /usr/bin/cmake --install /home/catherineschuch/lunabotics_ros2_ws/build/navigation_pkg
[2.338s] -- Install configuration: ""
[2.338s] -- Installing: /home/catherineschuch/lunabotics_ros2_ws/install/navigation_pkg/share/ament_index/resource_index/package_run_dependencies/navigation_pkg
[2.339s] -- Installing: /home/catherineschuch/lunabotics_ros2_ws/install/navigation_pkg/share/ament_index/resource_index/parent_prefix_path/navigation_pkg
[2.339s] -- Installing: /home/catherineschuch/lunabotics_ros2_ws/install/navigation_pkg/share/navigation_pkg/environment/ament_prefix_path.sh
[2.339s] -- Installing: /home/catherineschuch/lunabotics_ros2_ws/install/navigation_pkg/share/navigation_pkg/environment/ament_prefix_path.dsv
[2.340s] -- Installing: /home/catherineschuch/lunabotics_ros2_ws/install/navigation_pkg/share/navigation_pkg/environment/path.sh
[2.340s] -- Installing: /home/catherineschuch/lunabotics_ros2_ws/install/navigation_pkg/share/navigation_pkg/environment/path.dsv
[2.340s] -- Installing: /home/catherineschuch/lunabotics_ros2_ws/install/navigation_pkg/share/navigation_pkg/local_setup.bash
[2.340s] -- Installing: /home/catherineschuch/lunabotics_ros2_ws/install/navigation_pkg/share/navigation_pkg/local_setup.sh
[2.340s] -- Installing: /home/catherineschuch/lunabotics_ros2_ws/install/navigation_pkg/share/navigation_pkg/local_setup.zsh
[2.341s] -- Installing: /home/catherineschuch/lunabotics_ros2_ws/install/navigation_pkg/share/navigation_pkg/local_setup.dsv
[2.341s] -- Installing: /home/catherineschuch/lunabotics_ros2_ws/install/navigation_pkg/share/navigation_pkg/package.dsv
[2.341s] -- Installing: /home/catherineschuch/lunabotics_ros2_ws/install/navigation_pkg/share/ament_index/resource_index/packages/navigation_pkg
[2.342s] -- Installing: /home/catherineschuch/lunabotics_ros2_ws/install/navigation_pkg/share/navigation_pkg/cmake/navigation_pkgConfig.cmake
[2.342s] -- Installing: /home/catherineschuch/lunabotics_ros2_ws/install/navigation_pkg/share/navigation_pkg/cmake/navigation_pkgConfig-version.cmake
[2.342s] -- Installing: /home/catherineschuch/lunabotics_ros2_ws/install/navigation_pkg/share/navigation_pkg/package.xml
[2.343s] Invoked command in '/home/catherineschuch/lunabotics_ros2_ws/build/navigation_pkg' returned '0': CMAKE_PREFIX_PATH=${CMAKE_PREFIX_PATH}:/opt/ros/humble /usr/bin/cmake --install /home/catherineschuch/lunabotics_ros2_ws/build/navigation_pkg
